ARM GAS  C:\WINDOWS\cc96MQcc.s 			page 1


   1              		.cpu cortex-m3
   2              		.arch armv7-m
   3              		.fpu softvfp
   4              		.eabi_attribute 20, 1
   5              		.eabi_attribute 21, 1
   6              		.eabi_attribute 23, 3
   7              		.eabi_attribute 24, 1
   8              		.eabi_attribute 25, 1
   9              		.eabi_attribute 26, 1
  10              		.eabi_attribute 30, 1
  11              		.eabi_attribute 34, 1
  12              		.eabi_attribute 18, 4
  13              		.file	"adc_driver.c"
  14              		.text
  15              	.Ltext0:
  16              		.cfi_sections	.debug_frame
  17              		.section	.text.adc_msp_init,"ax",%progbits
  18              		.align	1
  19              		.syntax unified
  20              		.thumb
  21              		.thumb_func
  23              	adc_msp_init:
  24              	.LFB65:
  25              		.file 1 "src/adc_driver.c"
   1:src/adc_driver.c **** /**
   2:src/adc_driver.c ****  * @file    adc_driver.c
   3:src/adc_driver.c ****  * @brief   ADC waveform acquisition driver using STM32 HAL.
   4:src/adc_driver.c ****  *          Degrades gracefully if ADC is unavailable (HAS_ADC=0).
   5:src/adc_driver.c ****  */
   6:src/adc_driver.c **** 
   7:src/adc_driver.c **** #include "adc_api.h"
   8:src/adc_driver.c **** #include "device_api.h"
   9:src/adc_driver.c **** #include "device_config.h"
  10:src/adc_driver.c **** #include <string.h>
  11:src/adc_driver.c **** 
  12:src/adc_driver.c **** #if HAS_ADC
  13:src/adc_driver.c **** #if defined(STM32F103xB)
  14:src/adc_driver.c **** #include "stm32f1xx_hal.h"
  15:src/adc_driver.c **** #include "stm32f1xx_hal_adc.h"
  16:src/adc_driver.c **** #include "stm32f1xx_hal_dma.h"
  17:src/adc_driver.c **** #elif defined(STM32F407xx)
  18:src/adc_driver.c **** #include "stm32f4xx_hal.h"
  19:src/adc_driver.c **** #include "stm32f4xx_hal_adc.h"
  20:src/adc_driver.c **** #include "stm32f4xx_hal_dma.h"
  21:src/adc_driver.c **** #endif
  22:src/adc_driver.c **** #endif
  23:src/adc_driver.c **** 
  24:src/adc_driver.c **** /*============================================================================
  25:src/adc_driver.c ****  * Internal State
  26:src/adc_driver.c ****  *============================================================================*/
  27:src/adc_driver.c **** 
  28:src/adc_driver.c **** #if HAS_ADC
  29:src/adc_driver.c **** static ADC_HandleTypeDef   g_adc_handle;
  30:src/adc_driver.c **** static DMA_HandleTypeDef   g_adc_dma_handle;
  31:src/adc_driver.c **** #endif
  32:src/adc_driver.c **** 
  33:src/adc_driver.c **** static adc_config_t        g_adc_config;
ARM GAS  C:\WINDOWS\cc96MQcc.s 			page 2


  34:src/adc_driver.c **** static uint8_t             g_adc_initialized = 0;
  35:src/adc_driver.c **** static uint8_t             g_adc_sampling    = 0;
  36:src/adc_driver.c **** 
  37:src/adc_driver.c **** static adc_data_ready_callback_t g_adc_callback = NULL;
  38:src/adc_driver.c **** 
  39:src/adc_driver.c **** /* Sample buffer (circular, filled by DMA) */
  40:src/adc_driver.c **** static uint16_t g_adc_buffer[ADC_SAMPLE_BUF_SIZE];
  41:src/adc_driver.c **** 
  42:src/adc_driver.c **** /*============================================================================
  43:src/adc_driver.c ****  * MSP Initialization
  44:src/adc_driver.c ****  *============================================================================*/
  45:src/adc_driver.c **** 
  46:src/adc_driver.c **** #if HAS_ADC
  47:src/adc_driver.c **** static void adc_msp_init(void)
  48:src/adc_driver.c **** {
  26              		.loc 1 48 1 view -0
  27              		.cfi_startproc
  28              		@ args = 0, pretend = 0, frame = 32
  29              		@ frame_needed = 0, uses_anonymous_args = 0
  30 0000 30B5     		push	{r4, r5, lr}
  31              	.LCFI0:
  32              		.cfi_def_cfa_offset 12
  33              		.cfi_offset 4, -12
  34              		.cfi_offset 5, -8
  35              		.cfi_offset 14, -4
  36 0002 89B0     		sub	sp, sp, #36
  37              	.LCFI1:
  38              		.cfi_def_cfa_offset 48
  49:src/adc_driver.c ****     ADC_PERIPH_CLK_ENABLE();
  39              		.loc 1 49 5 view .LVU1
  40              	.LBB2:
  41              		.loc 1 49 5 view .LVU2
  42              		.loc 1 49 5 view .LVU3
  43 0004 214C     		ldr	r4, .L3
  44 0006 A369     		ldr	r3, [r4, #24]
  45 0008 43F40073 		orr	r3, r3, #512
  46 000c A361     		str	r3, [r4, #24]
  47              		.loc 1 49 5 view .LVU4
  48 000e A369     		ldr	r3, [r4, #24]
  49 0010 03F40073 		and	r3, r3, #512
  50 0014 0193     		str	r3, [sp, #4]
  51              		.loc 1 49 5 view .LVU5
  52 0016 019B     		ldr	r3, [sp, #4]
  53              	.LBE2:
  54              		.loc 1 49 5 view .LVU6
  50:src/adc_driver.c ****     ADC_GPIO_CLK_ENABLE();
  55              		.loc 1 50 5 view .LVU7
  56              	.LBB3:
  57              		.loc 1 50 5 view .LVU8
  58              		.loc 1 50 5 view .LVU9
  59 0018 A369     		ldr	r3, [r4, #24]
  60 001a 43F00403 		orr	r3, r3, #4
  61 001e A361     		str	r3, [r4, #24]
  62              		.loc 1 50 5 view .LVU10
  63 0020 A369     		ldr	r3, [r4, #24]
  64 0022 03F00403 		and	r3, r3, #4
  65 0026 0293     		str	r3, [sp, #8]
ARM GAS  C:\WINDOWS\cc96MQcc.s 			page 3


  66              		.loc 1 50 5 view .LVU11
  67 0028 029B     		ldr	r3, [sp, #8]
  68              	.LBE3:
  69              		.loc 1 50 5 view .LVU12
  51:src/adc_driver.c **** 
  52:src/adc_driver.c ****     /* Configure ADC input pin as analog */
  53:src/adc_driver.c ****     GPIO_InitTypeDef gpio = {0};
  70              		.loc 1 53 5 view .LVU13
  71              		.loc 1 53 22 is_stmt 0 view .LVU14
  72 002a 0025     		movs	r5, #0
  73 002c 0495     		str	r5, [sp, #16]
  74 002e 0595     		str	r5, [sp, #20]
  75 0030 0695     		str	r5, [sp, #24]
  76 0032 0795     		str	r5, [sp, #28]
  54:src/adc_driver.c ****     gpio.Mode  = GPIO_MODE_ANALOG;
  77              		.loc 1 54 5 is_stmt 1 view .LVU15
  78              		.loc 1 54 16 is_stmt 0 view .LVU16
  79 0034 0323     		movs	r3, #3
  80 0036 0593     		str	r3, [sp, #20]
  55:src/adc_driver.c ****     gpio.Pull  = GPIO_NOPULL;
  81              		.loc 1 55 5 is_stmt 1 view .LVU17
  56:src/adc_driver.c ****     gpio.Pin   = GPIO_PIN_0; /* ADC_CAN_MONITOR_CHANNEL → PA0 */
  82              		.loc 1 56 5 view .LVU18
  83              		.loc 1 56 16 is_stmt 0 view .LVU19
  84 0038 0123     		movs	r3, #1
  85 003a 0493     		str	r3, [sp, #16]
  57:src/adc_driver.c ****     HAL_GPIO_Init(GPIOA, &gpio);
  86              		.loc 1 57 5 is_stmt 1 view .LVU20
  87 003c 04A9     		add	r1, sp, #16
  88 003e 1448     		ldr	r0, .L3+4
  89 0040 FFF7FEFF 		bl	HAL_GPIO_Init
  90              	.LVL0:
  58:src/adc_driver.c **** 
  59:src/adc_driver.c ****     /* DMA for ADC (DMA2 Stream0 / DMA1 Channel1 depending on MCU) */
  60:src/adc_driver.c **** #if defined(STM32F103xB)
  61:src/adc_driver.c ****     __HAL_RCC_DMA1_CLK_ENABLE();
  91              		.loc 1 61 5 view .LVU21
  92              	.LBB4:
  93              		.loc 1 61 5 view .LVU22
  94              		.loc 1 61 5 view .LVU23
  95 0044 6369     		ldr	r3, [r4, #20]
  96 0046 43F00103 		orr	r3, r3, #1
  97 004a 6361     		str	r3, [r4, #20]
  98              		.loc 1 61 5 view .LVU24
  99 004c 6369     		ldr	r3, [r4, #20]
 100 004e 03F00103 		and	r3, r3, #1
 101 0052 0393     		str	r3, [sp, #12]
 102              		.loc 1 61 5 view .LVU25
 103 0054 039B     		ldr	r3, [sp, #12]
 104              	.LBE4:
 105              		.loc 1 61 5 view .LVU26
  62:src/adc_driver.c ****     g_adc_dma_handle.Instance = DMA1_Channel1;
 106              		.loc 1 62 5 view .LVU27
 107              		.loc 1 62 31 is_stmt 0 view .LVU28
 108 0056 0F4C     		ldr	r4, .L3+8
 109 0058 0F4B     		ldr	r3, .L3+12
 110 005a 2360     		str	r3, [r4]
ARM GAS  C:\WINDOWS\cc96MQcc.s 			page 4


  63:src/adc_driver.c **** #elif defined(STM32F407xx)
  64:src/adc_driver.c ****     __HAL_RCC_DMA2_CLK_ENABLE();
  65:src/adc_driver.c ****     g_adc_dma_handle.Instance = DMA2_Stream0;
  66:src/adc_driver.c ****     g_adc_dma_handle.Init.Channel = DMA_CHANNEL_0;
  67:src/adc_driver.c **** #endif
  68:src/adc_driver.c **** 
  69:src/adc_driver.c ****     g_adc_dma_handle.Init.Direction           = DMA_PERIPH_TO_MEMORY;
 111              		.loc 1 69 5 is_stmt 1 view .LVU29
 112              		.loc 1 69 47 is_stmt 0 view .LVU30
 113 005c 6560     		str	r5, [r4, #4]
  70:src/adc_driver.c ****     g_adc_dma_handle.Init.PeriphInc           = DMA_PINC_DISABLE;
 114              		.loc 1 70 5 is_stmt 1 view .LVU31
 115              		.loc 1 70 47 is_stmt 0 view .LVU32
 116 005e A560     		str	r5, [r4, #8]
  71:src/adc_driver.c ****     g_adc_dma_handle.Init.MemInc              = DMA_MINC_ENABLE;
 117              		.loc 1 71 5 is_stmt 1 view .LVU33
 118              		.loc 1 71 47 is_stmt 0 view .LVU34
 119 0060 8023     		movs	r3, #128
 120 0062 E360     		str	r3, [r4, #12]
  72:src/adc_driver.c ****     g_adc_dma_handle.Init.PeriphDataAlignment = DMA_PDATAALIGN_HALFWORD;
 121              		.loc 1 72 5 is_stmt 1 view .LVU35
 122              		.loc 1 72 47 is_stmt 0 view .LVU36
 123 0064 4FF48073 		mov	r3, #256
 124 0068 2361     		str	r3, [r4, #16]
  73:src/adc_driver.c ****     g_adc_dma_handle.Init.MemDataAlignment    = DMA_MDATAALIGN_HALFWORD;
 125              		.loc 1 73 5 is_stmt 1 view .LVU37
 126              		.loc 1 73 47 is_stmt 0 view .LVU38
 127 006a 4FF48063 		mov	r3, #1024
 128 006e 6361     		str	r3, [r4, #20]
  74:src/adc_driver.c ****     g_adc_dma_handle.Init.Mode                = DMA_CIRCULAR;
 129              		.loc 1 74 5 is_stmt 1 view .LVU39
 130              		.loc 1 74 47 is_stmt 0 view .LVU40
 131 0070 2023     		movs	r3, #32
 132 0072 A361     		str	r3, [r4, #24]
  75:src/adc_driver.c ****     g_adc_dma_handle.Init.Priority            = DMA_PRIORITY_HIGH;
 133              		.loc 1 75 5 is_stmt 1 view .LVU41
 134              		.loc 1 75 47 is_stmt 0 view .LVU42
 135 0074 4FF40053 		mov	r3, #8192
 136 0078 E361     		str	r3, [r4, #28]
  76:src/adc_driver.c **** 
  77:src/adc_driver.c **** #if defined(STM32F407xx)
  78:src/adc_driver.c ****     g_adc_dma_handle.Init.FIFOMode            = DMA_FIFOMODE_DISABLE;
  79:src/adc_driver.c **** #endif
  80:src/adc_driver.c **** 
  81:src/adc_driver.c ****     HAL_DMA_Init(&g_adc_dma_handle);
 137              		.loc 1 81 5 is_stmt 1 view .LVU43
 138 007a 2046     		mov	r0, r4
 139 007c FFF7FEFF 		bl	HAL_DMA_Init
 140              	.LVL1:
  82:src/adc_driver.c ****     __HAL_LINKDMA(&g_adc_handle, DMA_Handle, g_adc_dma_handle);
 141              		.loc 1 82 5 view .LVU44
 142              		.loc 1 82 5 view .LVU45
 143 0080 064B     		ldr	r3, .L3+16
 144 0082 1C62     		str	r4, [r3, #32]
 145              		.loc 1 82 5 view .LVU46
 146 0084 6362     		str	r3, [r4, #36]
 147              		.loc 1 82 5 view .LVU47
ARM GAS  C:\WINDOWS\cc96MQcc.s 			page 5


  83:src/adc_driver.c **** }
 148              		.loc 1 83 1 is_stmt 0 view .LVU48
 149 0086 09B0     		add	sp, sp, #36
 150              	.LCFI2:
 151              		.cfi_def_cfa_offset 12
 152              		@ sp needed
 153 0088 30BD     		pop	{r4, r5, pc}
 154              	.L4:
 155 008a 00BF     		.align	2
 156              	.L3:
 157 008c 00100240 		.word	1073876992
 158 0090 00080140 		.word	1073809408
 159 0094 00000000 		.word	.LANCHOR0
 160 0098 08000240 		.word	1073872904
 161 009c 00000000 		.word	.LANCHOR1
 162              		.cfi_endproc
 163              	.LFE65:
 165              		.section	.text.adc_is_available,"ax",%progbits
 166              		.align	1
 167              		.global	adc_is_available
 168              		.syntax unified
 169              		.thumb
 170              		.thumb_func
 172              	adc_is_available:
 173              	.LFB66:
  84:src/adc_driver.c **** #endif
  85:src/adc_driver.c **** 
  86:src/adc_driver.c **** /*============================================================================
  87:src/adc_driver.c ****  * Public API Implementation
  88:src/adc_driver.c ****  *============================================================================*/
  89:src/adc_driver.c **** 
  90:src/adc_driver.c **** uint8_t adc_is_available(void)
  91:src/adc_driver.c **** {
 174              		.loc 1 91 1 is_stmt 1 view -0
 175              		.cfi_startproc
 176              		@ args = 0, pretend = 0, frame = 0
 177              		@ frame_needed = 0, uses_anonymous_args = 0
 178              		@ link register save eliminated.
  92:src/adc_driver.c **** #if HAS_ADC
  93:src/adc_driver.c ****     return 1;
 179              		.loc 1 93 5 view .LVU50
  94:src/adc_driver.c **** #else
  95:src/adc_driver.c ****     return 0;
  96:src/adc_driver.c **** #endif
  97:src/adc_driver.c **** }
 180              		.loc 1 97 1 is_stmt 0 view .LVU51
 181 0000 0120     		movs	r0, #1
 182 0002 7047     		bx	lr
 183              		.cfi_endproc
 184              	.LFE66:
 186              		.section	.text.adc_start_sampling,"ax",%progbits
 187              		.align	1
 188              		.global	adc_start_sampling
 189              		.syntax unified
 190              		.thumb
 191              		.thumb_func
 193              	adc_start_sampling:
ARM GAS  C:\WINDOWS\cc96MQcc.s 			page 6


 194              	.LFB69:
  98:src/adc_driver.c **** 
  99:src/adc_driver.c **** adc_status_t adc_init(const adc_config_t *config)
 100:src/adc_driver.c **** {
 101:src/adc_driver.c ****     if (!config) return ADC_ERR_PARAM;
 102:src/adc_driver.c **** 
 103:src/adc_driver.c **** #if !HAS_ADC
 104:src/adc_driver.c ****     (void)config;
 105:src/adc_driver.c ****     return ADC_ERR_NOT_AVAIL;
 106:src/adc_driver.c **** #else
 107:src/adc_driver.c ****     /* If already sampling, stop first */
 108:src/adc_driver.c ****     if (g_adc_sampling) {
 109:src/adc_driver.c ****         adc_stop_sampling();
 110:src/adc_driver.c ****     }
 111:src/adc_driver.c **** 
 112:src/adc_driver.c ****     /* Cap sample rate to max */
 113:src/adc_driver.c ****     uint32_t rate = config->sample_rate;
 114:src/adc_driver.c ****     if (rate > ADC_SAMPLING_RATE_MAX_HZ) rate = ADC_SAMPLING_RATE_MAX_HZ;
 115:src/adc_driver.c ****     if (rate == 0) rate = 100000; /* Default 100 kHz */
 116:src/adc_driver.c **** 
 117:src/adc_driver.c ****     /* Cap resolution */
 118:src/adc_driver.c ****     uint8_t res = config->resolution;
 119:src/adc_driver.c ****     if (res > ADC_RESOLUTION_BITS) res = ADC_RESOLUTION_BITS;
 120:src/adc_driver.c ****     if (res == 0) res = 12;
 121:src/adc_driver.c **** 
 122:src/adc_driver.c ****     /* Configure ADC — different init struct per MCU family */
 123:src/adc_driver.c ****     memset(&g_adc_handle, 0, sizeof(g_adc_handle));
 124:src/adc_driver.c ****     g_adc_handle.Instance = ADC_INSTANCE;
 125:src/adc_driver.c **** 
 126:src/adc_driver.c **** #if defined(STM32F103xB)
 127:src/adc_driver.c ****     g_adc_handle.Init.DataAlign             = ADC_DATAALIGN_RIGHT;
 128:src/adc_driver.c ****     g_adc_handle.Init.ScanConvMode          = ADC_SCAN_DISABLE;
 129:src/adc_driver.c ****     g_adc_handle.Init.ContinuousConvMode    = ENABLE;
 130:src/adc_driver.c ****     g_adc_handle.Init.NbrOfConversion       = 1;
 131:src/adc_driver.c ****     g_adc_handle.Init.DiscontinuousConvMode = DISABLE;
 132:src/adc_driver.c ****     g_adc_handle.Init.NbrOfDiscConversion   = 0;
 133:src/adc_driver.c ****     g_adc_handle.Init.ExternalTrigConv      = ADC_SOFTWARE_START;
 134:src/adc_driver.c **** #elif defined(STM32F407xx)
 135:src/adc_driver.c ****     g_adc_handle.Init.ClockPrescaler        = ADC_CLOCK_SYNC_PCLK_DIV4;
 136:src/adc_driver.c ****     g_adc_handle.Init.Resolution            = ADC_RESOLUTION_12B;
 137:src/adc_driver.c ****     g_adc_handle.Init.DataAlign             = ADC_DATAALIGN_RIGHT;
 138:src/adc_driver.c ****     g_adc_handle.Init.ScanConvMode          = DISABLE;
 139:src/adc_driver.c ****     g_adc_handle.Init.ContinuousConvMode    = ENABLE;
 140:src/adc_driver.c ****     g_adc_handle.Init.NbrOfConversion       = 1;
 141:src/adc_driver.c ****     g_adc_handle.Init.DiscontinuousConvMode = DISABLE;
 142:src/adc_driver.c ****     g_adc_handle.Init.ExternalTrigConvEdge  = ADC_EXTERNALTRIGCONVEDGE_NONE;
 143:src/adc_driver.c ****     g_adc_handle.Init.ExternalTrigConv      = ADC_SOFTWARE_START;
 144:src/adc_driver.c ****     g_adc_handle.Init.DMAContinuousRequests = ENABLE;
 145:src/adc_driver.c ****     g_adc_handle.Init.EOCSelection          = ADC_EOC_SINGLE_CONV;
 146:src/adc_driver.c **** #endif
 147:src/adc_driver.c **** 
 148:src/adc_driver.c ****     adc_msp_init();
 149:src/adc_driver.c **** 
 150:src/adc_driver.c ****     if (HAL_ADC_Init(&g_adc_handle) != HAL_OK) {
 151:src/adc_driver.c ****         return ADC_ERR_HW;
 152:src/adc_driver.c ****     }
 153:src/adc_driver.c **** 
ARM GAS  C:\WINDOWS\cc96MQcc.s 			page 7


 154:src/adc_driver.c ****     /* Configure channel */
 155:src/adc_driver.c ****     ADC_ChannelConfTypeDef ch_conf = {0};
 156:src/adc_driver.c ****     ch_conf.Channel      = ADC_CAN_MONITOR_CHANNEL;
 157:src/adc_driver.c ****     ch_conf.Rank         = ADC_REGULAR_RANK_1;
 158:src/adc_driver.c ****     ch_conf.SamplingTime = ADC_SAMPLETIME_1CYCLE_5;
 159:src/adc_driver.c **** 
 160:src/adc_driver.c ****     if (HAL_ADC_ConfigChannel(&g_adc_handle, &ch_conf) != HAL_OK) {
 161:src/adc_driver.c ****         return ADC_ERR_HW;
 162:src/adc_driver.c ****     }
 163:src/adc_driver.c **** 
 164:src/adc_driver.c ****     /* Save config */
 165:src/adc_driver.c ****     memcpy(&g_adc_config, config, sizeof(adc_config_t));
 166:src/adc_driver.c ****     g_adc_config.sample_rate = rate;
 167:src/adc_driver.c ****     g_adc_config.resolution  = res;
 168:src/adc_driver.c ****     g_adc_initialized = 1;
 169:src/adc_driver.c **** 
 170:src/adc_driver.c ****     return ADC_OK;
 171:src/adc_driver.c **** #endif
 172:src/adc_driver.c **** }
 173:src/adc_driver.c **** 
 174:src/adc_driver.c **** adc_status_t adc_deinit(void)
 175:src/adc_driver.c **** {
 176:src/adc_driver.c **** #if HAS_ADC
 177:src/adc_driver.c ****     if (g_adc_sampling) adc_stop_sampling();
 178:src/adc_driver.c ****     if (g_adc_initialized) {
 179:src/adc_driver.c ****         HAL_ADC_DeInit(&g_adc_handle);
 180:src/adc_driver.c ****         HAL_DMA_DeInit(&g_adc_dma_handle);
 181:src/adc_driver.c ****     }
 182:src/adc_driver.c **** #endif
 183:src/adc_driver.c ****     g_adc_initialized = 0;
 184:src/adc_driver.c ****     return ADC_OK;
 185:src/adc_driver.c **** }
 186:src/adc_driver.c **** 
 187:src/adc_driver.c **** adc_status_t adc_start_sampling(void)
 188:src/adc_driver.c **** {
 195              		.loc 1 188 1 is_stmt 1 view -0
 196              		.cfi_startproc
 197              		@ args = 0, pretend = 0, frame = 0
 198              		@ frame_needed = 0, uses_anonymous_args = 0
 199 0000 08B5     		push	{r3, lr}
 200              	.LCFI3:
 201              		.cfi_def_cfa_offset 8
 202              		.cfi_offset 3, -8
 203              		.cfi_offset 14, -4
 189:src/adc_driver.c **** #if !HAS_ADC
 190:src/adc_driver.c ****     return ADC_ERR_NOT_AVAIL;
 191:src/adc_driver.c **** #else
 192:src/adc_driver.c ****     if (!g_adc_initialized) return ADC_ERR_NOT_INIT;
 204              		.loc 1 192 5 view .LVU53
 205              		.loc 1 192 9 is_stmt 0 view .LVU54
 206 0002 0B4B     		ldr	r3, .L12
 207 0004 1B78     		ldrb	r3, [r3]	@ zero_extendqisi2
 208              		.loc 1 192 8 view .LVU55
 209 0006 7BB1     		cbz	r3, .L8
 193:src/adc_driver.c ****     if (g_adc_sampling) return ADC_OK; /* Already running */
 210              		.loc 1 193 5 is_stmt 1 view .LVU56
 211              		.loc 1 193 9 is_stmt 0 view .LVU57
ARM GAS  C:\WINDOWS\cc96MQcc.s 			page 8


 212 0008 0A4B     		ldr	r3, .L12+4
 213 000a 1B78     		ldrb	r3, [r3]	@ zero_extendqisi2
 214              		.loc 1 193 8 view .LVU58
 215 000c 0BB1     		cbz	r3, .L11
 216              		.loc 1 193 32 view .LVU59
 217 000e 0020     		movs	r0, #0
 218              	.L7:
 194:src/adc_driver.c **** 
 195:src/adc_driver.c ****     /* Start DMA */
 196:src/adc_driver.c ****     HAL_ADC_Start_DMA(&g_adc_handle,
 197:src/adc_driver.c ****                       (uint32_t *)g_adc_buffer,
 198:src/adc_driver.c ****                       ADC_SAMPLE_BUF_SIZE);
 199:src/adc_driver.c **** 
 200:src/adc_driver.c ****     g_adc_sampling = 1;
 201:src/adc_driver.c ****     return ADC_OK;
 202:src/adc_driver.c **** #endif
 203:src/adc_driver.c **** }
 219              		.loc 1 203 1 view .LVU60
 220 0010 08BD     		pop	{r3, pc}
 221              	.L11:
 196:src/adc_driver.c ****                       (uint32_t *)g_adc_buffer,
 222              		.loc 1 196 5 is_stmt 1 view .LVU61
 223 0012 4FF48062 		mov	r2, #1024
 224 0016 0849     		ldr	r1, .L12+8
 225 0018 0848     		ldr	r0, .L12+12
 226 001a FFF7FEFF 		bl	HAL_ADC_Start_DMA
 227              	.LVL2:
 200:src/adc_driver.c ****     return ADC_OK;
 228              		.loc 1 200 5 view .LVU62
 200:src/adc_driver.c ****     return ADC_OK;
 229              		.loc 1 200 20 is_stmt 0 view .LVU63
 230 001e 054B     		ldr	r3, .L12+4
 231 0020 0122     		movs	r2, #1
 232 0022 1A70     		strb	r2, [r3]
 201:src/adc_driver.c **** #endif
 233              		.loc 1 201 5 is_stmt 1 view .LVU64
 201:src/adc_driver.c **** #endif
 234              		.loc 1 201 12 is_stmt 0 view .LVU65
 235 0024 0020     		movs	r0, #0
 236 0026 F3E7     		b	.L7
 237              	.L8:
 192:src/adc_driver.c ****     if (g_adc_sampling) return ADC_OK; /* Already running */
 238              		.loc 1 192 36 view .LVU66
 239 0028 6FF00100 		mvn	r0, #1
 240 002c F0E7     		b	.L7
 241              	.L13:
 242 002e 00BF     		.align	2
 243              	.L12:
 244 0030 00000000 		.word	.LANCHOR2
 245 0034 00000000 		.word	.LANCHOR3
 246 0038 00000000 		.word	.LANCHOR4
 247 003c 00000000 		.word	.LANCHOR1
 248              		.cfi_endproc
 249              	.LFE69:
 251              		.section	.text.adc_stop_sampling,"ax",%progbits
 252              		.align	1
 253              		.global	adc_stop_sampling
ARM GAS  C:\WINDOWS\cc96MQcc.s 			page 9


 254              		.syntax unified
 255              		.thumb
 256              		.thumb_func
 258              	adc_stop_sampling:
 259              	.LFB70:
 204:src/adc_driver.c **** 
 205:src/adc_driver.c **** adc_status_t adc_stop_sampling(void)
 206:src/adc_driver.c **** {
 260              		.loc 1 206 1 is_stmt 1 view -0
 261              		.cfi_startproc
 262              		@ args = 0, pretend = 0, frame = 0
 263              		@ frame_needed = 0, uses_anonymous_args = 0
 264 0000 08B5     		push	{r3, lr}
 265              	.LCFI4:
 266              		.cfi_def_cfa_offset 8
 267              		.cfi_offset 3, -8
 268              		.cfi_offset 14, -4
 207:src/adc_driver.c **** #if !HAS_ADC
 208:src/adc_driver.c ****     return ADC_ERR_NOT_AVAIL;
 209:src/adc_driver.c **** #else
 210:src/adc_driver.c ****     if (!g_adc_sampling) return ADC_OK;
 269              		.loc 1 210 5 view .LVU68
 270              		.loc 1 210 9 is_stmt 0 view .LVU69
 271 0002 064B     		ldr	r3, .L18
 272 0004 1B78     		ldrb	r3, [r3]	@ zero_extendqisi2
 273              		.loc 1 210 8 view .LVU70
 274 0006 0BB9     		cbnz	r3, .L17
 275              	.L15:
 211:src/adc_driver.c **** 
 212:src/adc_driver.c ****     HAL_ADC_Stop_DMA(&g_adc_handle);
 213:src/adc_driver.c ****     g_adc_sampling = 0;
 214:src/adc_driver.c ****     return ADC_OK;
 215:src/adc_driver.c **** #endif
 216:src/adc_driver.c **** }
 276              		.loc 1 216 1 view .LVU71
 277 0008 0020     		movs	r0, #0
 278 000a 08BD     		pop	{r3, pc}
 279              	.L17:
 212:src/adc_driver.c ****     g_adc_sampling = 0;
 280              		.loc 1 212 5 is_stmt 1 view .LVU72
 281 000c 0448     		ldr	r0, .L18+4
 282 000e FFF7FEFF 		bl	HAL_ADC_Stop_DMA
 283              	.LVL3:
 213:src/adc_driver.c ****     return ADC_OK;
 284              		.loc 1 213 5 view .LVU73
 213:src/adc_driver.c ****     return ADC_OK;
 285              		.loc 1 213 20 is_stmt 0 view .LVU74
 286 0012 024B     		ldr	r3, .L18
 287 0014 0022     		movs	r2, #0
 288 0016 1A70     		strb	r2, [r3]
 214:src/adc_driver.c **** #endif
 289              		.loc 1 214 5 is_stmt 1 view .LVU75
 214:src/adc_driver.c **** #endif
 290              		.loc 1 214 12 is_stmt 0 view .LVU76
 291 0018 F6E7     		b	.L15
 292              	.L19:
 293 001a 00BF     		.align	2
ARM GAS  C:\WINDOWS\cc96MQcc.s 			page 10


 294              	.L18:
 295 001c 00000000 		.word	.LANCHOR3
 296 0020 00000000 		.word	.LANCHOR1
 297              		.cfi_endproc
 298              	.LFE70:
 300              		.section	.text.adc_init,"ax",%progbits
 301              		.align	1
 302              		.global	adc_init
 303              		.syntax unified
 304              		.thumb
 305              		.thumb_func
 307              	adc_init:
 308              	.LVL4:
 309              	.LFB67:
 100:src/adc_driver.c ****     if (!config) return ADC_ERR_PARAM;
 310              		.loc 1 100 1 is_stmt 1 view -0
 311              		.cfi_startproc
 312              		@ args = 0, pretend = 0, frame = 16
 313              		@ frame_needed = 0, uses_anonymous_args = 0
 101:src/adc_driver.c **** 
 314              		.loc 1 101 5 view .LVU78
 101:src/adc_driver.c **** 
 315              		.loc 1 101 8 is_stmt 0 view .LVU79
 316 0000 0028     		cmp	r0, #0
 317 0002 43D0     		beq	.L25
 100:src/adc_driver.c ****     if (!config) return ADC_ERR_PARAM;
 318              		.loc 1 100 1 view .LVU80
 319 0004 F0B5     		push	{r4, r5, r6, r7, lr}
 320              	.LCFI5:
 321              		.cfi_def_cfa_offset 20
 322              		.cfi_offset 4, -20
 323              		.cfi_offset 5, -16
 324              		.cfi_offset 6, -12
 325              		.cfi_offset 7, -8
 326              		.cfi_offset 14, -4
 327 0006 85B0     		sub	sp, sp, #20
 328              	.LCFI6:
 329              		.cfi_def_cfa_offset 40
 330 0008 0546     		mov	r5, r0
 108:src/adc_driver.c ****         adc_stop_sampling();
 331              		.loc 1 108 5 is_stmt 1 view .LVU81
 108:src/adc_driver.c ****         adc_stop_sampling();
 332              		.loc 1 108 9 is_stmt 0 view .LVU82
 333 000a 254B     		ldr	r3, .L37
 334 000c 1B78     		ldrb	r3, [r3]	@ zero_extendqisi2
 108:src/adc_driver.c ****         adc_stop_sampling();
 335              		.loc 1 108 8 view .LVU83
 336 000e 33B9     		cbnz	r3, .L36
 337              	.LVL5:
 338              	.L22:
 113:src/adc_driver.c ****     if (rate > ADC_SAMPLING_RATE_MAX_HZ) rate = ADC_SAMPLING_RATE_MAX_HZ;
 339              		.loc 1 113 5 is_stmt 1 view .LVU84
 113:src/adc_driver.c ****     if (rate > ADC_SAMPLING_RATE_MAX_HZ) rate = ADC_SAMPLING_RATE_MAX_HZ;
 340              		.loc 1 113 14 is_stmt 0 view .LVU85
 341 0010 2F68     		ldr	r7, [r5]
 342              	.LVL6:
 114:src/adc_driver.c ****     if (rate == 0) rate = 100000; /* Default 100 kHz */
ARM GAS  C:\WINDOWS\cc96MQcc.s 			page 11


 343              		.loc 1 114 5 is_stmt 1 view .LVU86
 114:src/adc_driver.c ****     if (rate == 0) rate = 100000; /* Default 100 kHz */
 344              		.loc 1 114 8 is_stmt 0 view .LVU87
 345 0012 244B     		ldr	r3, .L37+4
 346 0014 9F42     		cmp	r7, r3
 347 0016 05D8     		bhi	.L26
 115:src/adc_driver.c **** 
 348              		.loc 1 115 5 is_stmt 1 view .LVU88
 115:src/adc_driver.c **** 
 349              		.loc 1 115 8 is_stmt 0 view .LVU89
 350 0018 2FB9     		cbnz	r7, .L23
 115:src/adc_driver.c **** 
 351              		.loc 1 115 25 view .LVU90
 352 001a 234F     		ldr	r7, .L37+8
 353              	.LVL7:
 115:src/adc_driver.c **** 
 354              		.loc 1 115 25 view .LVU91
 355 001c 03E0     		b	.L23
 356              	.LVL8:
 357              	.L36:
 109:src/adc_driver.c ****     }
 358              		.loc 1 109 9 is_stmt 1 view .LVU92
 359 001e FFF7FEFF 		bl	adc_stop_sampling
 360              	.LVL9:
 109:src/adc_driver.c ****     }
 361              		.loc 1 109 9 is_stmt 0 view .LVU93
 362 0022 F5E7     		b	.L22
 363              	.LVL10:
 364              	.L26:
 114:src/adc_driver.c ****     if (rate == 0) rate = 100000; /* Default 100 kHz */
 365              		.loc 1 114 47 view .LVU94
 366 0024 1F4F     		ldr	r7, .L37+4
 367              	.LVL11:
 368              	.L23:
 118:src/adc_driver.c ****     if (res > ADC_RESOLUTION_BITS) res = ADC_RESOLUTION_BITS;
 369              		.loc 1 118 5 is_stmt 1 view .LVU95
 118:src/adc_driver.c ****     if (res > ADC_RESOLUTION_BITS) res = ADC_RESOLUTION_BITS;
 370              		.loc 1 118 13 is_stmt 0 view .LVU96
 371 0026 2E79     		ldrb	r6, [r5, #4]	@ zero_extendqisi2
 372              	.LVL12:
 119:src/adc_driver.c ****     if (res == 0) res = 12;
 373              		.loc 1 119 5 is_stmt 1 view .LVU97
 119:src/adc_driver.c ****     if (res == 0) res = 12;
 374              		.loc 1 119 8 is_stmt 0 view .LVU98
 375 0028 0C2E     		cmp	r6, #12
 376 002a 02D8     		bhi	.L28
 120:src/adc_driver.c **** 
 377              		.loc 1 120 5 is_stmt 1 view .LVU99
 120:src/adc_driver.c **** 
 378              		.loc 1 120 8 is_stmt 0 view .LVU100
 379 002c 16B9     		cbnz	r6, .L24
 120:src/adc_driver.c **** 
 380              		.loc 1 120 23 view .LVU101
 381 002e 0C26     		movs	r6, #12
 382              	.LVL13:
 120:src/adc_driver.c **** 
 383              		.loc 1 120 23 view .LVU102
ARM GAS  C:\WINDOWS\cc96MQcc.s 			page 12


 384 0030 00E0     		b	.L24
 385              	.LVL14:
 386              	.L28:
 119:src/adc_driver.c ****     if (res == 0) res = 12;
 387              		.loc 1 119 40 view .LVU103
 388 0032 0C26     		movs	r6, #12
 389              	.LVL15:
 390              	.L24:
 123:src/adc_driver.c ****     g_adc_handle.Instance = ADC_INSTANCE;
 391              		.loc 1 123 5 is_stmt 1 view .LVU104
 392 0034 1D4C     		ldr	r4, .L37+12
 393 0036 3022     		movs	r2, #48
 394 0038 0021     		movs	r1, #0
 395 003a 2046     		mov	r0, r4
 396 003c FFF7FEFF 		bl	memset
 397              	.LVL16:
 124:src/adc_driver.c **** 
 398              		.loc 1 124 5 view .LVU105
 124:src/adc_driver.c **** 
 399              		.loc 1 124 27 is_stmt 0 view .LVU106
 400 0040 1B4B     		ldr	r3, .L37+16
 401 0042 2360     		str	r3, [r4]
 127:src/adc_driver.c ****     g_adc_handle.Init.ScanConvMode          = ADC_SCAN_DISABLE;
 402              		.loc 1 127 5 is_stmt 1 view .LVU107
 128:src/adc_driver.c ****     g_adc_handle.Init.ContinuousConvMode    = ENABLE;
 403              		.loc 1 128 5 view .LVU108
 129:src/adc_driver.c ****     g_adc_handle.Init.NbrOfConversion       = 1;
 404              		.loc 1 129 5 view .LVU109
 129:src/adc_driver.c ****     g_adc_handle.Init.NbrOfConversion       = 1;
 405              		.loc 1 129 45 is_stmt 0 view .LVU110
 406 0044 0123     		movs	r3, #1
 407 0046 2373     		strb	r3, [r4, #12]
 130:src/adc_driver.c ****     g_adc_handle.Init.DiscontinuousConvMode = DISABLE;
 408              		.loc 1 130 5 is_stmt 1 view .LVU111
 130:src/adc_driver.c ****     g_adc_handle.Init.DiscontinuousConvMode = DISABLE;
 409              		.loc 1 130 45 is_stmt 0 view .LVU112
 410 0048 2361     		str	r3, [r4, #16]
 131:src/adc_driver.c ****     g_adc_handle.Init.NbrOfDiscConversion   = 0;
 411              		.loc 1 131 5 is_stmt 1 view .LVU113
 132:src/adc_driver.c ****     g_adc_handle.Init.ExternalTrigConv      = ADC_SOFTWARE_START;
 412              		.loc 1 132 5 view .LVU114
 133:src/adc_driver.c **** #elif defined(STM32F407xx)
 413              		.loc 1 133 5 view .LVU115
 133:src/adc_driver.c **** #elif defined(STM32F407xx)
 414              		.loc 1 133 45 is_stmt 0 view .LVU116
 415 004a 4FF46023 		mov	r3, #917504
 416 004e E361     		str	r3, [r4, #28]
 148:src/adc_driver.c **** 
 417              		.loc 1 148 5 is_stmt 1 view .LVU117
 418 0050 FFF7FEFF 		bl	adc_msp_init
 419              	.LVL17:
 150:src/adc_driver.c ****         return ADC_ERR_HW;
 420              		.loc 1 150 5 view .LVU118
 150:src/adc_driver.c ****         return ADC_ERR_HW;
 421              		.loc 1 150 9 is_stmt 0 view .LVU119
 422 0054 2046     		mov	r0, r4
 423 0056 FFF7FEFF 		bl	HAL_ADC_Init
ARM GAS  C:\WINDOWS\cc96MQcc.s 			page 13


 424              	.LVL18:
 150:src/adc_driver.c ****         return ADC_ERR_HW;
 425              		.loc 1 150 8 view .LVU120
 426 005a D0B9     		cbnz	r0, .L30
 155:src/adc_driver.c ****     ch_conf.Channel      = ADC_CAN_MONITOR_CHANNEL;
 427              		.loc 1 155 5 is_stmt 1 view .LVU121
 155:src/adc_driver.c ****     ch_conf.Channel      = ADC_CAN_MONITOR_CHANNEL;
 428              		.loc 1 155 28 is_stmt 0 view .LVU122
 429 005c 0023     		movs	r3, #0
 430 005e 0193     		str	r3, [sp, #4]
 431 0060 0293     		str	r3, [sp, #8]
 432 0062 0393     		str	r3, [sp, #12]
 156:src/adc_driver.c ****     ch_conf.Rank         = ADC_REGULAR_RANK_1;
 433              		.loc 1 156 5 is_stmt 1 view .LVU123
 157:src/adc_driver.c ****     ch_conf.SamplingTime = ADC_SAMPLETIME_1CYCLE_5;
 434              		.loc 1 157 5 view .LVU124
 157:src/adc_driver.c ****     ch_conf.SamplingTime = ADC_SAMPLETIME_1CYCLE_5;
 435              		.loc 1 157 26 is_stmt 0 view .LVU125
 436 0064 0123     		movs	r3, #1
 437 0066 0293     		str	r3, [sp, #8]
 158:src/adc_driver.c **** 
 438              		.loc 1 158 5 is_stmt 1 view .LVU126
 160:src/adc_driver.c ****         return ADC_ERR_HW;
 439              		.loc 1 160 5 view .LVU127
 160:src/adc_driver.c ****         return ADC_ERR_HW;
 440              		.loc 1 160 9 is_stmt 0 view .LVU128
 441 0068 01A9     		add	r1, sp, #4
 442 006a 2046     		mov	r0, r4
 443 006c FFF7FEFF 		bl	HAL_ADC_ConfigChannel
 444              	.LVL19:
 160:src/adc_driver.c ****         return ADC_ERR_HW;
 445              		.loc 1 160 8 view .LVU129
 446 0070 90B9     		cbnz	r0, .L31
 165:src/adc_driver.c ****     g_adc_config.sample_rate = rate;
 447              		.loc 1 165 5 is_stmt 1 view .LVU130
 448 0072 104A     		ldr	r2, .L37+20
 449 0074 1346     		mov	r3, r2
 450 0076 2868     		ldr	r0, [r5]	@ unaligned
 451 0078 6968     		ldr	r1, [r5, #4]	@ unaligned
 452 007a 03C3     		stmia	r3!, {r0, r1}
 166:src/adc_driver.c ****     g_adc_config.resolution  = res;
 453              		.loc 1 166 5 view .LVU131
 166:src/adc_driver.c ****     g_adc_config.resolution  = res;
 454              		.loc 1 166 30 is_stmt 0 view .LVU132
 455 007c 1760     		str	r7, [r2]
 167:src/adc_driver.c ****     g_adc_initialized = 1;
 456              		.loc 1 167 5 is_stmt 1 view .LVU133
 167:src/adc_driver.c ****     g_adc_initialized = 1;
 457              		.loc 1 167 30 is_stmt 0 view .LVU134
 458 007e 1671     		strb	r6, [r2, #4]
 168:src/adc_driver.c **** 
 459              		.loc 1 168 5 is_stmt 1 view .LVU135
 168:src/adc_driver.c **** 
 460              		.loc 1 168 23 is_stmt 0 view .LVU136
 461 0080 0D4B     		ldr	r3, .L37+24
 462 0082 0122     		movs	r2, #1
 463 0084 1A70     		strb	r2, [r3]
ARM GAS  C:\WINDOWS\cc96MQcc.s 			page 14


 170:src/adc_driver.c **** #endif
 464              		.loc 1 170 5 is_stmt 1 view .LVU137
 170:src/adc_driver.c **** #endif
 465              		.loc 1 170 12 is_stmt 0 view .LVU138
 466 0086 0020     		movs	r0, #0
 467              	.L21:
 172:src/adc_driver.c **** 
 468              		.loc 1 172 1 view .LVU139
 469 0088 05B0     		add	sp, sp, #20
 470              	.LCFI7:
 471              		.cfi_def_cfa_offset 20
 472              		@ sp needed
 473 008a F0BD     		pop	{r4, r5, r6, r7, pc}
 474              	.LVL20:
 475              	.L25:
 476              	.LCFI8:
 477              		.cfi_def_cfa_offset 0
 478              		.cfi_restore 4
 479              		.cfi_restore 5
 480              		.cfi_restore 6
 481              		.cfi_restore 7
 482              		.cfi_restore 14
 101:src/adc_driver.c **** 
 483              		.loc 1 101 25 view .LVU140
 484 008c 4FF0FF30 		mov	r0, #-1
 485              	.LVL21:
 172:src/adc_driver.c **** 
 486              		.loc 1 172 1 view .LVU141
 487 0090 7047     		bx	lr
 488              	.LVL22:
 489              	.L30:
 490              	.LCFI9:
 491              		.cfi_def_cfa_offset 40
 492              		.cfi_offset 4, -20
 493              		.cfi_offset 5, -16
 494              		.cfi_offset 6, -12
 495              		.cfi_offset 7, -8
 496              		.cfi_offset 14, -4
 151:src/adc_driver.c ****     }
 497              		.loc 1 151 16 view .LVU142
 498 0092 6FF00500 		mvn	r0, #5
 499 0096 F7E7     		b	.L21
 500              	.L31:
 161:src/adc_driver.c ****     }
 501              		.loc 1 161 16 view .LVU143
 502 0098 6FF00500 		mvn	r0, #5
 503 009c F4E7     		b	.L21
 504              	.L38:
 505 009e 00BF     		.align	2
 506              	.L37:
 507 00a0 00000000 		.word	.LANCHOR3
 508 00a4 40420F00 		.word	1000000
 509 00a8 A0860100 		.word	100000
 510 00ac 00000000 		.word	.LANCHOR1
 511 00b0 00240140 		.word	1073816576
 512 00b4 00000000 		.word	.LANCHOR5
 513 00b8 00000000 		.word	.LANCHOR2
ARM GAS  C:\WINDOWS\cc96MQcc.s 			page 15


 514              		.cfi_endproc
 515              	.LFE67:
 517              		.section	.text.adc_deinit,"ax",%progbits
 518              		.align	1
 519              		.global	adc_deinit
 520              		.syntax unified
 521              		.thumb
 522              		.thumb_func
 524              	adc_deinit:
 525              	.LFB68:
 175:src/adc_driver.c **** #if HAS_ADC
 526              		.loc 1 175 1 is_stmt 1 view -0
 527              		.cfi_startproc
 528              		@ args = 0, pretend = 0, frame = 0
 529              		@ frame_needed = 0, uses_anonymous_args = 0
 530 0000 08B5     		push	{r3, lr}
 531              	.LCFI10:
 532              		.cfi_def_cfa_offset 8
 533              		.cfi_offset 3, -8
 534              		.cfi_offset 14, -4
 177:src/adc_driver.c ****     if (g_adc_initialized) {
 535              		.loc 1 177 5 view .LVU145
 177:src/adc_driver.c ****     if (g_adc_initialized) {
 536              		.loc 1 177 9 is_stmt 0 view .LVU146
 537 0002 0A4B     		ldr	r3, .L45
 538 0004 1B78     		ldrb	r3, [r3]	@ zero_extendqisi2
 177:src/adc_driver.c ****     if (g_adc_initialized) {
 539              		.loc 1 177 8 view .LVU147
 540 0006 33B9     		cbnz	r3, .L43
 541              	.L40:
 178:src/adc_driver.c ****         HAL_ADC_DeInit(&g_adc_handle);
 542              		.loc 1 178 5 is_stmt 1 view .LVU148
 178:src/adc_driver.c ****         HAL_ADC_DeInit(&g_adc_handle);
 543              		.loc 1 178 9 is_stmt 0 view .LVU149
 544 0008 094B     		ldr	r3, .L45+4
 545 000a 1B78     		ldrb	r3, [r3]	@ zero_extendqisi2
 178:src/adc_driver.c ****         HAL_ADC_DeInit(&g_adc_handle);
 546              		.loc 1 178 8 view .LVU150
 547 000c 33B9     		cbnz	r3, .L44
 548              	.L41:
 183:src/adc_driver.c ****     return ADC_OK;
 549              		.loc 1 183 5 is_stmt 1 view .LVU151
 183:src/adc_driver.c ****     return ADC_OK;
 550              		.loc 1 183 23 is_stmt 0 view .LVU152
 551 000e 0020     		movs	r0, #0
 552 0010 074B     		ldr	r3, .L45+4
 553 0012 1870     		strb	r0, [r3]
 184:src/adc_driver.c **** }
 554              		.loc 1 184 5 is_stmt 1 view .LVU153
 185:src/adc_driver.c **** 
 555              		.loc 1 185 1 is_stmt 0 view .LVU154
 556 0014 08BD     		pop	{r3, pc}
 557              	.L43:
 177:src/adc_driver.c ****     if (g_adc_initialized) {
 558              		.loc 1 177 25 is_stmt 1 discriminator 1 view .LVU155
 559 0016 FFF7FEFF 		bl	adc_stop_sampling
 560              	.LVL23:
ARM GAS  C:\WINDOWS\cc96MQcc.s 			page 16


 561 001a F5E7     		b	.L40
 562              	.L44:
 179:src/adc_driver.c ****         HAL_DMA_DeInit(&g_adc_dma_handle);
 563              		.loc 1 179 9 view .LVU156
 564 001c 0548     		ldr	r0, .L45+8
 565 001e FFF7FEFF 		bl	HAL_ADC_DeInit
 566              	.LVL24:
 180:src/adc_driver.c ****     }
 567              		.loc 1 180 9 view .LVU157
 568 0022 0548     		ldr	r0, .L45+12
 569 0024 FFF7FEFF 		bl	HAL_DMA_DeInit
 570              	.LVL25:
 571 0028 F1E7     		b	.L41
 572              	.L46:
 573 002a 00BF     		.align	2
 574              	.L45:
 575 002c 00000000 		.word	.LANCHOR3
 576 0030 00000000 		.word	.LANCHOR2
 577 0034 00000000 		.word	.LANCHOR1
 578 0038 00000000 		.word	.LANCHOR0
 579              		.cfi_endproc
 580              	.LFE68:
 582              		.section	.text.adc_read_samples,"ax",%progbits
 583              		.align	1
 584              		.global	adc_read_samples
 585              		.syntax unified
 586              		.thumb
 587              		.thumb_func
 589              	adc_read_samples:
 590              	.LVL26:
 591              	.LFB71:
 217:src/adc_driver.c **** 
 218:src/adc_driver.c **** adc_status_t adc_read_samples(adc_sample_data_t *data, uint32_t timeout_ms)
 219:src/adc_driver.c **** {
 592              		.loc 1 219 1 view -0
 593              		.cfi_startproc
 594              		@ args = 0, pretend = 0, frame = 0
 595              		@ frame_needed = 0, uses_anonymous_args = 0
 220:src/adc_driver.c ****     if (!data) return ADC_ERR_PARAM;
 596              		.loc 1 220 5 view .LVU159
 597              		.loc 1 220 8 is_stmt 0 view .LVU160
 598 0000 D8B1     		cbz	r0, .L49
 219:src/adc_driver.c ****     if (!data) return ADC_ERR_PARAM;
 599              		.loc 1 219 1 view .LVU161
 600 0002 38B5     		push	{r3, r4, r5, lr}
 601              	.LCFI11:
 602              		.cfi_def_cfa_offset 16
 603              		.cfi_offset 3, -16
 604              		.cfi_offset 4, -12
 605              		.cfi_offset 5, -8
 606              		.cfi_offset 14, -4
 607 0004 0546     		mov	r5, r0
 221:src/adc_driver.c **** 
 222:src/adc_driver.c **** #if !HAS_ADC
 223:src/adc_driver.c ****     (void)timeout_ms;
 224:src/adc_driver.c ****     memset(data, 0, sizeof(*data));
 225:src/adc_driver.c ****     return ADC_ERR_NOT_AVAIL;
ARM GAS  C:\WINDOWS\cc96MQcc.s 			page 17


 226:src/adc_driver.c **** #else
 227:src/adc_driver.c ****     if (!g_adc_initialized) return ADC_ERR_NOT_INIT;
 608              		.loc 1 227 5 is_stmt 1 view .LVU162
 609              		.loc 1 227 9 is_stmt 0 view .LVU163
 610 0006 104B     		ldr	r3, .L55
 611 0008 1B78     		ldrb	r3, [r3]	@ zero_extendqisi2
 612              		.loc 1 227 8 view .LVU164
 613 000a CBB1     		cbz	r3, .L50
 228:src/adc_driver.c **** 
 229:src/adc_driver.c ****     /* In continuous DMA mode, the buffer is always being filled.
 230:src/adc_driver.c ****      * Return the current DMA pointer position as a snapshot. */
 231:src/adc_driver.c ****     uint32_t dma_counter = __HAL_DMA_GET_COUNTER(&g_adc_dma_handle);
 614              		.loc 1 231 5 is_stmt 1 view .LVU165
 615              		.loc 1 231 28 is_stmt 0 view .LVU166
 616 000c 0F4B     		ldr	r3, .L55+4
 617 000e 1B68     		ldr	r3, [r3]
 618              		.loc 1 231 14 view .LVU167
 619 0010 5C68     		ldr	r4, [r3, #4]
 620              	.LVL27:
 232:src/adc_driver.c ****     uint16_t filled = ADC_SAMPLE_BUF_SIZE - (uint16_t)dma_counter;
 621              		.loc 1 232 5 is_stmt 1 view .LVU168
 622              		.loc 1 232 45 is_stmt 0 view .LVU169
 623 0012 A4B2     		uxth	r4, r4
 624              	.LVL28:
 625              		.loc 1 232 14 view .LVU170
 626 0014 C4F58064 		rsb	r4, r4, #1024
 627 0018 A4B2     		uxth	r4, r4
 628              	.LVL29:
 233:src/adc_driver.c **** 
 234:src/adc_driver.c ****     data->timestamp   = device_get_uptime_us();
 629              		.loc 1 234 5 is_stmt 1 view .LVU171
 630              		.loc 1 234 25 is_stmt 0 view .LVU172
 631 001a FFF7FEFF 		bl	device_get_uptime_us
 632              	.LVL30:
 633              		.loc 1 234 23 view .LVU173
 634 001e 2860     		str	r0, [r5]
 235:src/adc_driver.c ****     data->buffer      = g_adc_buffer;
 635              		.loc 1 235 5 is_stmt 1 view .LVU174
 636              		.loc 1 235 23 is_stmt 0 view .LVU175
 637 0020 0B4B     		ldr	r3, .L55+8
 638 0022 6B60     		str	r3, [r5, #4]
 236:src/adc_driver.c ****     data->count       = filled;
 639              		.loc 1 236 5 is_stmt 1 view .LVU176
 640              		.loc 1 236 23 is_stmt 0 view .LVU177
 641 0024 2C81     		strh	r4, [r5, #8]	@ movhi
 237:src/adc_driver.c ****     data->buffer_size = ADC_SAMPLE_BUF_SIZE;
 642              		.loc 1 237 5 is_stmt 1 view .LVU178
 643              		.loc 1 237 23 is_stmt 0 view .LVU179
 644 0026 4FF48063 		mov	r3, #1024
 645 002a 6B81     		strh	r3, [r5, #10]	@ movhi
 238:src/adc_driver.c ****     data->resolution  = g_adc_config.resolution;
 646              		.loc 1 238 5 is_stmt 1 view .LVU180
 647              		.loc 1 238 37 is_stmt 0 view .LVU181
 648 002c 094B     		ldr	r3, .L55+12
 649 002e 1A79     		ldrb	r2, [r3, #4]	@ zero_extendqisi2
 650              		.loc 1 238 23 view .LVU182
 651 0030 2A73     		strb	r2, [r5, #12]
ARM GAS  C:\WINDOWS\cc96MQcc.s 			page 18


 239:src/adc_driver.c ****     data->source      = g_adc_config.source;
 652              		.loc 1 239 5 is_stmt 1 view .LVU183
 653              		.loc 1 239 37 is_stmt 0 view .LVU184
 654 0032 9B79     		ldrb	r3, [r3, #6]	@ zero_extendqisi2
 655              		.loc 1 239 23 view .LVU185
 656 0034 6B73     		strb	r3, [r5, #13]
 240:src/adc_driver.c **** 
 241:src/adc_driver.c ****     (void)timeout_ms;
 657              		.loc 1 241 5 is_stmt 1 view .LVU186
 242:src/adc_driver.c ****     return ADC_OK;
 658              		.loc 1 242 5 view .LVU187
 659              		.loc 1 242 12 is_stmt 0 view .LVU188
 660 0036 0020     		movs	r0, #0
 661              	.LVL31:
 662              	.L48:
 243:src/adc_driver.c **** #endif
 244:src/adc_driver.c **** }
 663              		.loc 1 244 1 view .LVU189
 664 0038 38BD     		pop	{r3, r4, r5, pc}
 665              	.LVL32:
 666              	.L49:
 667              	.LCFI12:
 668              		.cfi_def_cfa_offset 0
 669              		.cfi_restore 3
 670              		.cfi_restore 4
 671              		.cfi_restore 5
 672              		.cfi_restore 14
 220:src/adc_driver.c **** 
 673              		.loc 1 220 23 view .LVU190
 674 003a 4FF0FF30 		mov	r0, #-1
 675              	.LVL33:
 676              		.loc 1 244 1 view .LVU191
 677 003e 7047     		bx	lr
 678              	.LVL34:
 679              	.L50:
 680              	.LCFI13:
 681              		.cfi_def_cfa_offset 16
 682              		.cfi_offset 3, -16
 683              		.cfi_offset 4, -12
 684              		.cfi_offset 5, -8
 685              		.cfi_offset 14, -4
 227:src/adc_driver.c **** 
 686              		.loc 1 227 36 view .LVU192
 687 0040 6FF00100 		mvn	r0, #1
 688              	.LVL35:
 227:src/adc_driver.c **** 
 689              		.loc 1 227 36 view .LVU193
 690 0044 F8E7     		b	.L48
 691              	.L56:
 692 0046 00BF     		.align	2
 693              	.L55:
 694 0048 00000000 		.word	.LANCHOR2
 695 004c 00000000 		.word	.LANCHOR0
 696 0050 00000000 		.word	.LANCHOR4
 697 0054 00000000 		.word	.LANCHOR5
 698              		.cfi_endproc
 699              	.LFE71:
ARM GAS  C:\WINDOWS\cc96MQcc.s 			page 19


 701              		.section	.text.adc_register_data_callback,"ax",%progbits
 702              		.align	1
 703              		.global	adc_register_data_callback
 704              		.syntax unified
 705              		.thumb
 706              		.thumb_func
 708              	adc_register_data_callback:
 709              	.LVL36:
 710              	.LFB72:
 245:src/adc_driver.c **** 
 246:src/adc_driver.c **** adc_status_t adc_register_data_callback(adc_data_ready_callback_t callback)
 247:src/adc_driver.c **** {
 711              		.loc 1 247 1 is_stmt 1 view -0
 712              		.cfi_startproc
 713              		@ args = 0, pretend = 0, frame = 0
 714              		@ frame_needed = 0, uses_anonymous_args = 0
 715              		@ link register save eliminated.
 248:src/adc_driver.c ****     g_adc_callback = callback;
 716              		.loc 1 248 5 view .LVU195
 717              		.loc 1 248 20 is_stmt 0 view .LVU196
 718 0000 014B     		ldr	r3, .L58
 719 0002 1860     		str	r0, [r3]
 249:src/adc_driver.c ****     return ADC_OK;
 720              		.loc 1 249 5 is_stmt 1 view .LVU197
 250:src/adc_driver.c **** }
 721              		.loc 1 250 1 is_stmt 0 view .LVU198
 722 0004 0020     		movs	r0, #0
 723              	.LVL37:
 724              		.loc 1 250 1 view .LVU199
 725 0006 7047     		bx	lr
 726              	.L59:
 727              		.align	2
 728              	.L58:
 729 0008 00000000 		.word	.LANCHOR6
 730              		.cfi_endproc
 731              	.LFE72:
 733              		.section	.text.adc_get_status,"ax",%progbits
 734              		.align	1
 735              		.global	adc_get_status
 736              		.syntax unified
 737              		.thumb
 738              		.thumb_func
 740              	adc_get_status:
 741              	.LVL38:
 742              	.LFB73:
 251:src/adc_driver.c **** 
 252:src/adc_driver.c **** adc_status_t adc_get_status(uint8_t *is_sampling, uint32_t *sample_rate,
 253:src/adc_driver.c ****                             uint8_t *resolution)
 254:src/adc_driver.c **** {
 743              		.loc 1 254 1 is_stmt 1 view -0
 744              		.cfi_startproc
 745              		@ args = 0, pretend = 0, frame = 0
 746              		@ frame_needed = 0, uses_anonymous_args = 0
 747              		@ link register save eliminated.
 255:src/adc_driver.c ****     if (is_sampling)  *is_sampling  = g_adc_sampling;
 748              		.loc 1 255 5 view .LVU201
 749              		.loc 1 255 8 is_stmt 0 view .LVU202
ARM GAS  C:\WINDOWS\cc96MQcc.s 			page 20


 750 0000 0346     		mov	r3, r0
 751 0002 10B1     		cbz	r0, .L61
 752              		.loc 1 255 23 is_stmt 1 discriminator 1 view .LVU203
 753              		.loc 1 255 37 is_stmt 0 discriminator 1 view .LVU204
 754 0004 0A48     		ldr	r0, .L67
 755              	.LVL39:
 756              		.loc 1 255 37 discriminator 1 view .LVU205
 757 0006 0078     		ldrb	r0, [r0]	@ zero_extendqisi2
 758 0008 1870     		strb	r0, [r3]
 759              	.L61:
 256:src/adc_driver.c ****     if (sample_rate)  *sample_rate  = g_adc_initialized ? g_adc_config.sample_rate : 0;
 760              		.loc 1 256 5 is_stmt 1 view .LVU206
 761              		.loc 1 256 8 is_stmt 0 view .LVU207
 762 000a 39B1     		cbz	r1, .L62
 763              		.loc 1 256 23 is_stmt 1 discriminator 1 view .LVU208
 764              		.loc 1 256 57 is_stmt 0 discriminator 1 view .LVU209
 765 000c 094B     		ldr	r3, .L67+4
 766              	.LVL40:
 767              		.loc 1 256 57 discriminator 1 view .LVU210
 768 000e 1B78     		ldrb	r3, [r3]	@ zero_extendqisi2
 769              		.loc 1 256 84 discriminator 1 view .LVU211
 770 0010 13B1     		cbz	r3, .L66
 771              		.loc 1 256 84 discriminator 2 view .LVU212
 772 0012 094B     		ldr	r3, .L67+8
 773 0014 1B68     		ldr	r3, [r3]
 774 0016 00E0     		b	.L63
 775              	.L66:
 776              		.loc 1 256 84 view .LVU213
 777 0018 0023     		movs	r3, #0
 778              	.L63:
 779              		.loc 1 256 37 discriminator 5 view .LVU214
 780 001a 0B60     		str	r3, [r1]
 781              	.L62:
 257:src/adc_driver.c ****     if (resolution)   *resolution   = g_adc_initialized ? g_adc_config.resolution : 0;
 782              		.loc 1 257 5 is_stmt 1 view .LVU215
 783              		.loc 1 257 8 is_stmt 0 view .LVU216
 784 001c 2AB1     		cbz	r2, .L64
 785              		.loc 1 257 23 is_stmt 1 discriminator 1 view .LVU217
 786              		.loc 1 257 57 is_stmt 0 discriminator 1 view .LVU218
 787 001e 054B     		ldr	r3, .L67+4
 788 0020 1B78     		ldrb	r3, [r3]	@ zero_extendqisi2
 789              		.loc 1 257 37 discriminator 1 view .LVU219
 790 0022 0BB1     		cbz	r3, .L65
 791              		.loc 1 257 37 discriminator 2 view .LVU220
 792 0024 044B     		ldr	r3, .L67+8
 793 0026 1B79     		ldrb	r3, [r3, #4]	@ zero_extendqisi2
 794              	.L65:
 795              		.loc 1 257 37 discriminator 5 view .LVU221
 796 0028 1370     		strb	r3, [r2]
 797              	.L64:
 258:src/adc_driver.c ****     return ADC_OK;
 798              		.loc 1 258 5 is_stmt 1 view .LVU222
 259:src/adc_driver.c **** }
 799              		.loc 1 259 1 is_stmt 0 view .LVU223
 800 002a 0020     		movs	r0, #0
 801 002c 7047     		bx	lr
 802              	.L68:
ARM GAS  C:\WINDOWS\cc96MQcc.s 			page 21


 803 002e 00BF     		.align	2
 804              	.L67:
 805 0030 00000000 		.word	.LANCHOR3
 806 0034 00000000 		.word	.LANCHOR2
 807 0038 00000000 		.word	.LANCHOR5
 808              		.cfi_endproc
 809              	.LFE73:
 811              		.section	.text.adc_get_max_sample_rate,"ax",%progbits
 812              		.align	1
 813              		.global	adc_get_max_sample_rate
 814              		.syntax unified
 815              		.thumb
 816              		.thumb_func
 818              	adc_get_max_sample_rate:
 819              	.LFB74:
 260:src/adc_driver.c **** 
 261:src/adc_driver.c **** uint32_t adc_get_max_sample_rate(void)
 262:src/adc_driver.c **** {
 820              		.loc 1 262 1 is_stmt 1 view -0
 821              		.cfi_startproc
 822              		@ args = 0, pretend = 0, frame = 0
 823              		@ frame_needed = 0, uses_anonymous_args = 0
 824              		@ link register save eliminated.
 263:src/adc_driver.c **** #if HAS_ADC
 264:src/adc_driver.c ****     return ADC_SAMPLING_RATE_MAX_HZ;
 825              		.loc 1 264 5 view .LVU225
 265:src/adc_driver.c **** #else
 266:src/adc_driver.c ****     return 0;
 267:src/adc_driver.c **** #endif
 268:src/adc_driver.c **** }
 826              		.loc 1 268 1 is_stmt 0 view .LVU226
 827 0000 0048     		ldr	r0, .L70
 828 0002 7047     		bx	lr
 829              	.L71:
 830              		.align	2
 831              	.L70:
 832 0004 40420F00 		.word	1000000
 833              		.cfi_endproc
 834              	.LFE74:
 836              		.section	.text.adc_get_resolution,"ax",%progbits
 837              		.align	1
 838              		.global	adc_get_resolution
 839              		.syntax unified
 840              		.thumb
 841              		.thumb_func
 843              	adc_get_resolution:
 844              	.LFB75:
 269:src/adc_driver.c **** 
 270:src/adc_driver.c **** uint8_t adc_get_resolution(void)
 271:src/adc_driver.c **** {
 845              		.loc 1 271 1 is_stmt 1 view -0
 846              		.cfi_startproc
 847              		@ args = 0, pretend = 0, frame = 0
 848              		@ frame_needed = 0, uses_anonymous_args = 0
 849              		@ link register save eliminated.
 272:src/adc_driver.c **** #if HAS_ADC
 273:src/adc_driver.c ****     return ADC_RESOLUTION_BITS;
ARM GAS  C:\WINDOWS\cc96MQcc.s 			page 22


 850              		.loc 1 273 5 view .LVU228
 274:src/adc_driver.c **** #else
 275:src/adc_driver.c ****     return 0;
 276:src/adc_driver.c **** #endif
 277:src/adc_driver.c **** }
 851              		.loc 1 277 1 is_stmt 0 view .LVU229
 852 0000 0C20     		movs	r0, #12
 853 0002 7047     		bx	lr
 854              		.cfi_endproc
 855              	.LFE75:
 857              		.section	.text.HAL_ADC_ConvHalfCpltCallback,"ax",%progbits
 858              		.align	1
 859              		.global	HAL_ADC_ConvHalfCpltCallback
 860              		.syntax unified
 861              		.thumb
 862              		.thumb_func
 864              	HAL_ADC_ConvHalfCpltCallback:
 865              	.LVL41:
 866              	.LFB76:
 278:src/adc_driver.c **** 
 279:src/adc_driver.c **** /*============================================================================
 280:src/adc_driver.c ****  * DMA Transfer Complete Callback (weak override from HAL)
 281:src/adc_driver.c ****  *============================================================================*/
 282:src/adc_driver.c **** 
 283:src/adc_driver.c **** #if HAS_ADC
 284:src/adc_driver.c **** void HAL_ADC_ConvHalfCpltCallback(ADC_HandleTypeDef *hadc)
 285:src/adc_driver.c **** {
 867              		.loc 1 285 1 is_stmt 1 view -0
 868              		.cfi_startproc
 869              		@ args = 0, pretend = 0, frame = 16
 870              		@ frame_needed = 0, uses_anonymous_args = 0
 286:src/adc_driver.c ****     if (g_adc_callback && hadc == &g_adc_handle) {
 871              		.loc 1 286 5 view .LVU231
 872              		.loc 1 286 9 is_stmt 0 view .LVU232
 873 0000 114B     		ldr	r3, .L80
 874 0002 1B68     		ldr	r3, [r3]
 875              		.loc 1 286 8 view .LVU233
 876 0004 13B1     		cbz	r3, .L76
 877              		.loc 1 286 24 discriminator 1 view .LVU234
 878 0006 114B     		ldr	r3, .L80+4
 879 0008 9842     		cmp	r0, r3
 880 000a 00D0     		beq	.L79
 881              	.L76:
 882 000c 7047     		bx	lr
 883              	.L79:
 285:src/adc_driver.c ****     if (g_adc_callback && hadc == &g_adc_handle) {
 884              		.loc 1 285 1 view .LVU235
 885 000e 00B5     		push	{lr}
 886              	.LCFI14:
 887              		.cfi_def_cfa_offset 4
 888              		.cfi_offset 14, -4
 889 0010 85B0     		sub	sp, sp, #20
 890              	.LCFI15:
 891              		.cfi_def_cfa_offset 24
 892              	.LBB5:
 287:src/adc_driver.c ****         adc_sample_data_t data;
 893              		.loc 1 287 9 is_stmt 1 view .LVU236
ARM GAS  C:\WINDOWS\cc96MQcc.s 			page 23


 288:src/adc_driver.c ****         data.timestamp   = device_get_uptime_us();
 894              		.loc 1 288 9 view .LVU237
 895              		.loc 1 288 28 is_stmt 0 view .LVU238
 896 0012 FFF7FEFF 		bl	device_get_uptime_us
 897              	.LVL42:
 898              		.loc 1 288 26 view .LVU239
 899 0016 0090     		str	r0, [sp]
 289:src/adc_driver.c ****         data.buffer      = g_adc_buffer;               /* First half */
 900              		.loc 1 289 9 is_stmt 1 view .LVU240
 901              		.loc 1 289 26 is_stmt 0 view .LVU241
 902 0018 0D4B     		ldr	r3, .L80+8
 903 001a 0193     		str	r3, [sp, #4]
 290:src/adc_driver.c ****         data.count       = ADC_SAMPLE_BUF_SIZE / 2;
 904              		.loc 1 290 9 is_stmt 1 view .LVU242
 905              		.loc 1 290 26 is_stmt 0 view .LVU243
 906 001c 4FF40073 		mov	r3, #512
 907 0020 ADF80830 		strh	r3, [sp, #8]	@ movhi
 291:src/adc_driver.c ****         data.buffer_size = ADC_SAMPLE_BUF_SIZE;
 908              		.loc 1 291 9 is_stmt 1 view .LVU244
 909              		.loc 1 291 26 is_stmt 0 view .LVU245
 910 0024 4FF48063 		mov	r3, #1024
 911 0028 ADF80A30 		strh	r3, [sp, #10]	@ movhi
 292:src/adc_driver.c ****         data.resolution  = g_adc_config.resolution;
 912              		.loc 1 292 9 is_stmt 1 view .LVU246
 913              		.loc 1 292 40 is_stmt 0 view .LVU247
 914 002c 094B     		ldr	r3, .L80+12
 915 002e 1A79     		ldrb	r2, [r3, #4]	@ zero_extendqisi2
 916              		.loc 1 292 26 view .LVU248
 917 0030 8DF80C20 		strb	r2, [sp, #12]
 293:src/adc_driver.c ****         data.source      = g_adc_config.source;
 918              		.loc 1 293 9 is_stmt 1 view .LVU249
 919              		.loc 1 293 40 is_stmt 0 view .LVU250
 920 0034 9B79     		ldrb	r3, [r3, #6]	@ zero_extendqisi2
 921              		.loc 1 293 26 view .LVU251
 922 0036 8DF80D30 		strb	r3, [sp, #13]
 294:src/adc_driver.c ****         g_adc_callback(&data);
 923              		.loc 1 294 9 is_stmt 1 view .LVU252
 924 003a 034B     		ldr	r3, .L80
 925 003c 1B68     		ldr	r3, [r3]
 926 003e 6846     		mov	r0, sp
 927 0040 9847     		blx	r3
 928              	.LVL43:
 929              	.LBE5:
 295:src/adc_driver.c ****     }
 296:src/adc_driver.c **** }
 930              		.loc 1 296 1 is_stmt 0 view .LVU253
 931 0042 05B0     		add	sp, sp, #20
 932              	.LCFI16:
 933              		.cfi_def_cfa_offset 4
 934              		@ sp needed
 935 0044 5DF804FB 		ldr	pc, [sp], #4
 936              	.L81:
 937              		.align	2
 938              	.L80:
 939 0048 00000000 		.word	.LANCHOR6
 940 004c 00000000 		.word	.LANCHOR1
 941 0050 00000000 		.word	.LANCHOR4
ARM GAS  C:\WINDOWS\cc96MQcc.s 			page 24


 942 0054 00000000 		.word	.LANCHOR5
 943              		.cfi_endproc
 944              	.LFE76:
 946              		.section	.text.HAL_ADC_ConvCpltCallback,"ax",%progbits
 947              		.align	1
 948              		.global	HAL_ADC_ConvCpltCallback
 949              		.syntax unified
 950              		.thumb
 951              		.thumb_func
 953              	HAL_ADC_ConvCpltCallback:
 954              	.LVL44:
 955              	.LFB77:
 297:src/adc_driver.c **** 
 298:src/adc_driver.c **** void HAL_ADC_ConvCpltCallback(ADC_HandleTypeDef *hadc)
 299:src/adc_driver.c **** {
 956              		.loc 1 299 1 is_stmt 1 view -0
 957              		.cfi_startproc
 958              		@ args = 0, pretend = 0, frame = 16
 959              		@ frame_needed = 0, uses_anonymous_args = 0
 300:src/adc_driver.c ****     if (g_adc_callback && hadc == &g_adc_handle) {
 960              		.loc 1 300 5 view .LVU255
 961              		.loc 1 300 9 is_stmt 0 view .LVU256
 962 0000 114B     		ldr	r3, .L89
 963 0002 1B68     		ldr	r3, [r3]
 964              		.loc 1 300 8 view .LVU257
 965 0004 13B1     		cbz	r3, .L85
 966              		.loc 1 300 24 discriminator 1 view .LVU258
 967 0006 114B     		ldr	r3, .L89+4
 968 0008 9842     		cmp	r0, r3
 969 000a 00D0     		beq	.L88
 970              	.L85:
 971 000c 7047     		bx	lr
 972              	.L88:
 299:src/adc_driver.c ****     if (g_adc_callback && hadc == &g_adc_handle) {
 973              		.loc 1 299 1 view .LVU259
 974 000e 00B5     		push	{lr}
 975              	.LCFI17:
 976              		.cfi_def_cfa_offset 4
 977              		.cfi_offset 14, -4
 978 0010 85B0     		sub	sp, sp, #20
 979              	.LCFI18:
 980              		.cfi_def_cfa_offset 24
 981              	.LBB6:
 301:src/adc_driver.c ****         adc_sample_data_t data;
 982              		.loc 1 301 9 is_stmt 1 view .LVU260
 302:src/adc_driver.c ****         data.timestamp   = device_get_uptime_us();
 983              		.loc 1 302 9 view .LVU261
 984              		.loc 1 302 28 is_stmt 0 view .LVU262
 985 0012 FFF7FEFF 		bl	device_get_uptime_us
 986              	.LVL45:
 987              		.loc 1 302 26 view .LVU263
 988 0016 0090     		str	r0, [sp]
 303:src/adc_driver.c ****         data.buffer      = g_adc_buffer + (ADC_SAMPLE_BUF_SIZE / 2); /* Second half */
 989              		.loc 1 303 9 is_stmt 1 view .LVU264
 990              		.loc 1 303 26 is_stmt 0 view .LVU265
 991 0018 0D4B     		ldr	r3, .L89+8
 992 001a 0193     		str	r3, [sp, #4]
ARM GAS  C:\WINDOWS\cc96MQcc.s 			page 25


 304:src/adc_driver.c ****         data.count       = ADC_SAMPLE_BUF_SIZE / 2;
 993              		.loc 1 304 9 is_stmt 1 view .LVU266
 994              		.loc 1 304 26 is_stmt 0 view .LVU267
 995 001c 4FF40073 		mov	r3, #512
 996 0020 ADF80830 		strh	r3, [sp, #8]	@ movhi
 305:src/adc_driver.c ****         data.buffer_size = ADC_SAMPLE_BUF_SIZE;
 997              		.loc 1 305 9 is_stmt 1 view .LVU268
 998              		.loc 1 305 26 is_stmt 0 view .LVU269
 999 0024 4FF48063 		mov	r3, #1024
 1000 0028 ADF80A30 		strh	r3, [sp, #10]	@ movhi
 306:src/adc_driver.c ****         data.resolution  = g_adc_config.resolution;
 1001              		.loc 1 306 9 is_stmt 1 view .LVU270
 1002              		.loc 1 306 40 is_stmt 0 view .LVU271
 1003 002c 094B     		ldr	r3, .L89+12
 1004 002e 1A79     		ldrb	r2, [r3, #4]	@ zero_extendqisi2
 1005              		.loc 1 306 26 view .LVU272
 1006 0030 8DF80C20 		strb	r2, [sp, #12]
 307:src/adc_driver.c ****         data.source      = g_adc_config.source;
 1007              		.loc 1 307 9 is_stmt 1 view .LVU273
 1008              		.loc 1 307 40 is_stmt 0 view .LVU274
 1009 0034 9B79     		ldrb	r3, [r3, #6]	@ zero_extendqisi2
 1010              		.loc 1 307 26 view .LVU275
 1011 0036 8DF80D30 		strb	r3, [sp, #13]
 308:src/adc_driver.c ****         g_adc_callback(&data);
 1012              		.loc 1 308 9 is_stmt 1 view .LVU276
 1013 003a 034B     		ldr	r3, .L89
 1014 003c 1B68     		ldr	r3, [r3]
 1015 003e 6846     		mov	r0, sp
 1016 0040 9847     		blx	r3
 1017              	.LVL46:
 1018              	.LBE6:
 309:src/adc_driver.c ****     }
 310:src/adc_driver.c **** }
 1019              		.loc 1 310 1 is_stmt 0 view .LVU277
 1020 0042 05B0     		add	sp, sp, #20
 1021              	.LCFI19:
 1022              		.cfi_def_cfa_offset 4
 1023              		@ sp needed
 1024 0044 5DF804FB 		ldr	pc, [sp], #4
 1025              	.L90:
 1026              		.align	2
 1027              	.L89:
 1028 0048 00000000 		.word	.LANCHOR6
 1029 004c 00000000 		.word	.LANCHOR1
 1030 0050 00040000 		.word	.LANCHOR4+1024
 1031 0054 00000000 		.word	.LANCHOR5
 1032              		.cfi_endproc
 1033              	.LFE77:
 1035              		.section	.bss.g_adc_buffer,"aw",%nobits
 1036              		.align	2
 1037              		.set	.LANCHOR4,. + 0
 1040              	g_adc_buffer:
 1041 0000 00000000 		.space	2048
 1041      00000000 
 1041      00000000 
 1041      00000000 
 1041      00000000 
ARM GAS  C:\WINDOWS\cc96MQcc.s 			page 26


 1042              		.section	.bss.g_adc_callback,"aw",%nobits
 1043              		.align	2
 1044              		.set	.LANCHOR6,. + 0
 1047              	g_adc_callback:
 1048 0000 00000000 		.space	4
 1049              		.section	.bss.g_adc_config,"aw",%nobits
 1050              		.align	2
 1051              		.set	.LANCHOR5,. + 0
 1054              	g_adc_config:
 1055 0000 00000000 		.space	8
 1055      00000000 
 1056              		.section	.bss.g_adc_dma_handle,"aw",%nobits
 1057              		.align	2
 1058              		.set	.LANCHOR0,. + 0
 1061              	g_adc_dma_handle:
 1062 0000 00000000 		.space	68
 1062      00000000 
 1062      00000000 
 1062      00000000 
 1062      00000000 
 1063              		.section	.bss.g_adc_handle,"aw",%nobits
 1064              		.align	2
 1065              		.set	.LANCHOR1,. + 0
 1068              	g_adc_handle:
 1069 0000 00000000 		.space	48
 1069      00000000 
 1069      00000000 
 1069      00000000 
 1069      00000000 
 1070              		.section	.bss.g_adc_initialized,"aw",%nobits
 1071              		.set	.LANCHOR2,. + 0
 1074              	g_adc_initialized:
 1075 0000 00       		.space	1
 1076              		.section	.bss.g_adc_sampling,"aw",%nobits
 1077              		.set	.LANCHOR3,. + 0
 1080              	g_adc_sampling:
 1081 0000 00       		.space	1
 1082              		.text
 1083              	.Letext0:
 1084              		.file 2 "d:\\stm32\\environment\\gcc-arm-none-eabi-10.3-2021.10\\arm-none-eabi\\include\\machine\\
 1085              		.file 3 "d:\\stm32\\environment\\gcc-arm-none-eabi-10.3-2021.10\\arm-none-eabi\\include\\sys\\_std
 1086              		.file 4 "./inc/adc_api.h"
 1087              		.file 5 "./f103/CMSIS/Device/ST/STM32F1xx/Include/stm32f103xb.h"
 1088              		.file 6 "./f103/CMSIS/Device/ST/STM32F1xx/Include/stm32f1xx.h"
 1089              		.file 7 "./f103/HAL/Inc/stm32f1xx_hal_def.h"
 1090              		.file 8 "./f103/HAL/Inc/stm32f1xx_hal_gpio.h"
 1091              		.file 9 "./f103/HAL/Inc/stm32f1xx_hal_dma.h"
 1092              		.file 10 "./f103/HAL/Inc/stm32f1xx_hal_adc.h"
 1093              		.file 11 "./inc/device_api.h"
 1094              		.file 12 "<built-in>"
ARM GAS  C:\WINDOWS\cc96MQcc.s 			page 27


DEFINED SYMBOLS
                            *ABS*:00000000 adc_driver.c
C:\WINDOWS\cc96MQcc.s:18     .text.adc_msp_init:00000000 $t
C:\WINDOWS\cc96MQcc.s:23     .text.adc_msp_init:00000000 adc_msp_init
C:\WINDOWS\cc96MQcc.s:157    .text.adc_msp_init:0000008c $d
C:\WINDOWS\cc96MQcc.s:166    .text.adc_is_available:00000000 $t
C:\WINDOWS\cc96MQcc.s:172    .text.adc_is_available:00000000 adc_is_available
C:\WINDOWS\cc96MQcc.s:187    .text.adc_start_sampling:00000000 $t
C:\WINDOWS\cc96MQcc.s:193    .text.adc_start_sampling:00000000 adc_start_sampling
C:\WINDOWS\cc96MQcc.s:244    .text.adc_start_sampling:00000030 $d
C:\WINDOWS\cc96MQcc.s:252    .text.adc_stop_sampling:00000000 $t
C:\WINDOWS\cc96MQcc.s:258    .text.adc_stop_sampling:00000000 adc_stop_sampling
C:\WINDOWS\cc96MQcc.s:295    .text.adc_stop_sampling:0000001c $d
C:\WINDOWS\cc96MQcc.s:301    .text.adc_init:00000000 $t
C:\WINDOWS\cc96MQcc.s:307    .text.adc_init:00000000 adc_init
C:\WINDOWS\cc96MQcc.s:507    .text.adc_init:000000a0 $d
C:\WINDOWS\cc96MQcc.s:518    .text.adc_deinit:00000000 $t
C:\WINDOWS\cc96MQcc.s:524    .text.adc_deinit:00000000 adc_deinit
C:\WINDOWS\cc96MQcc.s:575    .text.adc_deinit:0000002c $d
C:\WINDOWS\cc96MQcc.s:583    .text.adc_read_samples:00000000 $t
C:\WINDOWS\cc96MQcc.s:589    .text.adc_read_samples:00000000 adc_read_samples
C:\WINDOWS\cc96MQcc.s:694    .text.adc_read_samples:00000048 $d
C:\WINDOWS\cc96MQcc.s:702    .text.adc_register_data_callback:00000000 $t
C:\WINDOWS\cc96MQcc.s:708    .text.adc_register_data_callback:00000000 adc_register_data_callback
C:\WINDOWS\cc96MQcc.s:729    .text.adc_register_data_callback:00000008 $d
C:\WINDOWS\cc96MQcc.s:734    .text.adc_get_status:00000000 $t
C:\WINDOWS\cc96MQcc.s:740    .text.adc_get_status:00000000 adc_get_status
C:\WINDOWS\cc96MQcc.s:805    .text.adc_get_status:00000030 $d
C:\WINDOWS\cc96MQcc.s:812    .text.adc_get_max_sample_rate:00000000 $t
C:\WINDOWS\cc96MQcc.s:818    .text.adc_get_max_sample_rate:00000000 adc_get_max_sample_rate
C:\WINDOWS\cc96MQcc.s:832    .text.adc_get_max_sample_rate:00000004 $d
C:\WINDOWS\cc96MQcc.s:837    .text.adc_get_resolution:00000000 $t
C:\WINDOWS\cc96MQcc.s:843    .text.adc_get_resolution:00000000 adc_get_resolution
C:\WINDOWS\cc96MQcc.s:858    .text.HAL_ADC_ConvHalfCpltCallback:00000000 $t
C:\WINDOWS\cc96MQcc.s:864    .text.HAL_ADC_ConvHalfCpltCallback:00000000 HAL_ADC_ConvHalfCpltCallback
C:\WINDOWS\cc96MQcc.s:939    .text.HAL_ADC_ConvHalfCpltCallback:00000048 $d
C:\WINDOWS\cc96MQcc.s:947    .text.HAL_ADC_ConvCpltCallback:00000000 $t
C:\WINDOWS\cc96MQcc.s:953    .text.HAL_ADC_ConvCpltCallback:00000000 HAL_ADC_ConvCpltCallback
C:\WINDOWS\cc96MQcc.s:1028   .text.HAL_ADC_ConvCpltCallback:00000048 $d
C:\WINDOWS\cc96MQcc.s:1036   .bss.g_adc_buffer:00000000 $d
C:\WINDOWS\cc96MQcc.s:1040   .bss.g_adc_buffer:00000000 g_adc_buffer
C:\WINDOWS\cc96MQcc.s:1043   .bss.g_adc_callback:00000000 $d
C:\WINDOWS\cc96MQcc.s:1047   .bss.g_adc_callback:00000000 g_adc_callback
C:\WINDOWS\cc96MQcc.s:1050   .bss.g_adc_config:00000000 $d
C:\WINDOWS\cc96MQcc.s:1054   .bss.g_adc_config:00000000 g_adc_config
C:\WINDOWS\cc96MQcc.s:1057   .bss.g_adc_dma_handle:00000000 $d
C:\WINDOWS\cc96MQcc.s:1061   .bss.g_adc_dma_handle:00000000 g_adc_dma_handle
C:\WINDOWS\cc96MQcc.s:1064   .bss.g_adc_handle:00000000 $d
C:\WINDOWS\cc96MQcc.s:1068   .bss.g_adc_handle:00000000 g_adc_handle
C:\WINDOWS\cc96MQcc.s:1074   .bss.g_adc_initialized:00000000 g_adc_initialized
C:\WINDOWS\cc96MQcc.s:1075   .bss.g_adc_initialized:00000000 $d
C:\WINDOWS\cc96MQcc.s:1080   .bss.g_adc_sampling:00000000 g_adc_sampling
C:\WINDOWS\cc96MQcc.s:1081   .bss.g_adc_sampling:00000000 $d

UNDEFINED SYMBOLS
HAL_GPIO_Init
HAL_DMA_Init
ARM GAS  C:\WINDOWS\cc96MQcc.s 			page 28


HAL_ADC_Start_DMA
HAL_ADC_Stop_DMA
memset
HAL_ADC_Init
HAL_ADC_ConfigChannel
HAL_ADC_DeInit
HAL_DMA_DeInit
device_get_uptime_us
