ARM GAS  C:\WINDOWS\ccZj7whh.s 			page 1


   1              		.cpu cortex-m3
   2              		.arch armv7-m
   3              		.fpu softvfp
   4              		.eabi_attribute 20, 1
   5              		.eabi_attribute 21, 1
   6              		.eabi_attribute 23, 3
   7              		.eabi_attribute 24, 1
   8              		.eabi_attribute 25, 1
   9              		.eabi_attribute 26, 1
  10              		.eabi_attribute 30, 1
  11              		.eabi_attribute 34, 1
  12              		.eabi_attribute 18, 4
  13              		.file	"comm_driver.c"
  14              		.text
  15              	.Ltext0:
  16              		.cfi_sections	.debug_frame
  17              		.section	.text.comm_usart_msp_init,"ax",%progbits
  18              		.align	1
  19              		.syntax unified
  20              		.thumb
  21              		.thumb_func
  23              	comm_usart_msp_init:
  24              	.LVL0:
  25              	.LFB65:
  26              		.file 1 "src/comm_driver.c"
   1:src/comm_driver.c **** /**
   2:src/comm_driver.c ****  * @file    comm_driver.c
   3:src/comm_driver.c ****  * @brief   Communication driver using STM32 HAL UART API (interrupt mode).
   4:src/comm_driver.c ****  *          USART + optional USB CDC. Supports runtime interface switching.
   5:src/comm_driver.c ****  */
   6:src/comm_driver.c **** 
   7:src/comm_driver.c **** #include "comm_api.h"
   8:src/comm_driver.c **** #include "device_api.h"
   9:src/comm_driver.c **** #include "device_config.h"
  10:src/comm_driver.c **** #include "protocol.h"
  11:src/comm_driver.c **** #include <string.h>
  12:src/comm_driver.c **** 
  13:src/comm_driver.c **** #if defined(STM32F103xB)
  14:src/comm_driver.c **** #include "stm32f1xx_hal.h"
  15:src/comm_driver.c **** #elif defined(STM32F407xx)
  16:src/comm_driver.c **** #include "stm32f4xx_hal.h"
  17:src/comm_driver.c **** #endif
  18:src/comm_driver.c **** 
  19:src/comm_driver.c **** #if HAS_USB_CDC
  20:src/comm_driver.c **** #if defined(STM32F407xx)
  21:src/comm_driver.c **** #include "stm32f4xx_hal_pcd.h"
  22:src/comm_driver.c **** #include "usbd_core.h"
  23:src/comm_driver.c **** #include "usbd_desc.h"
  24:src/comm_driver.c **** #include "usbd_cdc.h"
  25:src/comm_driver.c **** #include "usbd_cdc_if.h"
  26:src/comm_driver.c **** #endif
  27:src/comm_driver.c **** #endif
  28:src/comm_driver.c **** 
  29:src/comm_driver.c **** /*============================================================================
  30:src/comm_driver.c ****  * Internal State
  31:src/comm_driver.c ****  *============================================================================*/
  32:src/comm_driver.c **** 
ARM GAS  C:\WINDOWS\ccZj7whh.s 			page 2


  33:src/comm_driver.c **** static UART_HandleTypeDef g_uart_handle;
  34:src/comm_driver.c **** static uint8_t           g_comm_initialized = 0;
  35:src/comm_driver.c **** static comm_config_t     g_comm_config;
  36:src/comm_driver.c **** 
  37:src/comm_driver.c **** /* RX ring buffer (filled from ISR, drained by main loop) */
  38:src/comm_driver.c **** static uint8_t           g_rx_byte;
  39:src/comm_driver.c **** static uint8_t           g_rx_buf[COMM_RX_BUF_SIZE];
  40:src/comm_driver.c **** static volatile uint16_t g_rx_head = 0;
  41:src/comm_driver.c **** static volatile uint16_t g_rx_tail = 0;
  42:src/comm_driver.c **** 
  43:src/comm_driver.c **** /*============================================================================
  44:src/comm_driver.c ****  * USART MSP Initialization
  45:src/comm_driver.c ****  *============================================================================*/
  46:src/comm_driver.c **** 
  47:src/comm_driver.c **** static void comm_usart_msp_init(uint32_t baudrate)
  48:src/comm_driver.c **** {
  27              		.loc 1 48 1 view -0
  28              		.cfi_startproc
  29              		@ args = 0, pretend = 0, frame = 24
  30              		@ frame_needed = 0, uses_anonymous_args = 0
  31              		.loc 1 48 1 is_stmt 0 view .LVU1
  32 0000 2DE9F041 		push	{r4, r5, r6, r7, r8, lr}
  33              	.LCFI0:
  34              		.cfi_def_cfa_offset 24
  35              		.cfi_offset 4, -24
  36              		.cfi_offset 5, -20
  37              		.cfi_offset 6, -16
  38              		.cfi_offset 7, -12
  39              		.cfi_offset 8, -8
  40              		.cfi_offset 14, -4
  41 0004 86B0     		sub	sp, sp, #24
  42              	.LCFI1:
  43              		.cfi_def_cfa_offset 48
  44 0006 0746     		mov	r7, r0
  49:src/comm_driver.c ****     COMM_USART_GPIO_CLK_ENABLE();
  45              		.loc 1 49 5 is_stmt 1 view .LVU2
  46              	.LBB2:
  47              		.loc 1 49 5 view .LVU3
  48              		.loc 1 49 5 view .LVU4
  49 0008 284B     		ldr	r3, .L3
  50 000a 9A69     		ldr	r2, [r3, #24]
  51 000c 42F00402 		orr	r2, r2, #4
  52 0010 9A61     		str	r2, [r3, #24]
  53              		.loc 1 49 5 view .LVU5
  54 0012 9A69     		ldr	r2, [r3, #24]
  55 0014 02F00402 		and	r2, r2, #4
  56 0018 0092     		str	r2, [sp]
  57              		.loc 1 49 5 view .LVU6
  58 001a 009A     		ldr	r2, [sp]
  59              	.LBE2:
  60              		.loc 1 49 5 view .LVU7
  50:src/comm_driver.c ****     COMM_USART_CLK_ENABLE();
  61              		.loc 1 50 5 view .LVU8
  62              	.LBB3:
  63              		.loc 1 50 5 view .LVU9
  64              		.loc 1 50 5 view .LVU10
  65 001c 9A69     		ldr	r2, [r3, #24]
ARM GAS  C:\WINDOWS\ccZj7whh.s 			page 3


  66 001e 42F48042 		orr	r2, r2, #16384
  67 0022 9A61     		str	r2, [r3, #24]
  68              		.loc 1 50 5 view .LVU11
  69 0024 9B69     		ldr	r3, [r3, #24]
  70 0026 03F48043 		and	r3, r3, #16384
  71 002a 0193     		str	r3, [sp, #4]
  72              		.loc 1 50 5 view .LVU12
  73 002c 019B     		ldr	r3, [sp, #4]
  74              	.LBE3:
  75              		.loc 1 50 5 view .LVU13
  51:src/comm_driver.c **** 
  52:src/comm_driver.c ****     /* TX pin */
  53:src/comm_driver.c ****     GPIO_InitTypeDef gpio = {0};
  76              		.loc 1 53 5 view .LVU14
  77              		.loc 1 53 22 is_stmt 0 view .LVU15
  78 002e 0024     		movs	r4, #0
  79 0030 0294     		str	r4, [sp, #8]
  80 0032 0394     		str	r4, [sp, #12]
  81 0034 0494     		str	r4, [sp, #16]
  82 0036 0594     		str	r4, [sp, #20]
  54:src/comm_driver.c ****     gpio.Mode  = GPIO_MODE_AF_PP;
  83              		.loc 1 54 5 is_stmt 1 view .LVU16
  84              		.loc 1 54 16 is_stmt 0 view .LVU17
  85 0038 0223     		movs	r3, #2
  86 003a 0393     		str	r3, [sp, #12]
  55:src/comm_driver.c ****     gpio.Pull  = GPIO_PULLUP;
  87              		.loc 1 55 5 is_stmt 1 view .LVU18
  88              		.loc 1 55 16 is_stmt 0 view .LVU19
  89 003c 0126     		movs	r6, #1
  90 003e 0496     		str	r6, [sp, #16]
  56:src/comm_driver.c ****     gpio.Speed = GPIO_SPEED_FREQ_HIGH;
  91              		.loc 1 56 5 is_stmt 1 view .LVU20
  92              		.loc 1 56 16 is_stmt 0 view .LVU21
  93 0040 4FF00308 		mov	r8, #3
  94 0044 CDF81480 		str	r8, [sp, #20]
  57:src/comm_driver.c ****     gpio.Pin   = COMM_USART_TX_PIN;
  95              		.loc 1 57 5 is_stmt 1 view .LVU22
  96              		.loc 1 57 16 is_stmt 0 view .LVU23
  97 0048 4FF40073 		mov	r3, #512
  98 004c 0293     		str	r3, [sp, #8]
  58:src/comm_driver.c **** #if defined(STM32F407xx)
  59:src/comm_driver.c ****     gpio.Alternate = GPIO_AF7_USART1;
  60:src/comm_driver.c **** #endif
  61:src/comm_driver.c ****     HAL_GPIO_Init(COMM_USART_TX_PORT, &gpio);
  99              		.loc 1 61 5 is_stmt 1 view .LVU24
 100 004e 184D     		ldr	r5, .L3+4
 101 0050 02A9     		add	r1, sp, #8
 102 0052 2846     		mov	r0, r5
 103              	.LVL1:
 104              		.loc 1 61 5 is_stmt 0 view .LVU25
 105 0054 FFF7FEFF 		bl	HAL_GPIO_Init
 106              	.LVL2:
  62:src/comm_driver.c **** 
  63:src/comm_driver.c ****     /* RX pin */
  64:src/comm_driver.c ****     gpio.Mode  = GPIO_MODE_INPUT;
 107              		.loc 1 64 5 is_stmt 1 view .LVU26
 108              		.loc 1 64 16 is_stmt 0 view .LVU27
ARM GAS  C:\WINDOWS\ccZj7whh.s 			page 4


 109 0058 0394     		str	r4, [sp, #12]
  65:src/comm_driver.c ****     gpio.Pull  = GPIO_PULLUP;
 110              		.loc 1 65 5 is_stmt 1 view .LVU28
 111              		.loc 1 65 16 is_stmt 0 view .LVU29
 112 005a 0496     		str	r6, [sp, #16]
  66:src/comm_driver.c ****     gpio.Speed = GPIO_SPEED_FREQ_HIGH;
 113              		.loc 1 66 5 is_stmt 1 view .LVU30
 114              		.loc 1 66 16 is_stmt 0 view .LVU31
 115 005c CDF81480 		str	r8, [sp, #20]
  67:src/comm_driver.c ****     gpio.Pin   = COMM_USART_RX_PIN;
 116              		.loc 1 67 5 is_stmt 1 view .LVU32
 117              		.loc 1 67 16 is_stmt 0 view .LVU33
 118 0060 4FF48063 		mov	r3, #1024
 119 0064 0293     		str	r3, [sp, #8]
  68:src/comm_driver.c ****     HAL_GPIO_Init(COMM_USART_RX_PORT, &gpio);
 120              		.loc 1 68 5 is_stmt 1 view .LVU34
 121 0066 02A9     		add	r1, sp, #8
 122 0068 2846     		mov	r0, r5
 123 006a FFF7FEFF 		bl	HAL_GPIO_Init
 124              	.LVL3:
  69:src/comm_driver.c **** 
  70:src/comm_driver.c ****     /* USART config */
  71:src/comm_driver.c ****     memset(&g_uart_handle, 0, sizeof(g_uart_handle));
 125              		.loc 1 71 5 view .LVU35
 126 006e 114D     		ldr	r5, .L3+8
 127 0070 4822     		movs	r2, #72
 128 0072 2146     		mov	r1, r4
 129 0074 2846     		mov	r0, r5
 130 0076 FFF7FEFF 		bl	memset
 131              	.LVL4:
  72:src/comm_driver.c ****     g_uart_handle.Instance          = COMM_USART;
 132              		.loc 1 72 5 view .LVU36
 133              		.loc 1 72 37 is_stmt 0 view .LVU37
 134 007a 0F4B     		ldr	r3, .L3+12
 135 007c 2B60     		str	r3, [r5]
  73:src/comm_driver.c ****     g_uart_handle.Init.BaudRate     = baudrate;
 136              		.loc 1 73 5 is_stmt 1 view .LVU38
 137              		.loc 1 73 37 is_stmt 0 view .LVU39
 138 007e 6F60     		str	r7, [r5, #4]
  74:src/comm_driver.c ****     g_uart_handle.Init.WordLength   = UART_WORDLENGTH_8B;
 139              		.loc 1 74 5 is_stmt 1 view .LVU40
  75:src/comm_driver.c ****     g_uart_handle.Init.StopBits     = UART_STOPBITS_1;
 140              		.loc 1 75 5 view .LVU41
  76:src/comm_driver.c ****     g_uart_handle.Init.Parity       = UART_PARITY_NONE;
 141              		.loc 1 76 5 view .LVU42
  77:src/comm_driver.c ****     g_uart_handle.Init.Mode         = UART_MODE_TX_RX;
 142              		.loc 1 77 5 view .LVU43
 143              		.loc 1 77 37 is_stmt 0 view .LVU44
 144 0080 0C23     		movs	r3, #12
 145 0082 6B61     		str	r3, [r5, #20]
  78:src/comm_driver.c ****     g_uart_handle.Init.HwFlowCtl    = UART_HWCONTROL_NONE;
 146              		.loc 1 78 5 is_stmt 1 view .LVU45
  79:src/comm_driver.c ****     g_uart_handle.Init.OverSampling = UART_OVERSAMPLING_16;
 147              		.loc 1 79 5 view .LVU46
  80:src/comm_driver.c **** 
  81:src/comm_driver.c ****     HAL_UART_Init(&g_uart_handle);
 148              		.loc 1 81 5 view .LVU47
ARM GAS  C:\WINDOWS\ccZj7whh.s 			page 5


 149 0084 2846     		mov	r0, r5
 150 0086 FFF7FEFF 		bl	HAL_UART_Init
 151              	.LVL5:
  82:src/comm_driver.c **** 
  83:src/comm_driver.c ****     /* Enable USART interrupt in NVIC */
  84:src/comm_driver.c ****     HAL_NVIC_SetPriority(COMM_USART_IRQn, 0, 0);
 152              		.loc 1 84 5 view .LVU48
 153 008a 2246     		mov	r2, r4
 154 008c 2146     		mov	r1, r4
 155 008e 2520     		movs	r0, #37
 156 0090 FFF7FEFF 		bl	HAL_NVIC_SetPriority
 157              	.LVL6:
  85:src/comm_driver.c ****     HAL_NVIC_EnableIRQ(COMM_USART_IRQn);
 158              		.loc 1 85 5 view .LVU49
 159 0094 2520     		movs	r0, #37
 160 0096 FFF7FEFF 		bl	HAL_NVIC_EnableIRQ
 161              	.LVL7:
  86:src/comm_driver.c **** 
  87:src/comm_driver.c ****     /* Start interrupt-based receive (1 byte at a time) */
  88:src/comm_driver.c ****     HAL_UART_Receive_IT(&g_uart_handle, &g_rx_byte, 1);
 162              		.loc 1 88 5 view .LVU50
 163 009a 3246     		mov	r2, r6
 164 009c 0749     		ldr	r1, .L3+16
 165 009e 2846     		mov	r0, r5
 166 00a0 FFF7FEFF 		bl	HAL_UART_Receive_IT
 167              	.LVL8:
  89:src/comm_driver.c **** }
 168              		.loc 1 89 1 is_stmt 0 view .LVU51
 169 00a4 06B0     		add	sp, sp, #24
 170              	.LCFI2:
 171              		.cfi_def_cfa_offset 24
 172              		@ sp needed
 173 00a6 BDE8F081 		pop	{r4, r5, r6, r7, r8, pc}
 174              	.LVL9:
 175              	.L4:
 176              		.loc 1 89 1 view .LVU52
 177 00aa 00BF     		.align	2
 178              	.L3:
 179 00ac 00100240 		.word	1073876992
 180 00b0 00080140 		.word	1073809408
 181 00b4 00000000 		.word	.LANCHOR0
 182 00b8 00380140 		.word	1073821696
 183 00bc 00000000 		.word	.LANCHOR1
 184              		.cfi_endproc
 185              	.LFE65:
 187              		.section	.text.HAL_UART_RxCpltCallback,"ax",%progbits
 188              		.align	1
 189              		.global	HAL_UART_RxCpltCallback
 190              		.syntax unified
 191              		.thumb
 192              		.thumb_func
 194              	HAL_UART_RxCpltCallback:
 195              	.LVL10:
 196              	.LFB66:
  90:src/comm_driver.c **** 
  91:src/comm_driver.c **** /*============================================================================
  92:src/comm_driver.c ****  * USB CDC MSP Initialization (F4 only)
ARM GAS  C:\WINDOWS\ccZj7whh.s 			page 6


  93:src/comm_driver.c ****  *============================================================================*/
  94:src/comm_driver.c **** 
  95:src/comm_driver.c **** #if HAS_USB_CDC
  96:src/comm_driver.c **** static void comm_usb_cdc_msp_init(void)
  97:src/comm_driver.c **** {
  98:src/comm_driver.c ****     USB_CDC_CLK_ENABLE();
  99:src/comm_driver.c ****     USB_CDC_GPIO_CLK_ENABLE();
 100:src/comm_driver.c **** 
 101:src/comm_driver.c ****     GPIO_InitTypeDef gpio = {0};
 102:src/comm_driver.c ****     gpio.Mode  = GPIO_MODE_AF_PP;
 103:src/comm_driver.c ****     gpio.Pull  = GPIO_NOPULL;
 104:src/comm_driver.c ****     gpio.Speed = GPIO_SPEED_FREQ_VERY_HIGH;
 105:src/comm_driver.c ****     gpio.Pin       = USB_CDC_DP_PIN;
 106:src/comm_driver.c ****     gpio.Alternate = GPIO_AF10_OTG_FS;
 107:src/comm_driver.c ****     HAL_GPIO_Init(USB_CDC_DP_PORT, &gpio);
 108:src/comm_driver.c ****     gpio.Pin       = USB_CDC_DM_PIN;
 109:src/comm_driver.c ****     HAL_GPIO_Init(USB_CDC_DM_PORT, &gpio);
 110:src/comm_driver.c ****     gpio.Pin       = USB_CDC_ID_PIN;
 111:src/comm_driver.c ****     HAL_GPIO_Init(USB_CDC_ID_PORT, &gpio);
 112:src/comm_driver.c ****     gpio.Pull      = GPIO_PULLUP;
 113:src/comm_driver.c ****     gpio.Pin       = USB_CDC_VBUS_PIN;
 114:src/comm_driver.c ****     HAL_GPIO_Init(USB_CDC_VBUS_PORT, &gpio);
 115:src/comm_driver.c **** 
 116:src/comm_driver.c ****     HAL_NVIC_SetPriority(USB_CDC_IRQn, 0, 0);
 117:src/comm_driver.c ****     HAL_NVIC_EnableIRQ(USB_CDC_IRQn);
 118:src/comm_driver.c **** }
 119:src/comm_driver.c **** #endif
 120:src/comm_driver.c **** 
 121:src/comm_driver.c **** /*============================================================================
 122:src/comm_driver.c ****  * USART ISR Callback (called from HAL_UART_IRQHandler)
 123:src/comm_driver.c ****  *============================================================================*/
 124:src/comm_driver.c **** 
 125:src/comm_driver.c **** void HAL_UART_RxCpltCallback(UART_HandleTypeDef *huart)
 126:src/comm_driver.c **** {
 197              		.loc 1 126 1 is_stmt 1 view -0
 198              		.cfi_startproc
 199              		@ args = 0, pretend = 0, frame = 0
 200              		@ frame_needed = 0, uses_anonymous_args = 0
 201              		.loc 1 126 1 is_stmt 0 view .LVU54
 202 0000 08B5     		push	{r3, lr}
 203              	.LCFI3:
 204              		.cfi_def_cfa_offset 8
 205              		.cfi_offset 3, -8
 206              		.cfi_offset 14, -4
 127:src/comm_driver.c ****     if (huart == &g_uart_handle) {
 207              		.loc 1 127 5 is_stmt 1 view .LVU55
 208              		.loc 1 127 8 is_stmt 0 view .LVU56
 209 0002 114B     		ldr	r3, .L10
 210 0004 8342     		cmp	r3, r0
 211 0006 00D0     		beq	.L9
 212              	.LVL11:
 213              	.L5:
 128:src/comm_driver.c ****         uint16_t next = (g_rx_head + 1) % COMM_RX_BUF_SIZE;
 129:src/comm_driver.c ****         if (next != g_rx_tail) {
 130:src/comm_driver.c ****             g_rx_buf[g_rx_head] = g_rx_byte;
 131:src/comm_driver.c ****             g_rx_head = next;
 132:src/comm_driver.c ****         }
ARM GAS  C:\WINDOWS\ccZj7whh.s 			page 7


 133:src/comm_driver.c ****         /* Re-arm for next byte */
 134:src/comm_driver.c ****         HAL_UART_Receive_IT(&g_uart_handle, &g_rx_byte, 1);
 135:src/comm_driver.c ****     }
 136:src/comm_driver.c **** }
 214              		.loc 1 136 1 view .LVU57
 215 0008 08BD     		pop	{r3, pc}
 216              	.LVL12:
 217              	.L9:
 218              	.LBB4:
 128:src/comm_driver.c ****         uint16_t next = (g_rx_head + 1) % COMM_RX_BUF_SIZE;
 219              		.loc 1 128 9 is_stmt 1 view .LVU58
 128:src/comm_driver.c ****         uint16_t next = (g_rx_head + 1) % COMM_RX_BUF_SIZE;
 220              		.loc 1 128 36 is_stmt 0 view .LVU59
 221 000a 104B     		ldr	r3, .L10+4
 222 000c 1B88     		ldrh	r3, [r3]
 223 000e 9BB2     		uxth	r3, r3
 224 0010 0133     		adds	r3, r3, #1
 128:src/comm_driver.c ****         uint16_t next = (g_rx_head + 1) % COMM_RX_BUF_SIZE;
 225              		.loc 1 128 41 view .LVU60
 226 0012 5A42     		rsbs	r2, r3, #0
 227 0014 DBB2     		uxtb	r3, r3
 228 0016 D2B2     		uxtb	r2, r2
 229 0018 58BF     		it	pl
 230 001a 5342     		rsbpl	r3, r2, #0
 128:src/comm_driver.c ****         uint16_t next = (g_rx_head + 1) % COMM_RX_BUF_SIZE;
 231              		.loc 1 128 18 view .LVU61
 232 001c 9BB2     		uxth	r3, r3
 233              	.LVL13:
 129:src/comm_driver.c ****             g_rx_buf[g_rx_head] = g_rx_byte;
 234              		.loc 1 129 9 is_stmt 1 view .LVU62
 129:src/comm_driver.c ****             g_rx_buf[g_rx_head] = g_rx_byte;
 235              		.loc 1 129 18 is_stmt 0 view .LVU63
 236 001e 0C4A     		ldr	r2, .L10+8
 237 0020 1288     		ldrh	r2, [r2]
 238 0022 92B2     		uxth	r2, r2
 129:src/comm_driver.c ****             g_rx_buf[g_rx_head] = g_rx_byte;
 239              		.loc 1 129 12 view .LVU64
 240 0024 9A42     		cmp	r2, r3
 241 0026 09D0     		beq	.L7
 130:src/comm_driver.c ****             g_rx_head = next;
 242              		.loc 1 130 13 is_stmt 1 view .LVU65
 130:src/comm_driver.c ****             g_rx_head = next;
 243              		.loc 1 130 21 is_stmt 0 view .LVU66
 244 0028 0849     		ldr	r1, .L10+4
 245 002a 0A88     		ldrh	r2, [r1]
 246 002c 92B2     		uxth	r2, r2
 130:src/comm_driver.c ****             g_rx_head = next;
 247              		.loc 1 130 33 view .LVU67
 248 002e 0948     		ldr	r0, .L10+12
 249              	.LVL14:
 130:src/comm_driver.c ****             g_rx_head = next;
 250              		.loc 1 130 33 view .LVU68
 251 0030 90F800C0 		ldrb	ip, [r0]	@ zero_extendqisi2
 252 0034 0848     		ldr	r0, .L10+16
 253 0036 00F802C0 		strb	ip, [r0, r2]
 131:src/comm_driver.c ****         }
 254              		.loc 1 131 13 is_stmt 1 view .LVU69
ARM GAS  C:\WINDOWS\ccZj7whh.s 			page 8


 131:src/comm_driver.c ****         }
 255              		.loc 1 131 23 is_stmt 0 view .LVU70
 256 003a 0B80     		strh	r3, [r1]	@ movhi
 257              	.L7:
 134:src/comm_driver.c ****     }
 258              		.loc 1 134 9 is_stmt 1 view .LVU71
 259 003c 0122     		movs	r2, #1
 260 003e 0549     		ldr	r1, .L10+12
 261 0040 0148     		ldr	r0, .L10
 262 0042 FFF7FEFF 		bl	HAL_UART_Receive_IT
 263              	.LVL15:
 134:src/comm_driver.c ****     }
 264              		.loc 1 134 9 is_stmt 0 view .LVU72
 265              	.LBE4:
 266              		.loc 1 136 1 view .LVU73
 267 0046 DFE7     		b	.L5
 268              	.L11:
 269              		.align	2
 270              	.L10:
 271 0048 00000000 		.word	.LANCHOR0
 272 004c 00000000 		.word	.LANCHOR2
 273 0050 00000000 		.word	.LANCHOR3
 274 0054 00000000 		.word	.LANCHOR1
 275 0058 00000000 		.word	.LANCHOR4
 276              		.cfi_endproc
 277              	.LFE66:
 279              		.section	.text.USART1_IRQHandler,"ax",%progbits
 280              		.align	1
 281              		.global	USART1_IRQHandler
 282              		.syntax unified
 283              		.thumb
 284              		.thumb_func
 286              	USART1_IRQHandler:
 287              	.LFB67:
 137:src/comm_driver.c **** 
 138:src/comm_driver.c **** /**
 139:src/comm_driver.c ****  * @brief USART IRQ handler — delegates to HAL.
 140:src/comm_driver.c ****  */
 141:src/comm_driver.c **** void COMM_USART_IRQHandler(void)
 142:src/comm_driver.c **** {
 288              		.loc 1 142 1 is_stmt 1 view -0
 289              		.cfi_startproc
 290              		@ args = 0, pretend = 0, frame = 0
 291              		@ frame_needed = 0, uses_anonymous_args = 0
 292 0000 08B5     		push	{r3, lr}
 293              	.LCFI4:
 294              		.cfi_def_cfa_offset 8
 295              		.cfi_offset 3, -8
 296              		.cfi_offset 14, -4
 143:src/comm_driver.c ****     HAL_UART_IRQHandler(&g_uart_handle);
 297              		.loc 1 143 5 view .LVU75
 298 0002 0248     		ldr	r0, .L14
 299 0004 FFF7FEFF 		bl	HAL_UART_IRQHandler
 300              	.LVL16:
 144:src/comm_driver.c **** }
 301              		.loc 1 144 1 is_stmt 0 view .LVU76
 302 0008 08BD     		pop	{r3, pc}
ARM GAS  C:\WINDOWS\ccZj7whh.s 			page 9


 303              	.L15:
 304 000a 00BF     		.align	2
 305              	.L14:
 306 000c 00000000 		.word	.LANCHOR0
 307              		.cfi_endproc
 308              	.LFE67:
 310              		.section	.text.comm_init,"ax",%progbits
 311              		.align	1
 312              		.global	comm_init
 313              		.syntax unified
 314              		.thumb
 315              		.thumb_func
 317              	comm_init:
 318              	.LVL17:
 319              	.LFB68:
 145:src/comm_driver.c **** 
 146:src/comm_driver.c **** /*============================================================================
 147:src/comm_driver.c ****  * Public API
 148:src/comm_driver.c ****  *============================================================================*/
 149:src/comm_driver.c **** 
 150:src/comm_driver.c **** comm_status_t comm_init(const comm_config_t *config)
 151:src/comm_driver.c **** {
 320              		.loc 1 151 1 is_stmt 1 view -0
 321              		.cfi_startproc
 322              		@ args = 0, pretend = 0, frame = 0
 323              		@ frame_needed = 0, uses_anonymous_args = 0
 152:src/comm_driver.c ****     if (!config) return COMM_ERR_PARAM;
 324              		.loc 1 152 5 view .LVU78
 325              		.loc 1 152 8 is_stmt 0 view .LVU79
 326 0000 80B1     		cbz	r0, .L18
 151:src/comm_driver.c ****     if (!config) return COMM_ERR_PARAM;
 327              		.loc 1 151 1 view .LVU80
 328 0002 08B5     		push	{r3, lr}
 329              	.LCFI5:
 330              		.cfi_def_cfa_offset 8
 331              		.cfi_offset 3, -8
 332              		.cfi_offset 14, -4
 333 0004 0346     		mov	r3, r0
 153:src/comm_driver.c ****     memcpy(&g_comm_config, config, sizeof(comm_config_t));
 334              		.loc 1 153 5 is_stmt 1 view .LVU81
 335 0006 0A4A     		ldr	r2, .L24
 336 0008 0068     		ldr	r0, [r0]	@ unaligned
 337              	.LVL18:
 338              		.loc 1 153 5 is_stmt 0 view .LVU82
 339 000a 5968     		ldr	r1, [r3, #4]	@ unaligned
 340 000c 03C2     		stmia	r2!, {r0, r1}
 154:src/comm_driver.c **** 
 155:src/comm_driver.c ****     if (config->type == COMM_IF_USB_CDC) {
 341              		.loc 1 155 5 is_stmt 1 view .LVU83
 342              		.loc 1 155 15 is_stmt 0 view .LVU84
 343 000e 1A78     		ldrb	r2, [r3]	@ zero_extendqisi2
 344              		.loc 1 155 8 view .LVU85
 345 0010 012A     		cmp	r2, #1
 346 0012 0AD0     		beq	.L19
 156:src/comm_driver.c **** #if HAS_USB_CDC
 157:src/comm_driver.c ****         comm_usb_cdc_msp_init();
 158:src/comm_driver.c **** #else
ARM GAS  C:\WINDOWS\ccZj7whh.s 			page 10


 159:src/comm_driver.c ****         return COMM_ERR_HW;
 160:src/comm_driver.c **** #endif
 161:src/comm_driver.c ****     }
 162:src/comm_driver.c **** 
 163:src/comm_driver.c ****     comm_usart_msp_init(config->baudrate);
 347              		.loc 1 163 5 is_stmt 1 view .LVU86
 348 0014 5868     		ldr	r0, [r3, #4]
 349 0016 FFF7FEFF 		bl	comm_usart_msp_init
 350              	.LVL19:
 164:src/comm_driver.c ****     g_comm_initialized = 1;
 351              		.loc 1 164 5 view .LVU87
 352              		.loc 1 164 24 is_stmt 0 view .LVU88
 353 001a 064B     		ldr	r3, .L24+4
 354 001c 0122     		movs	r2, #1
 355 001e 1A70     		strb	r2, [r3]
 165:src/comm_driver.c ****     return COMM_OK;
 356              		.loc 1 165 5 is_stmt 1 view .LVU89
 357              		.loc 1 165 12 is_stmt 0 view .LVU90
 358 0020 0020     		movs	r0, #0
 359              	.L17:
 166:src/comm_driver.c **** }
 360              		.loc 1 166 1 view .LVU91
 361 0022 08BD     		pop	{r3, pc}
 362              	.LVL20:
 363              	.L18:
 364              	.LCFI6:
 365              		.cfi_def_cfa_offset 0
 366              		.cfi_restore 3
 367              		.cfi_restore 14
 152:src/comm_driver.c ****     memcpy(&g_comm_config, config, sizeof(comm_config_t));
 368              		.loc 1 152 25 view .LVU92
 369 0024 4FF0FF30 		mov	r0, #-1
 370              	.LVL21:
 371              		.loc 1 166 1 view .LVU93
 372 0028 7047     		bx	lr
 373              	.LVL22:
 374              	.L19:
 375              	.LCFI7:
 376              		.cfi_def_cfa_offset 8
 377              		.cfi_offset 3, -8
 378              		.cfi_offset 14, -4
 159:src/comm_driver.c **** #endif
 379              		.loc 1 159 16 view .LVU94
 380 002a 6FF00500 		mvn	r0, #5
 381 002e F8E7     		b	.L17
 382              	.L25:
 383              		.align	2
 384              	.L24:
 385 0030 00000000 		.word	.LANCHOR5
 386 0034 00000000 		.word	.LANCHOR6
 387              		.cfi_endproc
 388              	.LFE68:
 390              		.section	.text.comm_switch_interface,"ax",%progbits
 391              		.align	1
 392              		.global	comm_switch_interface
 393              		.syntax unified
 394              		.thumb
ARM GAS  C:\WINDOWS\ccZj7whh.s 			page 11


 395              		.thumb_func
 397              	comm_switch_interface:
 398              	.LVL23:
 399              	.LFB69:
 167:src/comm_driver.c **** 
 168:src/comm_driver.c **** comm_status_t comm_switch_interface(comm_interface_t new_type, uint32_t baudrate)
 169:src/comm_driver.c **** {
 400              		.loc 1 169 1 is_stmt 1 view -0
 401              		.cfi_startproc
 402              		@ args = 0, pretend = 0, frame = 0
 403              		@ frame_needed = 0, uses_anonymous_args = 0
 404              		.loc 1 169 1 is_stmt 0 view .LVU96
 405 0000 38B5     		push	{r3, r4, r5, lr}
 406              	.LCFI8:
 407              		.cfi_def_cfa_offset 16
 408              		.cfi_offset 3, -16
 409              		.cfi_offset 4, -12
 410              		.cfi_offset 5, -8
 411              		.cfi_offset 14, -4
 170:src/comm_driver.c ****     if (!g_comm_initialized) return COMM_ERR_NOT_INIT;
 412              		.loc 1 170 5 is_stmt 1 view .LVU97
 413              		.loc 1 170 9 is_stmt 0 view .LVU98
 414 0002 0C4B     		ldr	r3, .L31
 415 0004 1B78     		ldrb	r3, [r3]	@ zero_extendqisi2
 416              		.loc 1 170 8 view .LVU99
 417 0006 73B1     		cbz	r3, .L28
 418 0008 0446     		mov	r4, r0
 419 000a 0D46     		mov	r5, r1
 171:src/comm_driver.c **** 
 172:src/comm_driver.c ****     HAL_UART_DeInit(&g_uart_handle);
 420              		.loc 1 172 5 is_stmt 1 view .LVU100
 421 000c 0A48     		ldr	r0, .L31+4
 422              	.LVL24:
 423              		.loc 1 172 5 is_stmt 0 view .LVU101
 424 000e FFF7FEFF 		bl	HAL_UART_DeInit
 425              	.LVL25:
 173:src/comm_driver.c **** 
 174:src/comm_driver.c ****     if (new_type == COMM_IF_USB_CDC) {
 426              		.loc 1 174 5 is_stmt 1 view .LVU102
 427              		.loc 1 174 8 is_stmt 0 view .LVU103
 428 0012 012C     		cmp	r4, #1
 429 0014 0AD0     		beq	.L29
 175:src/comm_driver.c **** #if HAS_USB_CDC
 176:src/comm_driver.c ****         comm_usb_cdc_msp_init();
 177:src/comm_driver.c **** #else
 178:src/comm_driver.c ****         return COMM_ERR_SWITCH_FAILED;
 179:src/comm_driver.c **** #endif
 180:src/comm_driver.c ****     } else {
 181:src/comm_driver.c ****         comm_usart_msp_init(baudrate);
 430              		.loc 1 181 9 is_stmt 1 view .LVU104
 431 0016 2846     		mov	r0, r5
 432 0018 FFF7FEFF 		bl	comm_usart_msp_init
 433              	.LVL26:
 182:src/comm_driver.c ****     }
 183:src/comm_driver.c **** 
 184:src/comm_driver.c ****     g_comm_config.type = new_type;
 434              		.loc 1 184 5 view .LVU105
ARM GAS  C:\WINDOWS\ccZj7whh.s 			page 12


 435              		.loc 1 184 24 is_stmt 0 view .LVU106
 436 001c 074B     		ldr	r3, .L31+8
 437 001e 1C70     		strb	r4, [r3]
 185:src/comm_driver.c ****     g_comm_config.baudrate = baudrate;
 438              		.loc 1 185 5 is_stmt 1 view .LVU107
 439              		.loc 1 185 28 is_stmt 0 view .LVU108
 440 0020 5D60     		str	r5, [r3, #4]
 186:src/comm_driver.c ****     return COMM_OK;
 441              		.loc 1 186 5 is_stmt 1 view .LVU109
 442              		.loc 1 186 12 is_stmt 0 view .LVU110
 443 0022 0020     		movs	r0, #0
 444              	.LVL27:
 445              	.L27:
 187:src/comm_driver.c **** }
 446              		.loc 1 187 1 view .LVU111
 447 0024 38BD     		pop	{r3, r4, r5, pc}
 448              	.LVL28:
 449              	.L28:
 170:src/comm_driver.c **** 
 450              		.loc 1 170 37 view .LVU112
 451 0026 6FF00100 		mvn	r0, #1
 452              	.LVL29:
 170:src/comm_driver.c **** 
 453              		.loc 1 170 37 view .LVU113
 454 002a FBE7     		b	.L27
 455              	.LVL30:
 456              	.L29:
 178:src/comm_driver.c **** #endif
 457              		.loc 1 178 16 view .LVU114
 458 002c 6FF00600 		mvn	r0, #6
 459 0030 F8E7     		b	.L27
 460              	.L32:
 461 0032 00BF     		.align	2
 462              	.L31:
 463 0034 00000000 		.word	.LANCHOR6
 464 0038 00000000 		.word	.LANCHOR0
 465 003c 00000000 		.word	.LANCHOR5
 466              		.cfi_endproc
 467              	.LFE69:
 469              		.section	.text.comm_get_current_interface,"ax",%progbits
 470              		.align	1
 471              		.global	comm_get_current_interface
 472              		.syntax unified
 473              		.thumb
 474              		.thumb_func
 476              	comm_get_current_interface:
 477              	.LFB70:
 188:src/comm_driver.c **** 
 189:src/comm_driver.c **** comm_interface_t comm_get_current_interface(void)
 190:src/comm_driver.c **** {
 478              		.loc 1 190 1 is_stmt 1 view -0
 479              		.cfi_startproc
 480              		@ args = 0, pretend = 0, frame = 0
 481              		@ frame_needed = 0, uses_anonymous_args = 0
 482              		@ link register save eliminated.
 191:src/comm_driver.c ****     return g_comm_config.type;
 483              		.loc 1 191 5 view .LVU116
ARM GAS  C:\WINDOWS\ccZj7whh.s 			page 13


 192:src/comm_driver.c **** }
 484              		.loc 1 192 1 is_stmt 0 view .LVU117
 485 0000 014B     		ldr	r3, .L34
 486 0002 1878     		ldrb	r0, [r3]	@ zero_extendqisi2
 487 0004 7047     		bx	lr
 488              	.L35:
 489 0006 00BF     		.align	2
 490              	.L34:
 491 0008 00000000 		.word	.LANCHOR5
 492              		.cfi_endproc
 493              	.LFE70:
 495              		.section	.text.comm_send,"ax",%progbits
 496              		.align	1
 497              		.global	comm_send
 498              		.syntax unified
 499              		.thumb
 500              		.thumb_func
 502              	comm_send:
 503              	.LVL31:
 504              	.LFB71:
 193:src/comm_driver.c **** 
 194:src/comm_driver.c **** comm_status_t comm_send(const uint8_t *data, uint16_t length,
 195:src/comm_driver.c ****                         uint32_t timeout_ms)
 196:src/comm_driver.c **** {
 505              		.loc 1 196 1 is_stmt 1 view -0
 506              		.cfi_startproc
 507              		@ args = 0, pretend = 0, frame = 0
 508              		@ frame_needed = 0, uses_anonymous_args = 0
 509              		.loc 1 196 1 is_stmt 0 view .LVU119
 510 0000 08B5     		push	{r3, lr}
 511              	.LCFI9:
 512              		.cfi_def_cfa_offset 8
 513              		.cfi_offset 3, -8
 514              		.cfi_offset 14, -4
 515 0002 1346     		mov	r3, r2
 197:src/comm_driver.c ****     if (!g_comm_initialized) return COMM_ERR_NOT_INIT;
 516              		.loc 1 197 5 is_stmt 1 view .LVU120
 517              		.loc 1 197 9 is_stmt 0 view .LVU121
 518 0004 0E4A     		ldr	r2, .L44
 519              	.LVL32:
 520              		.loc 1 197 9 view .LVU122
 521 0006 1278     		ldrb	r2, [r2]	@ zero_extendqisi2
 522              		.loc 1 197 8 view .LVU123
 523 0008 62B1     		cbz	r2, .L38
 198:src/comm_driver.c ****     if (!data || length == 0) return COMM_OK;
 524              		.loc 1 198 5 is_stmt 1 view .LVU124
 525              		.loc 1 198 8 is_stmt 0 view .LVU125
 526 000a 70B1     		cbz	r0, .L39
 527              		.loc 1 198 15 discriminator 2 view .LVU126
 528 000c 79B1     		cbz	r1, .L40
 199:src/comm_driver.c **** 
 200:src/comm_driver.c ****     if (g_comm_config.type == COMM_IF_USB_CDC) {
 529              		.loc 1 200 5 is_stmt 1 view .LVU127
 530              		.loc 1 200 22 is_stmt 0 view .LVU128
 531 000e 0D4A     		ldr	r2, .L44+4
 532 0010 1278     		ldrb	r2, [r2]	@ zero_extendqisi2
 533              		.loc 1 200 8 view .LVU129
ARM GAS  C:\WINDOWS\ccZj7whh.s 			page 14


 534 0012 012A     		cmp	r2, #1
 535 0014 0DD0     		beq	.L41
 201:src/comm_driver.c **** #if HAS_USB_CDC
 202:src/comm_driver.c ****         USBD_CDC_SetTxBuffer(NULL, (uint8_t *)data, length);
 203:src/comm_driver.c ****         USBD_CDC_TransmitPacket(NULL);
 204:src/comm_driver.c ****         return COMM_OK;
 205:src/comm_driver.c **** #else
 206:src/comm_driver.c ****         return COMM_ERR_HW;
 207:src/comm_driver.c **** #endif
 208:src/comm_driver.c ****     }
 209:src/comm_driver.c **** 
 210:src/comm_driver.c ****     HAL_StatusTypeDef ret = HAL_UART_Transmit(&g_uart_handle,
 536              		.loc 1 210 5 is_stmt 1 view .LVU130
 537              		.loc 1 210 29 is_stmt 0 view .LVU131
 538 0016 0A46     		mov	r2, r1
 539 0018 0146     		mov	r1, r0
 540              	.LVL33:
 541              		.loc 1 210 29 view .LVU132
 542 001a 0B48     		ldr	r0, .L44+8
 543              	.LVL34:
 544              		.loc 1 210 29 view .LVU133
 545 001c FFF7FEFF 		bl	HAL_UART_Transmit
 546              	.LVL35:
 211:src/comm_driver.c ****                                                (uint8_t *)data, length,
 212:src/comm_driver.c ****                                                timeout_ms);
 213:src/comm_driver.c ****     return (ret == HAL_OK) ? COMM_OK : COMM_ERR_TX_FAILED;
 547              		.loc 1 213 5 is_stmt 1 view .LVU134
 548              		.loc 1 213 38 is_stmt 0 view .LVU135
 549 0020 50B9     		cbnz	r0, .L42
 550              	.LVL36:
 551              	.L37:
 214:src/comm_driver.c **** }
 552              		.loc 1 214 1 view .LVU136
 553 0022 08BD     		pop	{r3, pc}
 554              	.LVL37:
 555              	.L38:
 197:src/comm_driver.c ****     if (!data || length == 0) return COMM_OK;
 556              		.loc 1 197 37 view .LVU137
 557 0024 6FF00100 		mvn	r0, #1
 558              	.LVL38:
 197:src/comm_driver.c ****     if (!data || length == 0) return COMM_OK;
 559              		.loc 1 197 37 view .LVU138
 560 0028 FBE7     		b	.L37
 561              	.LVL39:
 562              	.L39:
 198:src/comm_driver.c **** 
 563              		.loc 1 198 38 view .LVU139
 564 002a 0020     		movs	r0, #0
 565              	.LVL40:
 198:src/comm_driver.c **** 
 566              		.loc 1 198 38 view .LVU140
 567 002c F9E7     		b	.L37
 568              	.LVL41:
 569              	.L40:
 198:src/comm_driver.c **** 
 570              		.loc 1 198 38 view .LVU141
 571 002e 0020     		movs	r0, #0
ARM GAS  C:\WINDOWS\ccZj7whh.s 			page 15


 572              	.LVL42:
 198:src/comm_driver.c **** 
 573              		.loc 1 198 38 view .LVU142
 574 0030 F7E7     		b	.L37
 575              	.LVL43:
 576              	.L41:
 206:src/comm_driver.c **** #endif
 577              		.loc 1 206 16 view .LVU143
 578 0032 6FF00500 		mvn	r0, #5
 579              	.LVL44:
 206:src/comm_driver.c **** #endif
 580              		.loc 1 206 16 view .LVU144
 581 0036 F4E7     		b	.L37
 582              	.LVL45:
 583              	.L42:
 213:src/comm_driver.c **** }
 584              		.loc 1 213 38 view .LVU145
 585 0038 6FF00300 		mvn	r0, #3
 586              	.LVL46:
 213:src/comm_driver.c **** }
 587              		.loc 1 213 38 view .LVU146
 588 003c F1E7     		b	.L37
 589              	.L45:
 590 003e 00BF     		.align	2
 591              	.L44:
 592 0040 00000000 		.word	.LANCHOR6
 593 0044 00000000 		.word	.LANCHOR5
 594 0048 00000000 		.word	.LANCHOR0
 595              		.cfi_endproc
 596              	.LFE71:
 598              		.section	.text.comm_receive,"ax",%progbits
 599              		.align	1
 600              		.global	comm_receive
 601              		.syntax unified
 602              		.thumb
 603              		.thumb_func
 605              	comm_receive:
 606              	.LVL47:
 607              	.LFB72:
 215:src/comm_driver.c **** 
 216:src/comm_driver.c **** comm_status_t comm_receive(uint8_t *buffer, uint16_t max_len,
 217:src/comm_driver.c ****                            uint16_t *recv_len, uint32_t timeout_ms)
 218:src/comm_driver.c **** {
 608              		.loc 1 218 1 is_stmt 1 view -0
 609              		.cfi_startproc
 610              		@ args = 0, pretend = 0, frame = 0
 611              		@ frame_needed = 0, uses_anonymous_args = 0
 219:src/comm_driver.c ****     if (!g_comm_initialized) return COMM_ERR_NOT_INIT;
 612              		.loc 1 219 5 view .LVU148
 613              		.loc 1 219 9 is_stmt 0 view .LVU149
 614 0000 224B     		ldr	r3, .L63
 615              	.LVL48:
 616              		.loc 1 219 9 view .LVU150
 617 0002 1B78     		ldrb	r3, [r3]	@ zero_extendqisi2
 618              		.loc 1 219 8 view .LVU151
 619 0004 002B     		cmp	r3, #0
 620 0006 35D0     		beq	.L50
ARM GAS  C:\WINDOWS\ccZj7whh.s 			page 16


 220:src/comm_driver.c ****     if (!buffer || !recv_len) return COMM_ERR_PARAM;
 621              		.loc 1 220 5 is_stmt 1 view .LVU152
 622              		.loc 1 220 8 is_stmt 0 view .LVU153
 623 0008 0028     		cmp	r0, #0
 624 000a 36D0     		beq	.L51
 625              		.loc 1 220 17 discriminator 2 view .LVU154
 626 000c 002A     		cmp	r2, #0
 627 000e 37D0     		beq	.L52
 221:src/comm_driver.c **** 
 222:src/comm_driver.c ****     *recv_len = 0;
 628              		.loc 1 222 5 is_stmt 1 view .LVU155
 629              		.loc 1 222 15 is_stmt 0 view .LVU156
 630 0010 0023     		movs	r3, #0
 631 0012 1380     		strh	r3, [r2]	@ movhi
 223:src/comm_driver.c ****     (void)timeout_ms;
 632              		.loc 1 223 5 is_stmt 1 view .LVU157
 224:src/comm_driver.c **** 
 225:src/comm_driver.c ****     /* Pull bytes from ISR-filled ring buffer (non-blocking) */
 226:src/comm_driver.c ****     while (*recv_len < max_len && g_rx_head != g_rx_tail) {
 633              		.loc 1 226 5 view .LVU158
 634              		.loc 1 226 11 view .LVU159
 635              		.loc 1 226 12 is_stmt 0 view .LVU160
 636 0014 1388     		ldrh	r3, [r2]
 637              		.loc 1 226 11 view .LVU161
 638 0016 8B42     		cmp	r3, r1
 639 0018 35D2     		bcs	.L61
 218:src/comm_driver.c ****     if (!g_comm_initialized) return COMM_ERR_NOT_INIT;
 640              		.loc 1 218 1 view .LVU162
 641 001a 30B5     		push	{r4, r5, lr}
 642              	.LCFI10:
 643              		.cfi_def_cfa_offset 12
 644              		.cfi_offset 4, -12
 645              		.cfi_offset 5, -8
 646              		.cfi_offset 14, -4
 647              	.L56:
 648              		.loc 1 226 45 discriminator 1 view .LVU163
 649 001c 1C4C     		ldr	r4, .L63+4
 650 001e B4F800E0 		ldrh	lr, [r4]
 651 0022 1FFA8EFE 		uxth	lr, lr
 652 0026 1B4C     		ldr	r4, .L63+8
 653 0028 B4F800C0 		ldrh	ip, [r4]
 654 002c 1FFA8CFC 		uxth	ip, ip
 655              		.loc 1 226 32 discriminator 1 view .LVU164
 656 0030 E645     		cmp	lr, ip
 657 0032 1DD0     		beq	.L62
 227:src/comm_driver.c ****         buffer[(*recv_len)++] = g_rx_buf[g_rx_tail];
 658              		.loc 1 227 9 is_stmt 1 view .LVU165
 659              		.loc 1 227 41 is_stmt 0 view .LVU166
 660 0034 174C     		ldr	r4, .L63+8
 661 0036 B4F800C0 		ldrh	ip, [r4]
 662 003a 1FFA8CFC 		uxth	ip, ip
 663              		.loc 1 227 27 view .LVU167
 664 003e 5D1C     		adds	r5, r3, #1
 665 0040 1580     		strh	r5, [r2]	@ movhi
 666              		.loc 1 227 41 view .LVU168
 667 0042 154D     		ldr	r5, .L63+12
 668 0044 15F80CC0 		ldrb	ip, [r5, ip]	@ zero_extendqisi2
ARM GAS  C:\WINDOWS\ccZj7whh.s 			page 17


 669              		.loc 1 227 31 view .LVU169
 670 0048 00F803C0 		strb	ip, [r0, r3]
 228:src/comm_driver.c ****         g_rx_tail = (g_rx_tail + 1) % COMM_RX_BUF_SIZE;
 671              		.loc 1 228 9 is_stmt 1 view .LVU170
 672              		.loc 1 228 32 is_stmt 0 view .LVU171
 673 004c 2388     		ldrh	r3, [r4]
 674 004e 9BB2     		uxth	r3, r3
 675 0050 0133     		adds	r3, r3, #1
 676              		.loc 1 228 37 view .LVU172
 677 0052 D3F1000C 		rsbs	ip, r3, #0
 678 0056 DBB2     		uxtb	r3, r3
 679 0058 5FFA8CFC 		uxtb	ip, ip
 680 005c 58BF     		it	pl
 681 005e CCF10003 		rsbpl	r3, ip, #0
 682              		.loc 1 228 19 view .LVU173
 683 0062 9BB2     		uxth	r3, r3
 684 0064 2380     		strh	r3, [r4]	@ movhi
 226:src/comm_driver.c ****         buffer[(*recv_len)++] = g_rx_buf[g_rx_tail];
 685              		.loc 1 226 11 is_stmt 1 view .LVU174
 226:src/comm_driver.c ****         buffer[(*recv_len)++] = g_rx_buf[g_rx_tail];
 686              		.loc 1 226 12 is_stmt 0 view .LVU175
 687 0066 1388     		ldrh	r3, [r2]
 226:src/comm_driver.c ****         buffer[(*recv_len)++] = g_rx_buf[g_rx_tail];
 688              		.loc 1 226 11 view .LVU176
 689 0068 8B42     		cmp	r3, r1
 690 006a D7D3     		bcc	.L56
 229:src/comm_driver.c ****     }
 230:src/comm_driver.c **** 
 231:src/comm_driver.c ****     return COMM_OK;
 691              		.loc 1 231 12 view .LVU177
 692 006c 0020     		movs	r0, #0
 693              	.LVL49:
 694              		.loc 1 231 12 view .LVU178
 695 006e 00E0     		b	.L47
 696              	.LVL50:
 697              	.L62:
 698              		.loc 1 231 12 view .LVU179
 699 0070 0020     		movs	r0, #0
 700              	.LVL51:
 701              	.L47:
 232:src/comm_driver.c **** }
 702              		.loc 1 232 1 view .LVU180
 703 0072 30BD     		pop	{r4, r5, pc}
 704              	.LVL52:
 705              	.L50:
 706              	.LCFI11:
 707              		.cfi_def_cfa_offset 0
 708              		.cfi_restore 4
 709              		.cfi_restore 5
 710              		.cfi_restore 14
 219:src/comm_driver.c ****     if (!buffer || !recv_len) return COMM_ERR_PARAM;
 711              		.loc 1 219 37 view .LVU181
 712 0074 6FF00100 		mvn	r0, #1
 713              	.LVL53:
 219:src/comm_driver.c ****     if (!buffer || !recv_len) return COMM_ERR_PARAM;
 714              		.loc 1 219 37 view .LVU182
 715 0078 7047     		bx	lr
ARM GAS  C:\WINDOWS\ccZj7whh.s 			page 18


 716              	.LVL54:
 717              	.L51:
 220:src/comm_driver.c **** 
 718              		.loc 1 220 38 view .LVU183
 719 007a 4FF0FF30 		mov	r0, #-1
 720              	.LVL55:
 220:src/comm_driver.c **** 
 721              		.loc 1 220 38 view .LVU184
 722 007e 7047     		bx	lr
 723              	.LVL56:
 724              	.L52:
 220:src/comm_driver.c **** 
 725              		.loc 1 220 38 view .LVU185
 726 0080 4FF0FF30 		mov	r0, #-1
 727              	.LVL57:
 220:src/comm_driver.c **** 
 728              		.loc 1 220 38 view .LVU186
 729 0084 7047     		bx	lr
 730              	.LVL58:
 731              	.L61:
 231:src/comm_driver.c **** }
 732              		.loc 1 231 12 view .LVU187
 733 0086 0020     		movs	r0, #0
 734              	.LVL59:
 735              		.loc 1 232 1 view .LVU188
 736 0088 7047     		bx	lr
 737              	.L64:
 738 008a 00BF     		.align	2
 739              	.L63:
 740 008c 00000000 		.word	.LANCHOR6
 741 0090 00000000 		.word	.LANCHOR2
 742 0094 00000000 		.word	.LANCHOR3
 743 0098 00000000 		.word	.LANCHOR4
 744              		.cfi_endproc
 745              	.LFE72:
 747              		.section	.text.comm_register_rx_callback,"ax",%progbits
 748              		.align	1
 749              		.global	comm_register_rx_callback
 750              		.syntax unified
 751              		.thumb
 752              		.thumb_func
 754              	comm_register_rx_callback:
 755              	.LVL60:
 756              	.LFB73:
 233:src/comm_driver.c **** 
 234:src/comm_driver.c **** comm_status_t comm_register_rx_callback(comm_rx_callback_t callback)
 235:src/comm_driver.c **** {
 757              		.loc 1 235 1 is_stmt 1 view -0
 758              		.cfi_startproc
 759              		@ args = 0, pretend = 0, frame = 0
 760              		@ frame_needed = 0, uses_anonymous_args = 0
 761              		@ link register save eliminated.
 236:src/comm_driver.c ****     (void)callback;
 762              		.loc 1 236 5 view .LVU190
 237:src/comm_driver.c ****     return COMM_OK;
 763              		.loc 1 237 5 view .LVU191
 238:src/comm_driver.c **** }
ARM GAS  C:\WINDOWS\ccZj7whh.s 			page 19


 764              		.loc 1 238 1 is_stmt 0 view .LVU192
 765 0000 0020     		movs	r0, #0
 766              	.LVL61:
 767              		.loc 1 238 1 view .LVU193
 768 0002 7047     		bx	lr
 769              		.cfi_endproc
 770              	.LFE73:
 772              		.section	.text.comm_send_heartbeat,"ax",%progbits
 773              		.align	1
 774              		.global	comm_send_heartbeat
 775              		.syntax unified
 776              		.thumb
 777              		.thumb_func
 779              	comm_send_heartbeat:
 780              	.LFB74:
 239:src/comm_driver.c **** 
 240:src/comm_driver.c **** comm_status_t comm_send_heartbeat(void)
 241:src/comm_driver.c **** {
 781              		.loc 1 241 1 is_stmt 1 view -0
 782              		.cfi_startproc
 783              		@ args = 0, pretend = 0, frame = 0
 784              		@ frame_needed = 0, uses_anonymous_args = 0
 785 0000 08B5     		push	{r3, lr}
 786              	.LCFI12:
 787              		.cfi_def_cfa_offset 8
 788              		.cfi_offset 3, -8
 789              		.cfi_offset 14, -4
 242:src/comm_driver.c ****     extern int protocol_send_heartbeat(void);
 790              		.loc 1 242 5 view .LVU195
 243:src/comm_driver.c ****     protocol_send_heartbeat();
 791              		.loc 1 243 5 view .LVU196
 792 0002 FFF7FEFF 		bl	protocol_send_heartbeat
 793              	.LVL62:
 244:src/comm_driver.c ****     return COMM_OK;
 794              		.loc 1 244 5 view .LVU197
 245:src/comm_driver.c **** }
 795              		.loc 1 245 1 is_stmt 0 view .LVU198
 796 0006 0020     		movs	r0, #0
 797 0008 08BD     		pop	{r3, pc}
 798              		.cfi_endproc
 799              	.LFE74:
 801              		.section	.text.comm_flush_tx,"ax",%progbits
 802              		.align	1
 803              		.global	comm_flush_tx
 804              		.syntax unified
 805              		.thumb
 806              		.thumb_func
 808              	comm_flush_tx:
 809              	.LFB75:
 246:src/comm_driver.c **** 
 247:src/comm_driver.c **** comm_status_t comm_flush_tx(void)
 248:src/comm_driver.c **** {
 810              		.loc 1 248 1 is_stmt 1 view -0
 811              		.cfi_startproc
 812              		@ args = 0, pretend = 0, frame = 0
 813              		@ frame_needed = 0, uses_anonymous_args = 0
 814              		@ link register save eliminated.
ARM GAS  C:\WINDOWS\ccZj7whh.s 			page 20


 249:src/comm_driver.c ****     return COMM_OK;
 815              		.loc 1 249 5 view .LVU200
 250:src/comm_driver.c **** }
 816              		.loc 1 250 1 is_stmt 0 view .LVU201
 817 0000 0020     		movs	r0, #0
 818 0002 7047     		bx	lr
 819              		.cfi_endproc
 820              	.LFE75:
 822              		.section	.text.comm_is_ready,"ax",%progbits
 823              		.align	1
 824              		.global	comm_is_ready
 825              		.syntax unified
 826              		.thumb
 827              		.thumb_func
 829              	comm_is_ready:
 830              	.LFB76:
 251:src/comm_driver.c **** 
 252:src/comm_driver.c **** uint8_t comm_is_ready(void)
 253:src/comm_driver.c **** {
 831              		.loc 1 253 1 is_stmt 1 view -0
 832              		.cfi_startproc
 833              		@ args = 0, pretend = 0, frame = 0
 834              		@ frame_needed = 0, uses_anonymous_args = 0
 835              		@ link register save eliminated.
 254:src/comm_driver.c ****     return g_comm_initialized;
 836              		.loc 1 254 5 view .LVU203
 255:src/comm_driver.c **** }
 837              		.loc 1 255 1 is_stmt 0 view .LVU204
 838 0000 014B     		ldr	r3, .L70
 839 0002 1878     		ldrb	r0, [r3]	@ zero_extendqisi2
 840 0004 7047     		bx	lr
 841              	.L71:
 842 0006 00BF     		.align	2
 843              	.L70:
 844 0008 00000000 		.word	.LANCHOR6
 845              		.cfi_endproc
 846              	.LFE76:
 848              		.section	.text.comm_usb_cdc_available,"ax",%progbits
 849              		.align	1
 850              		.global	comm_usb_cdc_available
 851              		.syntax unified
 852              		.thumb
 853              		.thumb_func
 855              	comm_usb_cdc_available:
 856              	.LFB77:
 256:src/comm_driver.c **** 
 257:src/comm_driver.c **** uint8_t comm_usb_cdc_available(void)
 258:src/comm_driver.c **** {
 857              		.loc 1 258 1 is_stmt 1 view -0
 858              		.cfi_startproc
 859              		@ args = 0, pretend = 0, frame = 0
 860              		@ frame_needed = 0, uses_anonymous_args = 0
 861              		@ link register save eliminated.
 259:src/comm_driver.c **** #if HAS_USB_CDC
 260:src/comm_driver.c ****     return 1;
 261:src/comm_driver.c **** #else
 262:src/comm_driver.c ****     return 0;
ARM GAS  C:\WINDOWS\ccZj7whh.s 			page 21


 862              		.loc 1 262 5 view .LVU206
 263:src/comm_driver.c **** #endif
 264:src/comm_driver.c **** }
 863              		.loc 1 264 1 is_stmt 0 view .LVU207
 864 0000 0020     		movs	r0, #0
 865 0002 7047     		bx	lr
 866              		.cfi_endproc
 867              	.LFE77:
 869              		.section	.bss.g_comm_config,"aw",%nobits
 870              		.align	2
 871              		.set	.LANCHOR5,. + 0
 874              	g_comm_config:
 875 0000 00000000 		.space	8
 875      00000000 
 876              		.section	.bss.g_comm_initialized,"aw",%nobits
 877              		.set	.LANCHOR6,. + 0
 880              	g_comm_initialized:
 881 0000 00       		.space	1
 882              		.section	.bss.g_rx_buf,"aw",%nobits
 883              		.align	2
 884              		.set	.LANCHOR4,. + 0
 887              	g_rx_buf:
 888 0000 00000000 		.space	256
 888      00000000 
 888      00000000 
 888      00000000 
 888      00000000 
 889              		.section	.bss.g_rx_byte,"aw",%nobits
 890              		.set	.LANCHOR1,. + 0
 893              	g_rx_byte:
 894 0000 00       		.space	1
 895              		.section	.bss.g_rx_head,"aw",%nobits
 896              		.align	1
 897              		.set	.LANCHOR2,. + 0
 900              	g_rx_head:
 901 0000 0000     		.space	2
 902              		.section	.bss.g_rx_tail,"aw",%nobits
 903              		.align	1
 904              		.set	.LANCHOR3,. + 0
 907              	g_rx_tail:
 908 0000 0000     		.space	2
 909              		.section	.bss.g_uart_handle,"aw",%nobits
 910              		.align	2
 911              		.set	.LANCHOR0,. + 0
 914              	g_uart_handle:
 915 0000 00000000 		.space	72
 915      00000000 
 915      00000000 
 915      00000000 
 915      00000000 
 916              		.text
 917              	.Letext0:
 918              		.file 2 "d:\\stm32\\environment\\gcc-arm-none-eabi-10.3-2021.10\\arm-none-eabi\\include\\machine\\
 919              		.file 3 "d:\\stm32\\environment\\gcc-arm-none-eabi-10.3-2021.10\\arm-none-eabi\\include\\sys\\_std
 920              		.file 4 "./inc/protocol.h"
 921              		.file 5 "./inc/comm_api.h"
 922              		.file 6 "./f103/CMSIS/Device/ST/STM32F1xx/Include/stm32f103xb.h"
ARM GAS  C:\WINDOWS\ccZj7whh.s 			page 22


 923              		.file 7 "./f103/HAL/Inc/stm32f1xx_hal_def.h"
 924              		.file 8 "./f103/HAL/Inc/stm32f1xx_hal_gpio.h"
 925              		.file 9 "./f103/HAL/Inc/stm32f1xx_hal_dma.h"
 926              		.file 10 "./f103/HAL/Inc/stm32f1xx_hal_uart.h"
 927              		.file 11 "./f103/HAL/Inc/stm32f1xx_hal_cortex.h"
 928              		.file 12 "<built-in>"
ARM GAS  C:\WINDOWS\ccZj7whh.s 			page 23


DEFINED SYMBOLS
                            *ABS*:00000000 comm_driver.c
C:\WINDOWS\ccZj7whh.s:18     .text.comm_usart_msp_init:00000000 $t
C:\WINDOWS\ccZj7whh.s:23     .text.comm_usart_msp_init:00000000 comm_usart_msp_init
C:\WINDOWS\ccZj7whh.s:179    .text.comm_usart_msp_init:000000ac $d
C:\WINDOWS\ccZj7whh.s:188    .text.HAL_UART_RxCpltCallback:00000000 $t
C:\WINDOWS\ccZj7whh.s:194    .text.HAL_UART_RxCpltCallback:00000000 HAL_UART_RxCpltCallback
C:\WINDOWS\ccZj7whh.s:271    .text.HAL_UART_RxCpltCallback:00000048 $d
C:\WINDOWS\ccZj7whh.s:280    .text.USART1_IRQHandler:00000000 $t
C:\WINDOWS\ccZj7whh.s:286    .text.USART1_IRQHandler:00000000 USART1_IRQHandler
C:\WINDOWS\ccZj7whh.s:306    .text.USART1_IRQHandler:0000000c $d
C:\WINDOWS\ccZj7whh.s:311    .text.comm_init:00000000 $t
C:\WINDOWS\ccZj7whh.s:317    .text.comm_init:00000000 comm_init
C:\WINDOWS\ccZj7whh.s:385    .text.comm_init:00000030 $d
C:\WINDOWS\ccZj7whh.s:391    .text.comm_switch_interface:00000000 $t
C:\WINDOWS\ccZj7whh.s:397    .text.comm_switch_interface:00000000 comm_switch_interface
C:\WINDOWS\ccZj7whh.s:463    .text.comm_switch_interface:00000034 $d
C:\WINDOWS\ccZj7whh.s:470    .text.comm_get_current_interface:00000000 $t
C:\WINDOWS\ccZj7whh.s:476    .text.comm_get_current_interface:00000000 comm_get_current_interface
C:\WINDOWS\ccZj7whh.s:491    .text.comm_get_current_interface:00000008 $d
C:\WINDOWS\ccZj7whh.s:496    .text.comm_send:00000000 $t
C:\WINDOWS\ccZj7whh.s:502    .text.comm_send:00000000 comm_send
C:\WINDOWS\ccZj7whh.s:592    .text.comm_send:00000040 $d
C:\WINDOWS\ccZj7whh.s:599    .text.comm_receive:00000000 $t
C:\WINDOWS\ccZj7whh.s:605    .text.comm_receive:00000000 comm_receive
C:\WINDOWS\ccZj7whh.s:740    .text.comm_receive:0000008c $d
C:\WINDOWS\ccZj7whh.s:748    .text.comm_register_rx_callback:00000000 $t
C:\WINDOWS\ccZj7whh.s:754    .text.comm_register_rx_callback:00000000 comm_register_rx_callback
C:\WINDOWS\ccZj7whh.s:773    .text.comm_send_heartbeat:00000000 $t
C:\WINDOWS\ccZj7whh.s:779    .text.comm_send_heartbeat:00000000 comm_send_heartbeat
C:\WINDOWS\ccZj7whh.s:802    .text.comm_flush_tx:00000000 $t
C:\WINDOWS\ccZj7whh.s:808    .text.comm_flush_tx:00000000 comm_flush_tx
C:\WINDOWS\ccZj7whh.s:823    .text.comm_is_ready:00000000 $t
C:\WINDOWS\ccZj7whh.s:829    .text.comm_is_ready:00000000 comm_is_ready
C:\WINDOWS\ccZj7whh.s:844    .text.comm_is_ready:00000008 $d
C:\WINDOWS\ccZj7whh.s:849    .text.comm_usb_cdc_available:00000000 $t
C:\WINDOWS\ccZj7whh.s:855    .text.comm_usb_cdc_available:00000000 comm_usb_cdc_available
C:\WINDOWS\ccZj7whh.s:870    .bss.g_comm_config:00000000 $d
C:\WINDOWS\ccZj7whh.s:874    .bss.g_comm_config:00000000 g_comm_config
C:\WINDOWS\ccZj7whh.s:880    .bss.g_comm_initialized:00000000 g_comm_initialized
C:\WINDOWS\ccZj7whh.s:881    .bss.g_comm_initialized:00000000 $d
C:\WINDOWS\ccZj7whh.s:883    .bss.g_rx_buf:00000000 $d
C:\WINDOWS\ccZj7whh.s:887    .bss.g_rx_buf:00000000 g_rx_buf
C:\WINDOWS\ccZj7whh.s:893    .bss.g_rx_byte:00000000 g_rx_byte
C:\WINDOWS\ccZj7whh.s:894    .bss.g_rx_byte:00000000 $d
C:\WINDOWS\ccZj7whh.s:896    .bss.g_rx_head:00000000 $d
C:\WINDOWS\ccZj7whh.s:900    .bss.g_rx_head:00000000 g_rx_head
C:\WINDOWS\ccZj7whh.s:903    .bss.g_rx_tail:00000000 $d
C:\WINDOWS\ccZj7whh.s:907    .bss.g_rx_tail:00000000 g_rx_tail
C:\WINDOWS\ccZj7whh.s:910    .bss.g_uart_handle:00000000 $d
C:\WINDOWS\ccZj7whh.s:914    .bss.g_uart_handle:00000000 g_uart_handle

UNDEFINED SYMBOLS
HAL_GPIO_Init
memset
HAL_UART_Init
HAL_NVIC_SetPriority
ARM GAS  C:\WINDOWS\ccZj7whh.s 			page 24


HAL_NVIC_EnableIRQ
HAL_UART_Receive_IT
HAL_UART_IRQHandler
HAL_UART_DeInit
HAL_UART_Transmit
protocol_send_heartbeat
