ARM GAS  C:\WINDOWS\ccquYqDW.s 			page 1


   1              		.cpu cortex-m3
   2              		.arch armv7-m
   3              		.fpu softvfp
   4              		.eabi_attribute 20, 1
   5              		.eabi_attribute 21, 1
   6              		.eabi_attribute 23, 3
   7              		.eabi_attribute 24, 1
   8              		.eabi_attribute 25, 1
   9              		.eabi_attribute 26, 1
  10              		.eabi_attribute 30, 1
  11              		.eabi_attribute 34, 1
  12              		.eabi_attribute 18, 4
  13              		.file	"stm32f1xx_hal_gpio_ex.c"
  14              		.text
  15              	.Ltext0:
  16              		.cfi_sections	.debug_frame
  17              		.section	.text.HAL_GPIOEx_ConfigEventout,"ax",%progbits
  18              		.align	1
  19              		.global	HAL_GPIOEx_ConfigEventout
  20              		.syntax unified
  21              		.thumb
  22              		.thumb_func
  24              	HAL_GPIOEx_ConfigEventout:
  25              	.LVL0:
  26              	.LFB65:
  27              		.file 1 "./f103/HAL/Src/stm32f1xx_hal_gpio_ex.c"
   1:./f103/HAL/Src/stm32f1xx_hal_gpio_ex.c **** /**
   2:./f103/HAL/Src/stm32f1xx_hal_gpio_ex.c ****   ******************************************************************************
   3:./f103/HAL/Src/stm32f1xx_hal_gpio_ex.c ****   * @file    stm32f1xx_hal_gpio_ex.c
   4:./f103/HAL/Src/stm32f1xx_hal_gpio_ex.c ****   * @author  MCD Application Team
   5:./f103/HAL/Src/stm32f1xx_hal_gpio_ex.c ****   * @brief   GPIO Extension HAL module driver.
   6:./f103/HAL/Src/stm32f1xx_hal_gpio_ex.c ****   *         This file provides firmware functions to manage the following
   7:./f103/HAL/Src/stm32f1xx_hal_gpio_ex.c ****   *          functionalities of the General Purpose Input/Output (GPIO) extension peripheral.
   8:./f103/HAL/Src/stm32f1xx_hal_gpio_ex.c ****   *           + Extended features functions
   9:./f103/HAL/Src/stm32f1xx_hal_gpio_ex.c ****   *
  10:./f103/HAL/Src/stm32f1xx_hal_gpio_ex.c ****   ******************************************************************************
  11:./f103/HAL/Src/stm32f1xx_hal_gpio_ex.c ****   * @attention
  12:./f103/HAL/Src/stm32f1xx_hal_gpio_ex.c ****   *
  13:./f103/HAL/Src/stm32f1xx_hal_gpio_ex.c ****   * Copyright (c) 2016 STMicroelectronics.
  14:./f103/HAL/Src/stm32f1xx_hal_gpio_ex.c ****   * All rights reserved.
  15:./f103/HAL/Src/stm32f1xx_hal_gpio_ex.c ****   *
  16:./f103/HAL/Src/stm32f1xx_hal_gpio_ex.c ****   * This software is licensed under terms that can be found in the LICENSE file
  17:./f103/HAL/Src/stm32f1xx_hal_gpio_ex.c ****   * in the root directory of this software component.
  18:./f103/HAL/Src/stm32f1xx_hal_gpio_ex.c ****   * If no LICENSE file comes with this software, it is provided AS-IS.
  19:./f103/HAL/Src/stm32f1xx_hal_gpio_ex.c ****   *
  20:./f103/HAL/Src/stm32f1xx_hal_gpio_ex.c ****   ******************************************************************************
  21:./f103/HAL/Src/stm32f1xx_hal_gpio_ex.c ****   @verbatim
  22:./f103/HAL/Src/stm32f1xx_hal_gpio_ex.c ****   ==============================================================================
  23:./f103/HAL/Src/stm32f1xx_hal_gpio_ex.c ****                     ##### GPIO Peripheral extension features #####
  24:./f103/HAL/Src/stm32f1xx_hal_gpio_ex.c ****   ==============================================================================
  25:./f103/HAL/Src/stm32f1xx_hal_gpio_ex.c ****   [..] GPIO module on STM32F1 family, manage also the AFIO register:
  26:./f103/HAL/Src/stm32f1xx_hal_gpio_ex.c ****        (+) Possibility to use the EVENTOUT Cortex feature
  27:./f103/HAL/Src/stm32f1xx_hal_gpio_ex.c **** 
  28:./f103/HAL/Src/stm32f1xx_hal_gpio_ex.c ****                      ##### How to use this driver #####
  29:./f103/HAL/Src/stm32f1xx_hal_gpio_ex.c ****   ==============================================================================
  30:./f103/HAL/Src/stm32f1xx_hal_gpio_ex.c ****   [..] This driver provides functions to use EVENTOUT Cortex feature
  31:./f103/HAL/Src/stm32f1xx_hal_gpio_ex.c ****     (#) Configure EVENTOUT Cortex feature using the function HAL_GPIOEx_ConfigEventout()
ARM GAS  C:\WINDOWS\ccquYqDW.s 			page 2


  32:./f103/HAL/Src/stm32f1xx_hal_gpio_ex.c ****     (#) Activate EVENTOUT Cortex feature using the HAL_GPIOEx_EnableEventout()
  33:./f103/HAL/Src/stm32f1xx_hal_gpio_ex.c ****     (#) Deactivate EVENTOUT Cortex feature using the HAL_GPIOEx_DisableEventout()
  34:./f103/HAL/Src/stm32f1xx_hal_gpio_ex.c **** 
  35:./f103/HAL/Src/stm32f1xx_hal_gpio_ex.c ****   @endverbatim
  36:./f103/HAL/Src/stm32f1xx_hal_gpio_ex.c ****   ******************************************************************************
  37:./f103/HAL/Src/stm32f1xx_hal_gpio_ex.c ****   */
  38:./f103/HAL/Src/stm32f1xx_hal_gpio_ex.c **** 
  39:./f103/HAL/Src/stm32f1xx_hal_gpio_ex.c **** /* Includes ------------------------------------------------------------------*/
  40:./f103/HAL/Src/stm32f1xx_hal_gpio_ex.c **** #include "stm32f1xx_hal.h"
  41:./f103/HAL/Src/stm32f1xx_hal_gpio_ex.c **** 
  42:./f103/HAL/Src/stm32f1xx_hal_gpio_ex.c **** /** @addtogroup STM32F1xx_HAL_Driver
  43:./f103/HAL/Src/stm32f1xx_hal_gpio_ex.c ****   * @{
  44:./f103/HAL/Src/stm32f1xx_hal_gpio_ex.c ****   */
  45:./f103/HAL/Src/stm32f1xx_hal_gpio_ex.c **** 
  46:./f103/HAL/Src/stm32f1xx_hal_gpio_ex.c **** /** @defgroup GPIOEx GPIOEx
  47:./f103/HAL/Src/stm32f1xx_hal_gpio_ex.c ****   * @brief GPIO HAL module driver
  48:./f103/HAL/Src/stm32f1xx_hal_gpio_ex.c ****   * @{
  49:./f103/HAL/Src/stm32f1xx_hal_gpio_ex.c ****   */
  50:./f103/HAL/Src/stm32f1xx_hal_gpio_ex.c **** 
  51:./f103/HAL/Src/stm32f1xx_hal_gpio_ex.c **** #ifdef HAL_GPIO_MODULE_ENABLED
  52:./f103/HAL/Src/stm32f1xx_hal_gpio_ex.c **** 
  53:./f103/HAL/Src/stm32f1xx_hal_gpio_ex.c **** /** @defgroup GPIOEx_Exported_Functions GPIOEx Exported Functions
  54:./f103/HAL/Src/stm32f1xx_hal_gpio_ex.c ****   * @{
  55:./f103/HAL/Src/stm32f1xx_hal_gpio_ex.c ****   */
  56:./f103/HAL/Src/stm32f1xx_hal_gpio_ex.c **** 
  57:./f103/HAL/Src/stm32f1xx_hal_gpio_ex.c **** /** @defgroup GPIOEx_Exported_Functions_Group1 Extended features functions
  58:./f103/HAL/Src/stm32f1xx_hal_gpio_ex.c ****  *  @brief    Extended features functions
  59:./f103/HAL/Src/stm32f1xx_hal_gpio_ex.c ****  *
  60:./f103/HAL/Src/stm32f1xx_hal_gpio_ex.c **** @verbatim
  61:./f103/HAL/Src/stm32f1xx_hal_gpio_ex.c ****   ==============================================================================
  62:./f103/HAL/Src/stm32f1xx_hal_gpio_ex.c ****                  ##### Extended features functions #####
  63:./f103/HAL/Src/stm32f1xx_hal_gpio_ex.c ****   ==============================================================================
  64:./f103/HAL/Src/stm32f1xx_hal_gpio_ex.c ****     [..]  This section provides functions allowing to:
  65:./f103/HAL/Src/stm32f1xx_hal_gpio_ex.c ****     (+) Configure EVENTOUT Cortex feature using the function HAL_GPIOEx_ConfigEventout()
  66:./f103/HAL/Src/stm32f1xx_hal_gpio_ex.c ****     (+) Activate EVENTOUT Cortex feature using the HAL_GPIOEx_EnableEventout()
  67:./f103/HAL/Src/stm32f1xx_hal_gpio_ex.c ****     (+) Deactivate EVENTOUT Cortex feature using the HAL_GPIOEx_DisableEventout()
  68:./f103/HAL/Src/stm32f1xx_hal_gpio_ex.c **** 
  69:./f103/HAL/Src/stm32f1xx_hal_gpio_ex.c **** @endverbatim
  70:./f103/HAL/Src/stm32f1xx_hal_gpio_ex.c ****   * @{
  71:./f103/HAL/Src/stm32f1xx_hal_gpio_ex.c ****   */
  72:./f103/HAL/Src/stm32f1xx_hal_gpio_ex.c **** 
  73:./f103/HAL/Src/stm32f1xx_hal_gpio_ex.c **** /**
  74:./f103/HAL/Src/stm32f1xx_hal_gpio_ex.c ****   * @brief  Configures the port and pin on which the EVENTOUT Cortex signal will be connected.
  75:./f103/HAL/Src/stm32f1xx_hal_gpio_ex.c ****   * @param  GPIO_PortSource Select the port used to output the Cortex EVENTOUT signal.
  76:./f103/HAL/Src/stm32f1xx_hal_gpio_ex.c ****   *   This parameter can be a value of @ref GPIOEx_EVENTOUT_PORT.
  77:./f103/HAL/Src/stm32f1xx_hal_gpio_ex.c ****   * @param  GPIO_PinSource Select the pin used to output the Cortex EVENTOUT signal.
  78:./f103/HAL/Src/stm32f1xx_hal_gpio_ex.c ****   *   This parameter can be a value of @ref GPIOEx_EVENTOUT_PIN.
  79:./f103/HAL/Src/stm32f1xx_hal_gpio_ex.c ****   * @retval None
  80:./f103/HAL/Src/stm32f1xx_hal_gpio_ex.c ****   */
  81:./f103/HAL/Src/stm32f1xx_hal_gpio_ex.c **** void HAL_GPIOEx_ConfigEventout(uint32_t GPIO_PortSource, uint32_t GPIO_PinSource)
  82:./f103/HAL/Src/stm32f1xx_hal_gpio_ex.c **** {
  28              		.loc 1 82 1 view -0
  29              		.cfi_startproc
  30              		@ args = 0, pretend = 0, frame = 0
  31              		@ frame_needed = 0, uses_anonymous_args = 0
  32              		@ link register save eliminated.
  83:./f103/HAL/Src/stm32f1xx_hal_gpio_ex.c ****   /* Verify the parameters */
ARM GAS  C:\WINDOWS\ccquYqDW.s 			page 3


  84:./f103/HAL/Src/stm32f1xx_hal_gpio_ex.c ****   assert_param(IS_AFIO_EVENTOUT_PORT(GPIO_PortSource));
  33              		.loc 1 84 3 view .LVU1
  85:./f103/HAL/Src/stm32f1xx_hal_gpio_ex.c ****   assert_param(IS_AFIO_EVENTOUT_PIN(GPIO_PinSource));
  34              		.loc 1 85 3 view .LVU2
  86:./f103/HAL/Src/stm32f1xx_hal_gpio_ex.c **** 
  87:./f103/HAL/Src/stm32f1xx_hal_gpio_ex.c ****   /* Apply the new configuration */
  88:./f103/HAL/Src/stm32f1xx_hal_gpio_ex.c ****   MODIFY_REG(AFIO->EVCR, (AFIO_EVCR_PORT) | (AFIO_EVCR_PIN), (GPIO_PortSource) | (GPIO_PinSource));
  35              		.loc 1 88 3 view .LVU3
  36 0000 034A     		ldr	r2, .L2
  37 0002 1368     		ldr	r3, [r2]
  38 0004 23F07F03 		bic	r3, r3, #127
  39 0008 0843     		orrs	r0, r0, r1
  40              	.LVL1:
  41              		.loc 1 88 3 is_stmt 0 view .LVU4
  42 000a 0343     		orrs	r3, r3, r0
  43 000c 1360     		str	r3, [r2]
  89:./f103/HAL/Src/stm32f1xx_hal_gpio_ex.c **** }
  44              		.loc 1 89 1 view .LVU5
  45 000e 7047     		bx	lr
  46              	.L3:
  47              		.align	2
  48              	.L2:
  49 0010 00000140 		.word	1073807360
  50              		.cfi_endproc
  51              	.LFE65:
  53              		.section	.text.HAL_GPIOEx_EnableEventout,"ax",%progbits
  54              		.align	1
  55              		.global	HAL_GPIOEx_EnableEventout
  56              		.syntax unified
  57              		.thumb
  58              		.thumb_func
  60              	HAL_GPIOEx_EnableEventout:
  61              	.LFB66:
  90:./f103/HAL/Src/stm32f1xx_hal_gpio_ex.c **** 
  91:./f103/HAL/Src/stm32f1xx_hal_gpio_ex.c **** /**
  92:./f103/HAL/Src/stm32f1xx_hal_gpio_ex.c ****   * @brief  Enables the Event Output.
  93:./f103/HAL/Src/stm32f1xx_hal_gpio_ex.c ****   * @retval None
  94:./f103/HAL/Src/stm32f1xx_hal_gpio_ex.c ****   */
  95:./f103/HAL/Src/stm32f1xx_hal_gpio_ex.c **** void HAL_GPIOEx_EnableEventout(void)
  96:./f103/HAL/Src/stm32f1xx_hal_gpio_ex.c **** {
  62              		.loc 1 96 1 is_stmt 1 view -0
  63              		.cfi_startproc
  64              		@ args = 0, pretend = 0, frame = 0
  65              		@ frame_needed = 0, uses_anonymous_args = 0
  66              		@ link register save eliminated.
  97:./f103/HAL/Src/stm32f1xx_hal_gpio_ex.c ****   SET_BIT(AFIO->EVCR, AFIO_EVCR_EVOE);
  67              		.loc 1 97 3 view .LVU7
  68 0000 024A     		ldr	r2, .L5
  69 0002 1368     		ldr	r3, [r2]
  70 0004 43F08003 		orr	r3, r3, #128
  71 0008 1360     		str	r3, [r2]
  98:./f103/HAL/Src/stm32f1xx_hal_gpio_ex.c **** }
  72              		.loc 1 98 1 is_stmt 0 view .LVU8
  73 000a 7047     		bx	lr
  74              	.L6:
  75              		.align	2
  76              	.L5:
ARM GAS  C:\WINDOWS\ccquYqDW.s 			page 4


  77 000c 00000140 		.word	1073807360
  78              		.cfi_endproc
  79              	.LFE66:
  81              		.section	.text.HAL_GPIOEx_DisableEventout,"ax",%progbits
  82              		.align	1
  83              		.global	HAL_GPIOEx_DisableEventout
  84              		.syntax unified
  85              		.thumb
  86              		.thumb_func
  88              	HAL_GPIOEx_DisableEventout:
  89              	.LFB67:
  99:./f103/HAL/Src/stm32f1xx_hal_gpio_ex.c **** 
 100:./f103/HAL/Src/stm32f1xx_hal_gpio_ex.c **** /**
 101:./f103/HAL/Src/stm32f1xx_hal_gpio_ex.c ****   * @brief  Disables the Event Output.
 102:./f103/HAL/Src/stm32f1xx_hal_gpio_ex.c ****   * @retval None
 103:./f103/HAL/Src/stm32f1xx_hal_gpio_ex.c ****   */
 104:./f103/HAL/Src/stm32f1xx_hal_gpio_ex.c **** void HAL_GPIOEx_DisableEventout(void)
 105:./f103/HAL/Src/stm32f1xx_hal_gpio_ex.c **** {
  90              		.loc 1 105 1 is_stmt 1 view -0
  91              		.cfi_startproc
  92              		@ args = 0, pretend = 0, frame = 0
  93              		@ frame_needed = 0, uses_anonymous_args = 0
  94              		@ link register save eliminated.
 106:./f103/HAL/Src/stm32f1xx_hal_gpio_ex.c ****   CLEAR_BIT(AFIO->EVCR, AFIO_EVCR_EVOE);
  95              		.loc 1 106 3 view .LVU10
  96 0000 024A     		ldr	r2, .L8
  97 0002 1368     		ldr	r3, [r2]
  98 0004 23F08003 		bic	r3, r3, #128
  99 0008 1360     		str	r3, [r2]
 107:./f103/HAL/Src/stm32f1xx_hal_gpio_ex.c **** }
 100              		.loc 1 107 1 is_stmt 0 view .LVU11
 101 000a 7047     		bx	lr
 102              	.L9:
 103              		.align	2
 104              	.L8:
 105 000c 00000140 		.word	1073807360
 106              		.cfi_endproc
 107              	.LFE67:
 109              		.text
 110              	.Letext0:
 111              		.file 2 "d:\\stm32\\environment\\gcc-arm-none-eabi-10.3-2021.10\\arm-none-eabi\\include\\machine\\
 112              		.file 3 "d:\\stm32\\environment\\gcc-arm-none-eabi-10.3-2021.10\\arm-none-eabi\\include\\sys\\_std
 113              		.file 4 "./f103/CMSIS/Device/ST/STM32F1xx/Include/stm32f103xb.h"
ARM GAS  C:\WINDOWS\ccquYqDW.s 			page 5


DEFINED SYMBOLS
                            *ABS*:00000000 stm32f1xx_hal_gpio_ex.c
C:\WINDOWS\ccquYqDW.s:18     .text.HAL_GPIOEx_ConfigEventout:00000000 $t
C:\WINDOWS\ccquYqDW.s:24     .text.HAL_GPIOEx_ConfigEventout:00000000 HAL_GPIOEx_ConfigEventout
C:\WINDOWS\ccquYqDW.s:49     .text.HAL_GPIOEx_ConfigEventout:00000010 $d
C:\WINDOWS\ccquYqDW.s:54     .text.HAL_GPIOEx_EnableEventout:00000000 $t
C:\WINDOWS\ccquYqDW.s:60     .text.HAL_GPIOEx_EnableEventout:00000000 HAL_GPIOEx_EnableEventout
C:\WINDOWS\ccquYqDW.s:77     .text.HAL_GPIOEx_EnableEventout:0000000c $d
C:\WINDOWS\ccquYqDW.s:82     .text.HAL_GPIOEx_DisableEventout:00000000 $t
C:\WINDOWS\ccquYqDW.s:88     .text.HAL_GPIOEx_DisableEventout:00000000 HAL_GPIOEx_DisableEventout
C:\WINDOWS\ccquYqDW.s:105    .text.HAL_GPIOEx_DisableEventout:0000000c $d

NO UNDEFINED SYMBOLS
