ARM GAS  C:\WINDOWS\cctVV0XF.s 			page 1


   1              		.cpu cortex-m3
   2              		.arch armv7-m
   3              		.fpu softvfp
   4              		.eabi_attribute 20, 1
   5              		.eabi_attribute 21, 1
   6              		.eabi_attribute 23, 3
   7              		.eabi_attribute 24, 1
   8              		.eabi_attribute 25, 1
   9              		.eabi_attribute 26, 1
  10              		.eabi_attribute 30, 1
  11              		.eabi_attribute 34, 1
  12              		.eabi_attribute 18, 4
  13              		.file	"syscalls.c"
  14              		.text
  15              	.Ltext0:
  16              		.cfi_sections	.debug_frame
  17              		.section	.text.initialise_monitor_handles,"ax",%progbits
  18              		.align	1
  19              		.global	initialise_monitor_handles
  20              		.syntax unified
  21              		.thumb
  22              		.thumb_func
  24              	initialise_monitor_handles:
  25              	.LFB25:
  26              		.file 1 "src/syscalls.c"
   1:src/syscalls.c **** /**
   2:src/syscalls.c ****  ******************************************************************************
   3:src/syscalls.c ****  * @file      syscalls.c
   4:src/syscalls.c ****  * @author    Auto-generated by STM32CubeMX
   5:src/syscalls.c ****  * @brief     Minimal System calls file
   6:src/syscalls.c ****  *
   7:src/syscalls.c ****  *            For more information about which c-functions
   8:src/syscalls.c ****  *            need which of these lowlevel functions
   9:src/syscalls.c ****  *            please consult the Newlib or Picolibc libc-manual
  10:src/syscalls.c ****  ******************************************************************************
  11:src/syscalls.c ****  * @attention
  12:src/syscalls.c ****  *
  13:src/syscalls.c ****  * Copyright (c) 2020-2025 STMicroelectronics.
  14:src/syscalls.c ****  * All rights reserved.
  15:src/syscalls.c ****  *
  16:src/syscalls.c ****  * This software is licensed under terms that can be found in the LICENSE file
  17:src/syscalls.c ****  * in the root directory of this software component.
  18:src/syscalls.c ****  * If no LICENSE file comes with this software, it is provided AS-IS.
  19:src/syscalls.c ****  *
  20:src/syscalls.c ****  ******************************************************************************
  21:src/syscalls.c ****  */
  22:src/syscalls.c **** 
  23:src/syscalls.c **** /* Includes */
  24:src/syscalls.c **** #include <sys/stat.h>
  25:src/syscalls.c **** #include <stdlib.h>
  26:src/syscalls.c **** #include <errno.h>
  27:src/syscalls.c **** #include <stdio.h>
  28:src/syscalls.c **** #include <signal.h>
  29:src/syscalls.c **** #include <time.h>
  30:src/syscalls.c **** #include <sys/time.h>
  31:src/syscalls.c **** #include <sys/times.h>
  32:src/syscalls.c **** 
ARM GAS  C:\WINDOWS\cctVV0XF.s 			page 2


  33:src/syscalls.c **** 
  34:src/syscalls.c **** /* Variables */
  35:src/syscalls.c **** extern int __io_putchar(int ch) __attribute__((weak));
  36:src/syscalls.c **** extern int __io_getchar(void) __attribute__((weak));
  37:src/syscalls.c **** 
  38:src/syscalls.c **** 
  39:src/syscalls.c **** char *__env[1] = { 0 };
  40:src/syscalls.c **** char **environ = __env;
  41:src/syscalls.c **** 
  42:src/syscalls.c **** 
  43:src/syscalls.c **** /* Functions */
  44:src/syscalls.c **** void initialise_monitor_handles()
  45:src/syscalls.c **** {
  27              		.loc 1 45 1 view -0
  28              		.cfi_startproc
  29              		@ args = 0, pretend = 0, frame = 0
  30              		@ frame_needed = 0, uses_anonymous_args = 0
  31              		@ link register save eliminated.
  46:src/syscalls.c **** }
  32              		.loc 1 46 1 view .LVU1
  33 0000 7047     		bx	lr
  34              		.cfi_endproc
  35              	.LFE25:
  37              		.section	.text._getpid,"ax",%progbits
  38              		.align	1
  39              		.global	_getpid
  40              		.syntax unified
  41              		.thumb
  42              		.thumb_func
  44              	_getpid:
  45              	.LFB26:
  47:src/syscalls.c **** 
  48:src/syscalls.c **** int _getpid(void)
  49:src/syscalls.c **** {
  46              		.loc 1 49 1 view -0
  47              		.cfi_startproc
  48              		@ args = 0, pretend = 0, frame = 0
  49              		@ frame_needed = 0, uses_anonymous_args = 0
  50              		@ link register save eliminated.
  50:src/syscalls.c ****   return 1;
  51              		.loc 1 50 3 view .LVU3
  51:src/syscalls.c **** }
  52              		.loc 1 51 1 is_stmt 0 view .LVU4
  53 0000 0120     		movs	r0, #1
  54 0002 7047     		bx	lr
  55              		.cfi_endproc
  56              	.LFE26:
  58              		.section	.text._kill,"ax",%progbits
  59              		.align	1
  60              		.global	_kill
  61              		.syntax unified
  62              		.thumb
  63              		.thumb_func
  65              	_kill:
  66              	.LVL0:
  67              	.LFB27:
  52:src/syscalls.c **** 
ARM GAS  C:\WINDOWS\cctVV0XF.s 			page 3


  53:src/syscalls.c **** int _kill(int pid, int sig)
  54:src/syscalls.c **** {
  68              		.loc 1 54 1 is_stmt 1 view -0
  69              		.cfi_startproc
  70              		@ args = 0, pretend = 0, frame = 0
  71              		@ frame_needed = 0, uses_anonymous_args = 0
  72              		.loc 1 54 1 is_stmt 0 view .LVU6
  73 0000 08B5     		push	{r3, lr}
  74              	.LCFI0:
  75              		.cfi_def_cfa_offset 8
  76              		.cfi_offset 3, -8
  77              		.cfi_offset 14, -4
  55:src/syscalls.c ****   (void)pid;
  78              		.loc 1 55 3 is_stmt 1 view .LVU7
  56:src/syscalls.c ****   (void)sig;
  79              		.loc 1 56 3 view .LVU8
  57:src/syscalls.c ****   errno = EINVAL;
  80              		.loc 1 57 3 view .LVU9
  81 0002 FFF7FEFF 		bl	__errno
  82              	.LVL1:
  83              		.loc 1 57 9 is_stmt 0 view .LVU10
  84 0006 1623     		movs	r3, #22
  85 0008 0360     		str	r3, [r0]
  58:src/syscalls.c ****   return -1;
  86              		.loc 1 58 3 is_stmt 1 view .LVU11
  59:src/syscalls.c **** }
  87              		.loc 1 59 1 is_stmt 0 view .LVU12
  88 000a 4FF0FF30 		mov	r0, #-1
  89 000e 08BD     		pop	{r3, pc}
  90              		.cfi_endproc
  91              	.LFE27:
  93              		.section	.text._exit,"ax",%progbits
  94              		.align	1
  95              		.global	_exit
  96              		.syntax unified
  97              		.thumb
  98              		.thumb_func
 100              	_exit:
 101              	.LVL2:
 102              	.LFB28:
  60:src/syscalls.c **** 
  61:src/syscalls.c **** void _exit (int status)
  62:src/syscalls.c **** {
 103              		.loc 1 62 1 is_stmt 1 view -0
 104              		.cfi_startproc
 105              		@ Volatile: function does not return.
 106              		@ args = 0, pretend = 0, frame = 0
 107              		@ frame_needed = 0, uses_anonymous_args = 0
 108              		.loc 1 62 1 is_stmt 0 view .LVU14
 109 0000 08B5     		push	{r3, lr}
 110              	.LCFI1:
 111              		.cfi_def_cfa_offset 8
 112              		.cfi_offset 3, -8
 113              		.cfi_offset 14, -4
  63:src/syscalls.c ****   _kill(status, -1);
 114              		.loc 1 63 3 is_stmt 1 view .LVU15
 115 0002 4FF0FF31 		mov	r1, #-1
ARM GAS  C:\WINDOWS\cctVV0XF.s 			page 4


 116 0006 FFF7FEFF 		bl	_kill
 117              	.LVL3:
 118              	.L6:
  64:src/syscalls.c ****   while (1) {}    /* Make sure we hang here */
 119              		.loc 1 64 3 discriminator 1 view .LVU16
 120              		.loc 1 64 14 discriminator 1 view .LVU17
 121              		.loc 1 64 9 discriminator 1 view .LVU18
 122 000a FEE7     		b	.L6
 123              		.cfi_endproc
 124              	.LFE28:
 126              		.section	.text._read,"ax",%progbits
 127              		.align	1
 128              		.weak	_read
 129              		.syntax unified
 130              		.thumb
 131              		.thumb_func
 133              	_read:
 134              	.LVL4:
 135              	.LFB29:
  65:src/syscalls.c **** }
  66:src/syscalls.c **** 
  67:src/syscalls.c **** __attribute__((weak)) int _read(int file, char *ptr, int len)
  68:src/syscalls.c **** {
 136              		.loc 1 68 1 view -0
 137              		.cfi_startproc
 138              		@ args = 0, pretend = 0, frame = 0
 139              		@ frame_needed = 0, uses_anonymous_args = 0
 140              		.loc 1 68 1 is_stmt 0 view .LVU20
 141 0000 70B5     		push	{r4, r5, r6, lr}
 142              	.LCFI2:
 143              		.cfi_def_cfa_offset 16
 144              		.cfi_offset 4, -16
 145              		.cfi_offset 5, -12
 146              		.cfi_offset 6, -8
 147              		.cfi_offset 14, -4
 148 0002 0C46     		mov	r4, r1
 149 0004 1646     		mov	r6, r2
  69:src/syscalls.c ****   (void)file;
 150              		.loc 1 69 3 is_stmt 1 view .LVU21
  70:src/syscalls.c ****   int DataIdx;
 151              		.loc 1 70 3 view .LVU22
  71:src/syscalls.c **** 
  72:src/syscalls.c ****   for (DataIdx = 0; DataIdx < len; DataIdx++)
 152              		.loc 1 72 3 view .LVU23
 153              	.LVL5:
 154              		.loc 1 72 16 is_stmt 0 view .LVU24
 155 0006 0025     		movs	r5, #0
 156              		.loc 1 72 3 view .LVU25
 157 0008 06E0     		b	.L9
 158              	.LVL6:
 159              	.L10:
  73:src/syscalls.c ****   {
  74:src/syscalls.c ****     *ptr++ = __io_getchar();
 160              		.loc 1 74 5 is_stmt 1 discriminator 3 view .LVU26
 161              		.loc 1 74 14 is_stmt 0 discriminator 3 view .LVU27
 162 000a FFF7FEFF 		bl	__io_getchar
 163              	.LVL7:
ARM GAS  C:\WINDOWS\cctVV0XF.s 			page 5


 164              		.loc 1 74 9 discriminator 3 view .LVU28
 165 000e 2146     		mov	r1, r4
 166              	.LVL8:
 167              		.loc 1 74 12 discriminator 3 view .LVU29
 168 0010 01F8010B 		strb	r0, [r1], #1
 169              	.LVL9:
  72:src/syscalls.c ****   {
 170              		.loc 1 72 36 is_stmt 1 discriminator 3 view .LVU30
  72:src/syscalls.c ****   {
 171              		.loc 1 72 43 is_stmt 0 discriminator 3 view .LVU31
 172 0014 0135     		adds	r5, r5, #1
 173              	.LVL10:
 174              		.loc 1 74 9 discriminator 3 view .LVU32
 175 0016 0C46     		mov	r4, r1
 176              	.LVL11:
 177              	.L9:
  72:src/syscalls.c ****   {
 178              		.loc 1 72 21 is_stmt 1 discriminator 1 view .LVU33
  72:src/syscalls.c ****   {
 179              		.loc 1 72 3 is_stmt 0 discriminator 1 view .LVU34
 180 0018 B542     		cmp	r5, r6
 181 001a F6DB     		blt	.L10
  75:src/syscalls.c ****   }
  76:src/syscalls.c **** 
  77:src/syscalls.c ****   return len;
 182              		.loc 1 77 3 is_stmt 1 view .LVU35
  78:src/syscalls.c **** }
 183              		.loc 1 78 1 is_stmt 0 view .LVU36
 184 001c 3046     		mov	r0, r6
 185 001e 70BD     		pop	{r4, r5, r6, pc}
 186              		.loc 1 78 1 view .LVU37
 187              		.cfi_endproc
 188              	.LFE29:
 190              		.section	.text._write,"ax",%progbits
 191              		.align	1
 192              		.weak	_write
 193              		.syntax unified
 194              		.thumb
 195              		.thumb_func
 197              	_write:
 198              	.LVL12:
 199              	.LFB30:
  79:src/syscalls.c **** 
  80:src/syscalls.c **** __attribute__((weak)) int _write(int file, char *ptr, int len)
  81:src/syscalls.c **** {
 200              		.loc 1 81 1 is_stmt 1 view -0
 201              		.cfi_startproc
 202              		@ args = 0, pretend = 0, frame = 0
 203              		@ frame_needed = 0, uses_anonymous_args = 0
 204              		.loc 1 81 1 is_stmt 0 view .LVU39
 205 0000 70B5     		push	{r4, r5, r6, lr}
 206              	.LCFI3:
 207              		.cfi_def_cfa_offset 16
 208              		.cfi_offset 4, -16
 209              		.cfi_offset 5, -12
 210              		.cfi_offset 6, -8
 211              		.cfi_offset 14, -4
ARM GAS  C:\WINDOWS\cctVV0XF.s 			page 6


 212 0002 0C46     		mov	r4, r1
 213 0004 1646     		mov	r6, r2
  82:src/syscalls.c ****   (void)file;
 214              		.loc 1 82 3 is_stmt 1 view .LVU40
  83:src/syscalls.c ****   int DataIdx;
 215              		.loc 1 83 3 view .LVU41
  84:src/syscalls.c **** 
  85:src/syscalls.c ****   for (DataIdx = 0; DataIdx < len; DataIdx++)
 216              		.loc 1 85 3 view .LVU42
 217              	.LVL13:
 218              		.loc 1 85 16 is_stmt 0 view .LVU43
 219 0006 0025     		movs	r5, #0
 220              		.loc 1 85 3 view .LVU44
 221 0008 04E0     		b	.L13
 222              	.LVL14:
 223              	.L14:
  86:src/syscalls.c ****   {
  87:src/syscalls.c ****     __io_putchar(*ptr++);
 224              		.loc 1 87 5 is_stmt 1 discriminator 3 view .LVU45
 225              		.loc 1 87 5 is_stmt 0 discriminator 3 view .LVU46
 226 000a 14F8010B 		ldrb	r0, [r4], #1	@ zero_extendqisi2
 227              	.LVL15:
 228              		.loc 1 87 5 discriminator 3 view .LVU47
 229 000e FFF7FEFF 		bl	__io_putchar
 230              	.LVL16:
  85:src/syscalls.c ****   {
 231              		.loc 1 85 36 is_stmt 1 discriminator 3 view .LVU48
  85:src/syscalls.c ****   {
 232              		.loc 1 85 43 is_stmt 0 discriminator 3 view .LVU49
 233 0012 0135     		adds	r5, r5, #1
 234              	.LVL17:
 235              	.L13:
  85:src/syscalls.c ****   {
 236              		.loc 1 85 21 is_stmt 1 discriminator 1 view .LVU50
  85:src/syscalls.c ****   {
 237              		.loc 1 85 3 is_stmt 0 discriminator 1 view .LVU51
 238 0014 B542     		cmp	r5, r6
 239 0016 F8DB     		blt	.L14
  88:src/syscalls.c ****   }
  89:src/syscalls.c ****   return len;
 240              		.loc 1 89 3 is_stmt 1 view .LVU52
  90:src/syscalls.c **** }
 241              		.loc 1 90 1 is_stmt 0 view .LVU53
 242 0018 3046     		mov	r0, r6
 243 001a 70BD     		pop	{r4, r5, r6, pc}
 244              		.loc 1 90 1 view .LVU54
 245              		.cfi_endproc
 246              	.LFE30:
 248              		.section	.text._close,"ax",%progbits
 249              		.align	1
 250              		.global	_close
 251              		.syntax unified
 252              		.thumb
 253              		.thumb_func
 255              	_close:
 256              	.LVL18:
 257              	.LFB31:
ARM GAS  C:\WINDOWS\cctVV0XF.s 			page 7


  91:src/syscalls.c **** 
  92:src/syscalls.c **** int _close(int file)
  93:src/syscalls.c **** {
 258              		.loc 1 93 1 is_stmt 1 view -0
 259              		.cfi_startproc
 260              		@ args = 0, pretend = 0, frame = 0
 261              		@ frame_needed = 0, uses_anonymous_args = 0
 262              		@ link register save eliminated.
  94:src/syscalls.c ****   (void)file;
 263              		.loc 1 94 3 view .LVU56
  95:src/syscalls.c ****   return -1;
 264              		.loc 1 95 3 view .LVU57
  96:src/syscalls.c **** }
 265              		.loc 1 96 1 is_stmt 0 view .LVU58
 266 0000 4FF0FF30 		mov	r0, #-1
 267              	.LVL19:
 268              		.loc 1 96 1 view .LVU59
 269 0004 7047     		bx	lr
 270              		.cfi_endproc
 271              	.LFE31:
 273              		.section	.text._fstat,"ax",%progbits
 274              		.align	1
 275              		.global	_fstat
 276              		.syntax unified
 277              		.thumb
 278              		.thumb_func
 280              	_fstat:
 281              	.LVL20:
 282              	.LFB32:
  97:src/syscalls.c **** 
  98:src/syscalls.c **** 
  99:src/syscalls.c **** int _fstat(int file, struct stat *st)
 100:src/syscalls.c **** {
 283              		.loc 1 100 1 is_stmt 1 view -0
 284              		.cfi_startproc
 285              		@ args = 0, pretend = 0, frame = 0
 286              		@ frame_needed = 0, uses_anonymous_args = 0
 287              		@ link register save eliminated.
 101:src/syscalls.c ****   (void)file;
 288              		.loc 1 101 3 view .LVU61
 102:src/syscalls.c ****   st->st_mode = S_IFCHR;
 289              		.loc 1 102 3 view .LVU62
 290              		.loc 1 102 15 is_stmt 0 view .LVU63
 291 0000 4FF40053 		mov	r3, #8192
 292 0004 4B60     		str	r3, [r1, #4]
 103:src/syscalls.c ****   return 0;
 293              		.loc 1 103 3 is_stmt 1 view .LVU64
 104:src/syscalls.c **** }
 294              		.loc 1 104 1 is_stmt 0 view .LVU65
 295 0006 0020     		movs	r0, #0
 296              	.LVL21:
 297              		.loc 1 104 1 view .LVU66
 298 0008 7047     		bx	lr
 299              		.cfi_endproc
 300              	.LFE32:
 302              		.section	.text._isatty,"ax",%progbits
 303              		.align	1
ARM GAS  C:\WINDOWS\cctVV0XF.s 			page 8


 304              		.global	_isatty
 305              		.syntax unified
 306              		.thumb
 307              		.thumb_func
 309              	_isatty:
 310              	.LVL22:
 311              	.LFB33:
 105:src/syscalls.c **** 
 106:src/syscalls.c **** int _isatty(int file)
 107:src/syscalls.c **** {
 312              		.loc 1 107 1 is_stmt 1 view -0
 313              		.cfi_startproc
 314              		@ args = 0, pretend = 0, frame = 0
 315              		@ frame_needed = 0, uses_anonymous_args = 0
 316              		@ link register save eliminated.
 108:src/syscalls.c ****   (void)file;
 317              		.loc 1 108 3 view .LVU68
 109:src/syscalls.c ****   return 1;
 318              		.loc 1 109 3 view .LVU69
 110:src/syscalls.c **** }
 319              		.loc 1 110 1 is_stmt 0 view .LVU70
 320 0000 0120     		movs	r0, #1
 321              	.LVL23:
 322              		.loc 1 110 1 view .LVU71
 323 0002 7047     		bx	lr
 324              		.cfi_endproc
 325              	.LFE33:
 327              		.section	.text._lseek,"ax",%progbits
 328              		.align	1
 329              		.global	_lseek
 330              		.syntax unified
 331              		.thumb
 332              		.thumb_func
 334              	_lseek:
 335              	.LVL24:
 336              	.LFB34:
 111:src/syscalls.c **** 
 112:src/syscalls.c **** int _lseek(int file, int ptr, int dir)
 113:src/syscalls.c **** {
 337              		.loc 1 113 1 is_stmt 1 view -0
 338              		.cfi_startproc
 339              		@ args = 0, pretend = 0, frame = 0
 340              		@ frame_needed = 0, uses_anonymous_args = 0
 341              		@ link register save eliminated.
 114:src/syscalls.c ****   (void)file;
 342              		.loc 1 114 3 view .LVU73
 115:src/syscalls.c ****   (void)ptr;
 343              		.loc 1 115 3 view .LVU74
 116:src/syscalls.c ****   (void)dir;
 344              		.loc 1 116 3 view .LVU75
 117:src/syscalls.c ****   return 0;
 345              		.loc 1 117 3 view .LVU76
 118:src/syscalls.c **** }
 346              		.loc 1 118 1 is_stmt 0 view .LVU77
 347 0000 0020     		movs	r0, #0
 348              	.LVL25:
 349              		.loc 1 118 1 view .LVU78
ARM GAS  C:\WINDOWS\cctVV0XF.s 			page 9


 350 0002 7047     		bx	lr
 351              		.cfi_endproc
 352              	.LFE34:
 354              		.section	.text._open,"ax",%progbits
 355              		.align	1
 356              		.global	_open
 357              		.syntax unified
 358              		.thumb
 359              		.thumb_func
 361              	_open:
 362              	.LVL26:
 363              	.LFB35:
 119:src/syscalls.c **** 
 120:src/syscalls.c **** int _open(char *path, int flags, ...)
 121:src/syscalls.c **** {
 364              		.loc 1 121 1 is_stmt 1 view -0
 365              		.cfi_startproc
 366              		@ args = 4, pretend = 12, frame = 0
 367              		@ frame_needed = 0, uses_anonymous_args = 1
 368              		@ link register save eliminated.
 369              		.loc 1 121 1 is_stmt 0 view .LVU80
 370 0000 0EB4     		push	{r1, r2, r3}
 371              	.LCFI4:
 372              		.cfi_def_cfa_offset 12
 373              		.cfi_offset 1, -12
 374              		.cfi_offset 2, -8
 375              		.cfi_offset 3, -4
 122:src/syscalls.c ****   (void)path;
 376              		.loc 1 122 3 is_stmt 1 view .LVU81
 123:src/syscalls.c ****   (void)flags;
 377              		.loc 1 123 3 view .LVU82
 124:src/syscalls.c ****   /* Pretend like we always fail */
 125:src/syscalls.c ****   return -1;
 378              		.loc 1 125 3 view .LVU83
 126:src/syscalls.c **** }
 379              		.loc 1 126 1 is_stmt 0 view .LVU84
 380 0002 4FF0FF30 		mov	r0, #-1
 381              	.LVL27:
 382              		.loc 1 126 1 view .LVU85
 383 0006 03B0     		add	sp, sp, #12
 384              	.LCFI5:
 385              		.cfi_restore 3
 386              		.cfi_restore 2
 387              		.cfi_restore 1
 388              		.cfi_def_cfa_offset 0
 389 0008 7047     		bx	lr
 390              		.cfi_endproc
 391              	.LFE35:
 393              		.section	.text._wait,"ax",%progbits
 394              		.align	1
 395              		.global	_wait
 396              		.syntax unified
 397              		.thumb
 398              		.thumb_func
 400              	_wait:
 401              	.LVL28:
 402              	.LFB36:
ARM GAS  C:\WINDOWS\cctVV0XF.s 			page 10


 127:src/syscalls.c **** 
 128:src/syscalls.c **** int _wait(int *status)
 129:src/syscalls.c **** {
 403              		.loc 1 129 1 is_stmt 1 view -0
 404              		.cfi_startproc
 405              		@ args = 0, pretend = 0, frame = 0
 406              		@ frame_needed = 0, uses_anonymous_args = 0
 407              		.loc 1 129 1 is_stmt 0 view .LVU87
 408 0000 08B5     		push	{r3, lr}
 409              	.LCFI6:
 410              		.cfi_def_cfa_offset 8
 411              		.cfi_offset 3, -8
 412              		.cfi_offset 14, -4
 130:src/syscalls.c ****   (void)status;
 413              		.loc 1 130 3 is_stmt 1 view .LVU88
 131:src/syscalls.c ****   errno = ECHILD;
 414              		.loc 1 131 3 view .LVU89
 415 0002 FFF7FEFF 		bl	__errno
 416              	.LVL29:
 417              		.loc 1 131 9 is_stmt 0 view .LVU90
 418 0006 0A23     		movs	r3, #10
 419 0008 0360     		str	r3, [r0]
 132:src/syscalls.c ****   return -1;
 420              		.loc 1 132 3 is_stmt 1 view .LVU91
 133:src/syscalls.c **** }
 421              		.loc 1 133 1 is_stmt 0 view .LVU92
 422 000a 4FF0FF30 		mov	r0, #-1
 423 000e 08BD     		pop	{r3, pc}
 424              		.cfi_endproc
 425              	.LFE36:
 427              		.section	.text._unlink,"ax",%progbits
 428              		.align	1
 429              		.global	_unlink
 430              		.syntax unified
 431              		.thumb
 432              		.thumb_func
 434              	_unlink:
 435              	.LVL30:
 436              	.LFB37:
 134:src/syscalls.c **** 
 135:src/syscalls.c **** int _unlink(char *name)
 136:src/syscalls.c **** {
 437              		.loc 1 136 1 is_stmt 1 view -0
 438              		.cfi_startproc
 439              		@ args = 0, pretend = 0, frame = 0
 440              		@ frame_needed = 0, uses_anonymous_args = 0
 441              		.loc 1 136 1 is_stmt 0 view .LVU94
 442 0000 08B5     		push	{r3, lr}
 443              	.LCFI7:
 444              		.cfi_def_cfa_offset 8
 445              		.cfi_offset 3, -8
 446              		.cfi_offset 14, -4
 137:src/syscalls.c ****   (void)name;
 447              		.loc 1 137 3 is_stmt 1 view .LVU95
 138:src/syscalls.c ****   errno = ENOENT;
 448              		.loc 1 138 3 view .LVU96
 449 0002 FFF7FEFF 		bl	__errno
ARM GAS  C:\WINDOWS\cctVV0XF.s 			page 11


 450              	.LVL31:
 451              		.loc 1 138 9 is_stmt 0 view .LVU97
 452 0006 0223     		movs	r3, #2
 453 0008 0360     		str	r3, [r0]
 139:src/syscalls.c ****   return -1;
 454              		.loc 1 139 3 is_stmt 1 view .LVU98
 140:src/syscalls.c **** }
 455              		.loc 1 140 1 is_stmt 0 view .LVU99
 456 000a 4FF0FF30 		mov	r0, #-1
 457 000e 08BD     		pop	{r3, pc}
 458              		.cfi_endproc
 459              	.LFE37:
 461              		.section	.text._times,"ax",%progbits
 462              		.align	1
 463              		.global	_times
 464              		.syntax unified
 465              		.thumb
 466              		.thumb_func
 468              	_times:
 469              	.LVL32:
 470              	.LFB38:
 141:src/syscalls.c **** 
 142:src/syscalls.c **** clock_t _times(struct tms *buf)
 143:src/syscalls.c **** {
 471              		.loc 1 143 1 is_stmt 1 view -0
 472              		.cfi_startproc
 473              		@ args = 0, pretend = 0, frame = 0
 474              		@ frame_needed = 0, uses_anonymous_args = 0
 475              		@ link register save eliminated.
 144:src/syscalls.c ****   (void)buf;
 476              		.loc 1 144 3 view .LVU101
 145:src/syscalls.c ****   return -1;
 477              		.loc 1 145 3 view .LVU102
 146:src/syscalls.c **** }
 478              		.loc 1 146 1 is_stmt 0 view .LVU103
 479 0000 4FF0FF30 		mov	r0, #-1
 480              	.LVL33:
 481              		.loc 1 146 1 view .LVU104
 482 0004 7047     		bx	lr
 483              		.cfi_endproc
 484              	.LFE38:
 486              		.section	.text._stat,"ax",%progbits
 487              		.align	1
 488              		.global	_stat
 489              		.syntax unified
 490              		.thumb
 491              		.thumb_func
 493              	_stat:
 494              	.LVL34:
 495              	.LFB39:
 147:src/syscalls.c **** 
 148:src/syscalls.c **** int _stat(const char *file, struct stat *st)
 149:src/syscalls.c **** {
 496              		.loc 1 149 1 is_stmt 1 view -0
 497              		.cfi_startproc
 498              		@ args = 0, pretend = 0, frame = 0
 499              		@ frame_needed = 0, uses_anonymous_args = 0
ARM GAS  C:\WINDOWS\cctVV0XF.s 			page 12


 500              		@ link register save eliminated.
 150:src/syscalls.c ****   (void)file;
 501              		.loc 1 150 3 view .LVU106
 151:src/syscalls.c ****   st->st_mode = S_IFCHR;
 502              		.loc 1 151 3 view .LVU107
 503              		.loc 1 151 15 is_stmt 0 view .LVU108
 504 0000 4FF40053 		mov	r3, #8192
 505 0004 4B60     		str	r3, [r1, #4]
 152:src/syscalls.c ****   return 0;
 506              		.loc 1 152 3 is_stmt 1 view .LVU109
 153:src/syscalls.c **** }
 507              		.loc 1 153 1 is_stmt 0 view .LVU110
 508 0006 0020     		movs	r0, #0
 509              	.LVL35:
 510              		.loc 1 153 1 view .LVU111
 511 0008 7047     		bx	lr
 512              		.cfi_endproc
 513              	.LFE39:
 515              		.section	.text._link,"ax",%progbits
 516              		.align	1
 517              		.global	_link
 518              		.syntax unified
 519              		.thumb
 520              		.thumb_func
 522              	_link:
 523              	.LVL36:
 524              	.LFB40:
 154:src/syscalls.c **** 
 155:src/syscalls.c **** int _link(char *old, char *new)
 156:src/syscalls.c **** {
 525              		.loc 1 156 1 is_stmt 1 view -0
 526              		.cfi_startproc
 527              		@ args = 0, pretend = 0, frame = 0
 528              		@ frame_needed = 0, uses_anonymous_args = 0
 529              		.loc 1 156 1 is_stmt 0 view .LVU113
 530 0000 08B5     		push	{r3, lr}
 531              	.LCFI8:
 532              		.cfi_def_cfa_offset 8
 533              		.cfi_offset 3, -8
 534              		.cfi_offset 14, -4
 157:src/syscalls.c ****   (void)old;
 535              		.loc 1 157 3 is_stmt 1 view .LVU114
 158:src/syscalls.c ****   (void)new;
 536              		.loc 1 158 3 view .LVU115
 159:src/syscalls.c ****   errno = EMLINK;
 537              		.loc 1 159 3 view .LVU116
 538 0002 FFF7FEFF 		bl	__errno
 539              	.LVL37:
 540              		.loc 1 159 9 is_stmt 0 view .LVU117
 541 0006 1F23     		movs	r3, #31
 542 0008 0360     		str	r3, [r0]
 160:src/syscalls.c ****   return -1;
 543              		.loc 1 160 3 is_stmt 1 view .LVU118
 161:src/syscalls.c **** }
 544              		.loc 1 161 1 is_stmt 0 view .LVU119
 545 000a 4FF0FF30 		mov	r0, #-1
 546 000e 08BD     		pop	{r3, pc}
ARM GAS  C:\WINDOWS\cctVV0XF.s 			page 13


 547              		.cfi_endproc
 548              	.LFE40:
 550              		.section	.text._fork,"ax",%progbits
 551              		.align	1
 552              		.global	_fork
 553              		.syntax unified
 554              		.thumb
 555              		.thumb_func
 557              	_fork:
 558              	.LFB41:
 162:src/syscalls.c **** 
 163:src/syscalls.c **** int _fork(void)
 164:src/syscalls.c **** {
 559              		.loc 1 164 1 is_stmt 1 view -0
 560              		.cfi_startproc
 561              		@ args = 0, pretend = 0, frame = 0
 562              		@ frame_needed = 0, uses_anonymous_args = 0
 563 0000 08B5     		push	{r3, lr}
 564              	.LCFI9:
 565              		.cfi_def_cfa_offset 8
 566              		.cfi_offset 3, -8
 567              		.cfi_offset 14, -4
 165:src/syscalls.c ****   errno = EAGAIN;
 568              		.loc 1 165 3 view .LVU121
 569 0002 FFF7FEFF 		bl	__errno
 570              	.LVL38:
 571              		.loc 1 165 9 is_stmt 0 view .LVU122
 572 0006 0B23     		movs	r3, #11
 573 0008 0360     		str	r3, [r0]
 166:src/syscalls.c ****   return -1;
 574              		.loc 1 166 3 is_stmt 1 view .LVU123
 167:src/syscalls.c **** }
 575              		.loc 1 167 1 is_stmt 0 view .LVU124
 576 000a 4FF0FF30 		mov	r0, #-1
 577 000e 08BD     		pop	{r3, pc}
 578              		.cfi_endproc
 579              	.LFE41:
 581              		.section	.text._execve,"ax",%progbits
 582              		.align	1
 583              		.global	_execve
 584              		.syntax unified
 585              		.thumb
 586              		.thumb_func
 588              	_execve:
 589              	.LVL39:
 590              	.LFB42:
 168:src/syscalls.c **** 
 169:src/syscalls.c **** int _execve(char *name, char **argv, char **env)
 170:src/syscalls.c **** {
 591              		.loc 1 170 1 is_stmt 1 view -0
 592              		.cfi_startproc
 593              		@ args = 0, pretend = 0, frame = 0
 594              		@ frame_needed = 0, uses_anonymous_args = 0
 595              		.loc 1 170 1 is_stmt 0 view .LVU126
 596 0000 08B5     		push	{r3, lr}
 597              	.LCFI10:
 598              		.cfi_def_cfa_offset 8
ARM GAS  C:\WINDOWS\cctVV0XF.s 			page 14


 599              		.cfi_offset 3, -8
 600              		.cfi_offset 14, -4
 171:src/syscalls.c ****   (void)name;
 601              		.loc 1 171 3 is_stmt 1 view .LVU127
 172:src/syscalls.c ****   (void)argv;
 602              		.loc 1 172 3 view .LVU128
 173:src/syscalls.c ****   (void)env;
 603              		.loc 1 173 3 view .LVU129
 174:src/syscalls.c ****   errno = ENOMEM;
 604              		.loc 1 174 3 view .LVU130
 605 0002 FFF7FEFF 		bl	__errno
 606              	.LVL40:
 607              		.loc 1 174 9 is_stmt 0 view .LVU131
 608 0006 0C23     		movs	r3, #12
 609 0008 0360     		str	r3, [r0]
 175:src/syscalls.c ****   return -1;
 610              		.loc 1 175 3 is_stmt 1 view .LVU132
 176:src/syscalls.c **** }
 611              		.loc 1 176 1 is_stmt 0 view .LVU133
 612 000a 4FF0FF30 		mov	r0, #-1
 613 000e 08BD     		pop	{r3, pc}
 614              		.cfi_endproc
 615              	.LFE42:
 617              		.global	environ
 618              		.global	__env
 619              		.section	.bss.__env,"aw",%nobits
 620              		.align	2
 623              	__env:
 624 0000 00000000 		.space	4
 625              		.section	.data.environ,"aw"
 626              		.align	2
 629              	environ:
 630 0000 00000000 		.word	__env
 631              		.weak	__io_putchar
 632              		.weak	__io_getchar
 633              		.text
 634              	.Letext0:
 635              		.file 2 "d:\\stm32\\environment\\gcc-arm-none-eabi-10.3-2021.10\\arm-none-eabi\\include\\machine\\
 636              		.file 3 "d:\\stm32\\environment\\gcc-arm-none-eabi-10.3-2021.10\\arm-none-eabi\\include\\sys\\_typ
 637              		.file 4 "d:\\stm32\\environment\\gcc-arm-none-eabi-10.3-2021.10\\arm-none-eabi\\include\\sys\\_tim
 638              		.file 5 "d:\\stm32\\environment\\gcc-arm-none-eabi-10.3-2021.10\\arm-none-eabi\\include\\sys\\_tim
 639              		.file 6 "d:\\stm32\\environment\\gcc-arm-none-eabi-10.3-2021.10\\arm-none-eabi\\include\\sys\\type
 640              		.file 7 "d:\\stm32\\environment\\gcc-arm-none-eabi-10.3-2021.10\\arm-none-eabi\\include\\sys\\stat
 641              		.file 8 "d:\\stm32\\environment\\gcc-arm-none-eabi-10.3-2021.10\\arm-none-eabi\\include\\sys\\time
 642              		.file 9 "d:\\stm32\\environment\\gcc-arm-none-eabi-10.3-2021.10\\arm-none-eabi\\include\\sys\\errn
ARM GAS  C:\WINDOWS\cctVV0XF.s 			page 15


DEFINED SYMBOLS
                            *ABS*:00000000 syscalls.c
C:\WINDOWS\cctVV0XF.s:18     .text.initialise_monitor_handles:00000000 $t
C:\WINDOWS\cctVV0XF.s:24     .text.initialise_monitor_handles:00000000 initialise_monitor_handles
C:\WINDOWS\cctVV0XF.s:38     .text._getpid:00000000 $t
C:\WINDOWS\cctVV0XF.s:44     .text._getpid:00000000 _getpid
C:\WINDOWS\cctVV0XF.s:59     .text._kill:00000000 $t
C:\WINDOWS\cctVV0XF.s:65     .text._kill:00000000 _kill
C:\WINDOWS\cctVV0XF.s:94     .text._exit:00000000 $t
C:\WINDOWS\cctVV0XF.s:100    .text._exit:00000000 _exit
C:\WINDOWS\cctVV0XF.s:127    .text._read:00000000 $t
C:\WINDOWS\cctVV0XF.s:133    .text._read:00000000 _read
C:\WINDOWS\cctVV0XF.s:191    .text._write:00000000 $t
C:\WINDOWS\cctVV0XF.s:197    .text._write:00000000 _write
C:\WINDOWS\cctVV0XF.s:249    .text._close:00000000 $t
C:\WINDOWS\cctVV0XF.s:255    .text._close:00000000 _close
C:\WINDOWS\cctVV0XF.s:274    .text._fstat:00000000 $t
C:\WINDOWS\cctVV0XF.s:280    .text._fstat:00000000 _fstat
C:\WINDOWS\cctVV0XF.s:303    .text._isatty:00000000 $t
C:\WINDOWS\cctVV0XF.s:309    .text._isatty:00000000 _isatty
C:\WINDOWS\cctVV0XF.s:328    .text._lseek:00000000 $t
C:\WINDOWS\cctVV0XF.s:334    .text._lseek:00000000 _lseek
C:\WINDOWS\cctVV0XF.s:355    .text._open:00000000 $t
C:\WINDOWS\cctVV0XF.s:361    .text._open:00000000 _open
C:\WINDOWS\cctVV0XF.s:394    .text._wait:00000000 $t
C:\WINDOWS\cctVV0XF.s:400    .text._wait:00000000 _wait
C:\WINDOWS\cctVV0XF.s:428    .text._unlink:00000000 $t
C:\WINDOWS\cctVV0XF.s:434    .text._unlink:00000000 _unlink
C:\WINDOWS\cctVV0XF.s:462    .text._times:00000000 $t
C:\WINDOWS\cctVV0XF.s:468    .text._times:00000000 _times
C:\WINDOWS\cctVV0XF.s:487    .text._stat:00000000 $t
C:\WINDOWS\cctVV0XF.s:493    .text._stat:00000000 _stat
C:\WINDOWS\cctVV0XF.s:516    .text._link:00000000 $t
C:\WINDOWS\cctVV0XF.s:522    .text._link:00000000 _link
C:\WINDOWS\cctVV0XF.s:551    .text._fork:00000000 $t
C:\WINDOWS\cctVV0XF.s:557    .text._fork:00000000 _fork
C:\WINDOWS\cctVV0XF.s:582    .text._execve:00000000 $t
C:\WINDOWS\cctVV0XF.s:588    .text._execve:00000000 _execve
C:\WINDOWS\cctVV0XF.s:629    .data.environ:00000000 environ
C:\WINDOWS\cctVV0XF.s:623    .bss.__env:00000000 __env
C:\WINDOWS\cctVV0XF.s:620    .bss.__env:00000000 $d
C:\WINDOWS\cctVV0XF.s:626    .data.environ:00000000 $d

UNDEFINED SYMBOLS
__errno
__io_getchar
__io_putchar
