ARM GAS  C:\WINDOWS\ccboGSLy.s 			page 1


   1              		.cpu cortex-m3
   2              		.arch armv7-m
   3              		.fpu softvfp
   4              		.eabi_attribute 20, 1
   5              		.eabi_attribute 21, 1
   6              		.eabi_attribute 23, 3
   7              		.eabi_attribute 24, 1
   8              		.eabi_attribute 25, 1
   9              		.eabi_attribute 26, 1
  10              		.eabi_attribute 30, 1
  11              		.eabi_attribute 34, 1
  12              		.eabi_attribute 18, 4
  13              		.file	"sysmem.c"
  14              		.text
  15              	.Ltext0:
  16              		.cfi_sections	.debug_frame
  17              		.section	.text._sbrk,"ax",%progbits
  18              		.align	1
  19              		.global	_sbrk
  20              		.syntax unified
  21              		.thumb
  22              		.thumb_func
  24              	_sbrk:
  25              	.LVL0:
  26              	.LFB0:
  27              		.file 1 "src/sysmem.c"
   1:src/sysmem.c  **** /**
   2:src/sysmem.c  ****  ******************************************************************************
   3:src/sysmem.c  ****  * @file      sysmem.c
   4:src/sysmem.c  ****  * @author    Generated by STM32CubeMX
   5:src/sysmem.c  ****  * @brief     System Memory calls file
   6:src/sysmem.c  ****  *
   7:src/sysmem.c  ****  *            For more information about which C functions
   8:src/sysmem.c  ****  *            need which of these lowlevel functions
   9:src/sysmem.c  ****  *            please consult the Newlib or Picolibc libc manual
  10:src/sysmem.c  ****  ******************************************************************************
  11:src/sysmem.c  ****  * @attention
  12:src/sysmem.c  ****  *
  13:src/sysmem.c  ****  * Copyright (c) 2025 STMicroelectronics.
  14:src/sysmem.c  ****  * All rights reserved.
  15:src/sysmem.c  ****  *
  16:src/sysmem.c  ****  * This software is licensed under terms that can be found in the LICENSE file
  17:src/sysmem.c  ****  * in the root directory of this software component.
  18:src/sysmem.c  ****  * If no LICENSE file comes with this software, it is provided AS-IS.
  19:src/sysmem.c  ****  *
  20:src/sysmem.c  ****  ******************************************************************************
  21:src/sysmem.c  ****  */
  22:src/sysmem.c  **** 
  23:src/sysmem.c  **** /* Includes */
  24:src/sysmem.c  **** #include <errno.h>
  25:src/sysmem.c  **** #include <stdint.h>
  26:src/sysmem.c  **** #include <stddef.h>
  27:src/sysmem.c  **** 
  28:src/sysmem.c  **** /**
  29:src/sysmem.c  ****  * Pointer to the current high watermark of the heap usage
  30:src/sysmem.c  ****  */
  31:src/sysmem.c  **** static uint8_t *__sbrk_heap_end = NULL;
ARM GAS  C:\WINDOWS\ccboGSLy.s 			page 2


  32:src/sysmem.c  **** 
  33:src/sysmem.c  **** /**
  34:src/sysmem.c  ****  * @brief _sbrk() allocates memory to the newlib heap and is used by malloc
  35:src/sysmem.c  ****  *        and others from the C library
  36:src/sysmem.c  ****  *
  37:src/sysmem.c  ****  * @verbatim
  38:src/sysmem.c  ****  * ############################################################################
  39:src/sysmem.c  ****  * #  .data  #  .bss  #       newlib heap       #          MSP stack          #
  40:src/sysmem.c  ****  * #         #        #                         # Reserved by _Min_Stack_Size #
  41:src/sysmem.c  ****  * ############################################################################
  42:src/sysmem.c  ****  * ^-- RAM start      ^-- _end                             _estack, RAM end --^
  43:src/sysmem.c  ****  * @endverbatim
  44:src/sysmem.c  ****  *
  45:src/sysmem.c  ****  * This implementation starts allocating at the '_end' linker symbol
  46:src/sysmem.c  ****  * The '_Min_Stack_Size' linker symbol reserves a memory for the MSP stack
  47:src/sysmem.c  ****  * The implementation considers '_estack' linker symbol to be RAM end
  48:src/sysmem.c  ****  * NOTE: If the MSP stack, at any point during execution, grows larger than the
  49:src/sysmem.c  ****  * reserved size, please increase the '_Min_Stack_Size'.
  50:src/sysmem.c  ****  *
  51:src/sysmem.c  ****  * @param incr Memory size
  52:src/sysmem.c  ****  * @return Pointer to allocated memory
  53:src/sysmem.c  ****  */
  54:src/sysmem.c  **** void *_sbrk(ptrdiff_t incr)
  55:src/sysmem.c  **** {
  28              		.loc 1 55 1 view -0
  29              		.cfi_startproc
  30              		@ args = 0, pretend = 0, frame = 0
  31              		@ frame_needed = 0, uses_anonymous_args = 0
  32              		.loc 1 55 1 is_stmt 0 view .LVU1
  33 0000 10B5     		push	{r4, lr}
  34              	.LCFI0:
  35              		.cfi_def_cfa_offset 8
  36              		.cfi_offset 4, -8
  37              		.cfi_offset 14, -4
  38 0002 0346     		mov	r3, r0
  56:src/sysmem.c  ****   extern uint8_t _end; /* Symbol defined in the linker script */
  39              		.loc 1 56 3 is_stmt 1 view .LVU2
  57:src/sysmem.c  ****   extern uint8_t _estack; /* Symbol defined in the linker script */
  40              		.loc 1 57 3 view .LVU3
  58:src/sysmem.c  ****   extern uint32_t _Min_Stack_Size; /* Symbol defined in the linker script */
  41              		.loc 1 58 3 view .LVU4
  59:src/sysmem.c  ****   const uint32_t stack_limit = (uint32_t)&_estack - (uint32_t)&_Min_Stack_Size;
  42              		.loc 1 59 3 view .LVU5
  43              		.loc 1 59 18 is_stmt 0 view .LVU6
  44 0004 0C4A     		ldr	r2, .L8
  45 0006 0D49     		ldr	r1, .L8+4
  60:src/sysmem.c  ****   const uint8_t *max_heap = (uint8_t *)stack_limit;
  46              		.loc 1 60 3 is_stmt 1 view .LVU7
  47              	.LVL1:
  61:src/sysmem.c  ****   uint8_t *prev_heap_end;
  48              		.loc 1 61 3 view .LVU8
  62:src/sysmem.c  **** 
  63:src/sysmem.c  ****   /* Initialize heap end at first call */
  64:src/sysmem.c  ****   if (NULL == __sbrk_heap_end)
  49              		.loc 1 64 3 view .LVU9
  50              		.loc 1 64 12 is_stmt 0 view .LVU10
  51 0008 0D48     		ldr	r0, .L8+8
ARM GAS  C:\WINDOWS\ccboGSLy.s 			page 3


  52              	.LVL2:
  53              		.loc 1 64 12 view .LVU11
  54 000a 0068     		ldr	r0, [r0]
  55              		.loc 1 64 6 view .LVU12
  56 000c 40B1     		cbz	r0, .L6
  57              	.L2:
  65:src/sysmem.c  ****   {
  66:src/sysmem.c  ****     __sbrk_heap_end = &_end;
  67:src/sysmem.c  ****   }
  68:src/sysmem.c  **** 
  69:src/sysmem.c  ****   /* Protect heap from growing into the reserved MSP stack */
  70:src/sysmem.c  ****   if (__sbrk_heap_end + incr > max_heap)
  58              		.loc 1 70 3 is_stmt 1 view .LVU13
  59              		.loc 1 70 23 is_stmt 0 view .LVU14
  60 000e 0C48     		ldr	r0, .L8+8
  61 0010 0068     		ldr	r0, [r0]
  62 0012 0344     		add	r3, r3, r0
  63              	.LVL3:
  64              		.loc 1 70 6 view .LVU15
  65 0014 521A     		subs	r2, r2, r1
  66 0016 9342     		cmp	r3, r2
  67 0018 06D8     		bhi	.L7
  71:src/sysmem.c  ****   {
  72:src/sysmem.c  ****     errno = ENOMEM;
  73:src/sysmem.c  ****     return (void *)-1;
  74:src/sysmem.c  ****   }
  75:src/sysmem.c  **** 
  76:src/sysmem.c  ****   prev_heap_end = __sbrk_heap_end;
  68              		.loc 1 76 3 is_stmt 1 view .LVU16
  69              	.LVL4:
  77:src/sysmem.c  ****   __sbrk_heap_end += incr;
  70              		.loc 1 77 3 view .LVU17
  71              		.loc 1 77 19 is_stmt 0 view .LVU18
  72 001a 094A     		ldr	r2, .L8+8
  73 001c 1360     		str	r3, [r2]
  78:src/sysmem.c  **** 
  79:src/sysmem.c  ****   return (void *)prev_heap_end;
  74              		.loc 1 79 3 is_stmt 1 view .LVU19
  75              	.LVL5:
  76              	.L1:
  80:src/sysmem.c  **** }
  77              		.loc 1 80 1 is_stmt 0 view .LVU20
  78 001e 10BD     		pop	{r4, pc}
  79              	.LVL6:
  80              	.L6:
  66:src/sysmem.c  ****   }
  81              		.loc 1 66 5 is_stmt 1 view .LVU21
  66:src/sysmem.c  ****   }
  82              		.loc 1 66 21 is_stmt 0 view .LVU22
  83 0020 0748     		ldr	r0, .L8+8
  84 0022 084C     		ldr	r4, .L8+12
  85 0024 0460     		str	r4, [r0]
  86 0026 F2E7     		b	.L2
  87              	.LVL7:
  88              	.L7:
  72:src/sysmem.c  ****     return (void *)-1;
  89              		.loc 1 72 5 is_stmt 1 view .LVU23
ARM GAS  C:\WINDOWS\ccboGSLy.s 			page 4


  90 0028 FFF7FEFF 		bl	__errno
  91              	.LVL8:
  72:src/sysmem.c  ****     return (void *)-1;
  92              		.loc 1 72 11 is_stmt 0 view .LVU24
  93 002c 0C23     		movs	r3, #12
  94 002e 0360     		str	r3, [r0]
  73:src/sysmem.c  ****   }
  95              		.loc 1 73 5 is_stmt 1 view .LVU25
  73:src/sysmem.c  ****   }
  96              		.loc 1 73 12 is_stmt 0 view .LVU26
  97 0030 4FF0FF30 		mov	r0, #-1
  98 0034 F3E7     		b	.L1
  99              	.L9:
 100 0036 00BF     		.align	2
 101              	.L8:
 102 0038 00000000 		.word	_estack
 103 003c 00000000 		.word	_Min_Stack_Size
 104 0040 00000000 		.word	.LANCHOR0
 105 0044 00000000 		.word	_end
 106              		.cfi_endproc
 107              	.LFE0:
 109              		.section	.bss.__sbrk_heap_end,"aw",%nobits
 110              		.align	2
 111              		.set	.LANCHOR0,. + 0
 114              	__sbrk_heap_end:
 115 0000 00000000 		.space	4
 116              		.text
 117              	.Letext0:
 118              		.file 2 "d:\\stm32\\environment\\gcc-arm-none-eabi-10.3-2021.10\\lib\\gcc\\arm-none-eabi\\10.3.1\\
 119              		.file 3 "d:\\stm32\\environment\\gcc-arm-none-eabi-10.3-2021.10\\arm-none-eabi\\include\\machine\\
 120              		.file 4 "d:\\stm32\\environment\\gcc-arm-none-eabi-10.3-2021.10\\arm-none-eabi\\include\\sys\\_std
 121              		.file 5 "d:\\stm32\\environment\\gcc-arm-none-eabi-10.3-2021.10\\arm-none-eabi\\include\\sys\\errn
ARM GAS  C:\WINDOWS\ccboGSLy.s 			page 5


DEFINED SYMBOLS
                            *ABS*:00000000 sysmem.c
C:\WINDOWS\ccboGSLy.s:18     .text._sbrk:00000000 $t
C:\WINDOWS\ccboGSLy.s:24     .text._sbrk:00000000 _sbrk
C:\WINDOWS\ccboGSLy.s:102    .text._sbrk:00000038 $d
C:\WINDOWS\ccboGSLy.s:110    .bss.__sbrk_heap_end:00000000 $d
C:\WINDOWS\ccboGSLy.s:114    .bss.__sbrk_heap_end:00000000 __sbrk_heap_end

UNDEFINED SYMBOLS
__errno
_estack
_Min_Stack_Size
_end
